1,036,301
16,116
721
918
944
789
934
724
799
931
797
903
73,625
2,844
1,778
798
1,063
701
973
1,067
1,144
1,025
1,026
1,086
1,063
1,066
1,051
1,146
1,478
1,203
891
1,225
975
1,208
1,181
1,156
1,105
1,044
1,035
1,081
988
1,033
993
1,544
953
989
829
1,111
981
995
932
912
828
1,045
971
955
985
1,553
1,126
995
840
765
708
924
797
972
905
632
858
591
976
902
1,328
682
630
660
886
802
774
664
696
831
897
888
732
978
926
1,184
664
685
849
822
928
950
1,479
911
707
816
772
767
709
1,710
1,177
1,197
994
1,085
871
895
722
683
754
929
705
719
899
989
1,456
784
722
713
976
810
983
757
755
789
724
716
727
909
742
1,360
781
780
976
705
894
943
859
1,007
712
749
660
899
920
772
1,434
685
681
788
869
806
777
1,535
705
899
1,031
1,014
984
1,041
1,568
991
830
776
735
763
736
751
709
678
5,629
172,878
