
 Performance counter stats for process id '62213':

       807,310,760 L1-dcache-loads                                              [100.00%]
        20,413,638 L1-dcache-load-misses     #    2.53% of all L1-dcache hits  

       1.000624016 seconds time elapsed


 Performance counter stats for process id '62213':

        73,092,160 L1-dcache-loads                                              [100.00%]
         1,970,376 L1-dcache-load-misses     #    2.70% of all L1-dcache hits  

       1.000648487 seconds time elapsed


 Performance counter stats for process id '62213':

           429,092 L1-dcache-loads                                             
            48,494 L1-dcache-load-misses     #   11.30% of all L1-dcache hits  

       1.000621943 seconds time elapsed


 Performance counter stats for process id '62213':

           535,194 L1-dcache-loads                                             
            60,628 L1-dcache-load-misses     #   11.33% of all L1-dcache hits  

       1.000642644 seconds time elapsed


 Performance counter stats for process id '62213':

           535,950 L1-dcache-loads                                             
            61,709 L1-dcache-load-misses     #   11.51% of all L1-dcache hits  

       1.000750321 seconds time elapsed


 Performance counter stats for process id '62213':

           485,660 L1-dcache-loads                                             
            55,030 L1-dcache-load-misses     #   11.33% of all L1-dcache hits  

       1.000881334 seconds time elapsed


 Performance counter stats for process id '62213':

           503,500 L1-dcache-loads                                             
            57,403 L1-dcache-load-misses     #   11.40% of all L1-dcache hits  

       1.000634173 seconds time elapsed


 Performance counter stats for process id '62213':

           500,792 L1-dcache-loads                                             
            57,083 L1-dcache-load-misses     #   11.40% of all L1-dcache hits  

       1.000803296 seconds time elapsed


 Performance counter stats for process id '62213':

           506,108 L1-dcache-loads                                             
            57,588 L1-dcache-load-misses     #   11.38% of all L1-dcache hits  

       1.000637331 seconds time elapsed


 Performance counter stats for process id '62213':

       517,824,718 L1-dcache-loads                                             
        39,954,135 L1-dcache-load-misses     #    7.72% of all L1-dcache hits  

       1.000695486 seconds time elapsed


 Performance counter stats for process id '62213':

           555,271 L1-dcache-loads                                             
            63,595 L1-dcache-load-misses     #   11.45% of all L1-dcache hits  

       1.000676363 seconds time elapsed


 Performance counter stats for process id '62213':

         2,462,344 L1-dcache-loads                                             
           455,905 L1-dcache-load-misses     #   18.52% of all L1-dcache hits  

       1.000649955 seconds time elapsed


 Performance counter stats for process id '62213':

           519,371 L1-dcache-loads                                             
            61,128 L1-dcache-load-misses     #   11.77% of all L1-dcache hits  

       1.000660514 seconds time elapsed


 Performance counter stats for process id '62213':

           591,607 L1-dcache-loads                                             
            68,602 L1-dcache-load-misses     #   11.60% of all L1-dcache hits  

       1.000656586 seconds time elapsed


 Performance counter stats for process id '62213':

           504,893 L1-dcache-loads                                             
            57,258 L1-dcache-load-misses     #   11.34% of all L1-dcache hits  

       1.000741577 seconds time elapsed


 Performance counter stats for process id '62213':

           523,784 L1-dcache-loads                                             
            60,585 L1-dcache-load-misses     #   11.57% of all L1-dcache hits  

       1.000689799 seconds time elapsed


 Performance counter stats for process id '62213':

           747,295 L1-dcache-loads                                             
           114,285 L1-dcache-load-misses     #   15.29% of all L1-dcache hits  

       1.000698079 seconds time elapsed


 Performance counter stats for process id '62213':

           476,163 L1-dcache-loads                                             
            55,803 L1-dcache-load-misses     #   11.72% of all L1-dcache hits  

       1.000645521 seconds time elapsed


 Performance counter stats for process id '62213':

           564,170 L1-dcache-loads                                             
            65,501 L1-dcache-load-misses     #   11.61% of all L1-dcache hits  

       1.000667422 seconds time elapsed


 Performance counter stats for process id '62213':

           485,608 L1-dcache-loads                                             
            56,330 L1-dcache-load-misses     #   11.60% of all L1-dcache hits  

       1.000623678 seconds time elapsed


 Performance counter stats for process id '62213':

           556,040 L1-dcache-loads                                             
            64,537 L1-dcache-load-misses     #   11.61% of all L1-dcache hits  

       1.000672302 seconds time elapsed


 Performance counter stats for process id '62213':

           491,146 L1-dcache-loads                                             
            57,688 L1-dcache-load-misses     #   11.75% of all L1-dcache hits  

       1.000688823 seconds time elapsed


 Performance counter stats for process id '62213':

           608,735 L1-dcache-loads                                             
            72,737 L1-dcache-load-misses     #   11.95% of all L1-dcache hits  

       1.000708783 seconds time elapsed


 Performance counter stats for process id '62213':

           438,182 L1-dcache-loads                                             
            50,270 L1-dcache-load-misses     #   11.47% of all L1-dcache hits  

       1.000826974 seconds time elapsed


 Performance counter stats for process id '62213':

           584,312 L1-dcache-loads                                             
            67,579 L1-dcache-load-misses     #   11.57% of all L1-dcache hits  

       1.000701308 seconds time elapsed


 Performance counter stats for process id '62213':

           456,676 L1-dcache-loads                                             
            52,488 L1-dcache-load-misses     #   11.49% of all L1-dcache hits  

       1.000657062 seconds time elapsed


 Performance counter stats for process id '62213':

           588,771 L1-dcache-loads                                             
            70,001 L1-dcache-load-misses     #   11.89% of all L1-dcache hits  

       1.000649392 seconds time elapsed


 Performance counter stats for process id '62213':

           471,488 L1-dcache-loads                                             
            53,515 L1-dcache-load-misses     #   11.35% of all L1-dcache hits  

       1.000594909 seconds time elapsed


 Performance counter stats for process id '62213':

           597,315 L1-dcache-loads                                             
            69,175 L1-dcache-load-misses     #   11.58% of all L1-dcache hits  

       1.000641274 seconds time elapsed


 Performance counter stats for process id '62213':

           480,183 L1-dcache-loads                                             
            55,715 L1-dcache-load-misses     #   11.60% of all L1-dcache hits  

       1.000611540 seconds time elapsed


 Performance counter stats for process id '62213':

           594,829 L1-dcache-loads                                             
            70,081 L1-dcache-load-misses     #   11.78% of all L1-dcache hits  

       1.000612197 seconds time elapsed


 Performance counter stats for process id '62213':

           682,739 L1-dcache-loads                                             
           106,841 L1-dcache-load-misses     #   15.65% of all L1-dcache hits  

       1.000594585 seconds time elapsed


 Performance counter stats for process id '62213':

           560,173 L1-dcache-loads                                             
            64,903 L1-dcache-load-misses     #   11.59% of all L1-dcache hits  

       1.000638464 seconds time elapsed


 Performance counter stats for process id '62213':

           480,545 L1-dcache-loads                                             
            55,794 L1-dcache-load-misses     #   11.61% of all L1-dcache hits  

       1.000615680 seconds time elapsed


 Performance counter stats for process id '62213':

           604,690 L1-dcache-loads                                             
            70,349 L1-dcache-load-misses     #   11.63% of all L1-dcache hits  

       1.000692974 seconds time elapsed


 Performance counter stats for process id '62213':

           458,025 L1-dcache-loads                                             
            53,035 L1-dcache-load-misses     #   11.58% of all L1-dcache hits  

       1.000664514 seconds time elapsed


 Performance counter stats for process id '62213':

           523,499 L1-dcache-loads                                             
            60,611 L1-dcache-load-misses     #   11.58% of all L1-dcache hits  

       1.000614783 seconds time elapsed


 Performance counter stats for process id '62213':

           541,443 L1-dcache-loads                                             
            63,032 L1-dcache-load-misses     #   11.64% of all L1-dcache hits  

       1.000630218 seconds time elapsed


 Performance counter stats for process id '62213':

           513,155 L1-dcache-loads                                             
            59,734 L1-dcache-load-misses     #   11.64% of all L1-dcache hits  

       1.000608997 seconds time elapsed


 Performance counter stats for process id '62213':

           538,337 L1-dcache-loads                                             
            63,140 L1-dcache-load-misses     #   11.73% of all L1-dcache hits  

       1.000680375 seconds time elapsed


 Performance counter stats for process id '62213':

           513,698 L1-dcache-loads                                             
            58,791 L1-dcache-load-misses     #   11.44% of all L1-dcache hits  

       1.000648576 seconds time elapsed


 Performance counter stats for process id '62213':

           511,396 L1-dcache-loads                                             
            58,779 L1-dcache-load-misses     #   11.49% of all L1-dcache hits  

       1.000555867 seconds time elapsed


 Performance counter stats for process id '62213':

           561,762 L1-dcache-loads                                             
            64,363 L1-dcache-load-misses     #   11.46% of all L1-dcache hits  

       1.000632840 seconds time elapsed


 Performance counter stats for process id '62213':

           515,511 L1-dcache-loads                                             
            59,566 L1-dcache-load-misses     #   11.55% of all L1-dcache hits  

       1.000686530 seconds time elapsed


 Performance counter stats for process id '62213':

           533,779 L1-dcache-loads                                             
            62,112 L1-dcache-load-misses     #   11.64% of all L1-dcache hits  

       1.000657460 seconds time elapsed


 Performance counter stats for process id '62213':

           551,941 L1-dcache-loads                                             
            64,098 L1-dcache-load-misses     #   11.61% of all L1-dcache hits  

       1.000700747 seconds time elapsed


 Performance counter stats for process id '62213':

           822,550 L1-dcache-loads                                             
           122,640 L1-dcache-load-misses     #   14.91% of all L1-dcache hits  

       1.000636638 seconds time elapsed


 Performance counter stats for process id '62213':

           545,663 L1-dcache-loads                                             
            62,547 L1-dcache-load-misses     #   11.46% of all L1-dcache hits  

       1.000629966 seconds time elapsed


 Performance counter stats for process id '62213':

           600,389 L1-dcache-loads                                             
            68,210 L1-dcache-load-misses     #   11.36% of all L1-dcache hits  

       1.000614648 seconds time elapsed


 Performance counter stats for process id '62213':

           597,767 L1-dcache-loads                                             
            67,791 L1-dcache-load-misses     #   11.34% of all L1-dcache hits  

       1.000649313 seconds time elapsed


 Performance counter stats for process id '62213':

           627,775 L1-dcache-loads                                             
            72,570 L1-dcache-load-misses     #   11.56% of all L1-dcache hits  

       1.000628903 seconds time elapsed


 Performance counter stats for process id '62213':

           672,525 L1-dcache-loads                                             
            82,258 L1-dcache-load-misses     #   12.23% of all L1-dcache hits  

       1.000630585 seconds time elapsed


 Performance counter stats for process id '62213':

           614,908 L1-dcache-loads                                             
            70,921 L1-dcache-load-misses     #   11.53% of all L1-dcache hits  

       1.000633683 seconds time elapsed


 Performance counter stats for process id '62213':

           624,254 L1-dcache-loads                                             
            70,978 L1-dcache-load-misses     #   11.37% of all L1-dcache hits  

       1.000638576 seconds time elapsed


 Performance counter stats for process id '62213':

           709,285 L1-dcache-loads                                             
           138,203 L1-dcache-load-misses     #   19.48% of all L1-dcache hits  

       1.000673677 seconds time elapsed


 Performance counter stats for process id '62213':

           727,458 L1-dcache-loads                                             
           141,792 L1-dcache-load-misses     #   19.49% of all L1-dcache hits  

       1.000676522 seconds time elapsed


 Performance counter stats for process id '62213':

           609,371 L1-dcache-loads                                             
            69,845 L1-dcache-load-misses     #   11.46% of all L1-dcache hits  

       1.000668838 seconds time elapsed


 Performance counter stats for process id '62213':

           558,625 L1-dcache-loads                                             
            63,388 L1-dcache-load-misses     #   11.35% of all L1-dcache hits  

       1.000637217 seconds time elapsed


 Performance counter stats for process id '62213':

           515,159 L1-dcache-loads                                             
            59,493 L1-dcache-load-misses     #   11.55% of all L1-dcache hits  

       1.000675410 seconds time elapsed


 Performance counter stats for process id '62213':

           602,231 L1-dcache-loads                                             
            70,781 L1-dcache-load-misses     #   11.75% of all L1-dcache hits  

       1.000597466 seconds time elapsed


 Performance counter stats for process id '62213':

           701,290 L1-dcache-loads                                             
           109,453 L1-dcache-load-misses     #   15.61% of all L1-dcache hits  

       1.000619967 seconds time elapsed


 Performance counter stats for process id '62213':

           553,293 L1-dcache-loads                                             
            63,789 L1-dcache-load-misses     #   11.53% of all L1-dcache hits  

       1.000623850 seconds time elapsed


 Performance counter stats for process id '62213':

           471,426 L1-dcache-loads                                             
            53,900 L1-dcache-load-misses     #   11.43% of all L1-dcache hits  

       1.000703106 seconds time elapsed


 Performance counter stats for process id '62213':

           588,973 L1-dcache-loads                                             
            67,317 L1-dcache-load-misses     #   11.43% of all L1-dcache hits  

       1.000669458 seconds time elapsed


 Performance counter stats for process id '62213':

           483,438 L1-dcache-loads                                             
            54,867 L1-dcache-load-misses     #   11.35% of all L1-dcache hits  

       1.000617947 seconds time elapsed


 Performance counter stats for process id '62213':

           596,712 L1-dcache-loads                                             
            69,537 L1-dcache-load-misses     #   11.65% of all L1-dcache hits  

       1.000595548 seconds time elapsed


 Performance counter stats for process id '62213':

           484,910 L1-dcache-loads                                             
            56,612 L1-dcache-load-misses     #   11.67% of all L1-dcache hits  

       1.000671424 seconds time elapsed


 Performance counter stats for process id '62213':

           545,001 L1-dcache-loads                                             
            61,850 L1-dcache-load-misses     #   11.35% of all L1-dcache hits  

       1.000684988 seconds time elapsed


 Performance counter stats for process id '62213':

           485,897 L1-dcache-loads                                             
            55,991 L1-dcache-load-misses     #   11.52% of all L1-dcache hits  

       1.000634801 seconds time elapsed


 Performance counter stats for process id '62213':

           615,118 L1-dcache-loads                                             
            71,112 L1-dcache-load-misses     #   11.56% of all L1-dcache hits  

       1.000642362 seconds time elapsed


 Performance counter stats for process id '62213':

           460,840 L1-dcache-loads                                             
            52,400 L1-dcache-load-misses     #   11.37% of all L1-dcache hits  

       1.000633791 seconds time elapsed


 Performance counter stats for process id '62213':

           605,275 L1-dcache-loads                                             
            69,366 L1-dcache-load-misses     #   11.46% of all L1-dcache hits  

       1.000686884 seconds time elapsed


 Performance counter stats for process id '62213':

           411,167 L1-dcache-loads                                             
            46,050 L1-dcache-load-misses     #   11.20% of all L1-dcache hits  

       1.000644299 seconds time elapsed


 Performance counter stats for process id '62213':

           624,100 L1-dcache-loads                                             
            71,835 L1-dcache-load-misses     #   11.51% of all L1-dcache hits  

       1.000632996 seconds time elapsed


 Performance counter stats for process id '62213':

           654,102 L1-dcache-loads                                             
            74,082 L1-dcache-load-misses     #   11.33% of all L1-dcache hits  

       1.000626772 seconds time elapsed


 Performance counter stats for process id '62213':

           841,846 L1-dcache-loads                                             
           124,410 L1-dcache-load-misses     #   14.78% of all L1-dcache hits  

       1.000637465 seconds time elapsed


 Performance counter stats for process id '62213':

           491,440 L1-dcache-loads                                             
            55,572 L1-dcache-load-misses     #   11.31% of all L1-dcache hits  

       1.000623396 seconds time elapsed


 Performance counter stats for process id '62213':

           617,948 L1-dcache-loads                                             
            69,594 L1-dcache-load-misses     #   11.26% of all L1-dcache hits  

       1.000616936 seconds time elapsed


 Performance counter stats for process id '62213':

           480,091 L1-dcache-loads                                             
            62,835 L1-dcache-load-misses     #   13.09% of all L1-dcache hits  

       1.000649764 seconds time elapsed


 Performance counter stats for process id '62213':

           499,482 L1-dcache-loads                                             
            56,014 L1-dcache-load-misses     #   11.21% of all L1-dcache hits  

       1.000645245 seconds time elapsed


 Performance counter stats for process id '62213':

           507,596 L1-dcache-loads                                             
            56,934 L1-dcache-load-misses     #   11.22% of all L1-dcache hits  

       1.000786729 seconds time elapsed


 Performance counter stats for process id '62213':

           549,895 L1-dcache-loads                                             
            62,921 L1-dcache-load-misses     #   11.44% of all L1-dcache hits  

       1.000658985 seconds time elapsed


 Performance counter stats for process id '62213':

           544,207 L1-dcache-loads                                             
            61,105 L1-dcache-load-misses     #   11.23% of all L1-dcache hits  

       1.000647985 seconds time elapsed


 Performance counter stats for process id '62213':

           538,756 L1-dcache-loads                                             
            61,078 L1-dcache-load-misses     #   11.34% of all L1-dcache hits  

       1.000633171 seconds time elapsed


 Performance counter stats for process id '62213':

           518,379 L1-dcache-loads                                             
            59,092 L1-dcache-load-misses     #   11.40% of all L1-dcache hits  

       1.000650445 seconds time elapsed


 Performance counter stats for process id '62213':

           544,582 L1-dcache-loads                                             
            62,465 L1-dcache-load-misses     #   11.47% of all L1-dcache hits  

       1.000682095 seconds time elapsed


 Performance counter stats for process id '62213':

           535,696 L1-dcache-loads                                             
            61,448 L1-dcache-load-misses     #   11.47% of all L1-dcache hits  

       1.000633817 seconds time elapsed


 Performance counter stats for process id '62213':

           535,923 L1-dcache-loads                                             
            61,274 L1-dcache-load-misses     #   11.43% of all L1-dcache hits  

       1.000637024 seconds time elapsed


 Performance counter stats for process id '62213':

           543,757 L1-dcache-loads                                             
            61,584 L1-dcache-load-misses     #   11.33% of all L1-dcache hits  

       1.000627288 seconds time elapsed


 Performance counter stats for process id '62213':

           497,475 L1-dcache-loads                                             
            56,490 L1-dcache-load-misses     #   11.36% of all L1-dcache hits  

       1.000740209 seconds time elapsed


 Performance counter stats for process id '62213':

           793,396 L1-dcache-loads                                             
           118,373 L1-dcache-load-misses     #   14.92% of all L1-dcache hits  

       1.000647116 seconds time elapsed


 Performance counter stats for process id '62213':

           556,478 L1-dcache-loads                                             
            65,435 L1-dcache-load-misses     #   11.76% of all L1-dcache hits  

       1.000612986 seconds time elapsed


 Performance counter stats for process id '62213':

           644,292 L1-dcache-loads                                             
            75,104 L1-dcache-load-misses     #   11.66% of all L1-dcache hits  

       1.000639395 seconds time elapsed


 Performance counter stats for process id '62213':

           481,161 L1-dcache-loads                                             
            53,305 L1-dcache-load-misses     #   11.08% of all L1-dcache hits  

       1.000728531 seconds time elapsed


 Performance counter stats for process id '62213':

           477,823 L1-dcache-loads                                             
            54,263 L1-dcache-load-misses     #   11.36% of all L1-dcache hits  

       1.000861421 seconds time elapsed


 Performance counter stats for process id '62213':

           481,230 L1-dcache-loads                                             
            54,050 L1-dcache-load-misses     #   11.23% of all L1-dcache hits  

       1.000749800 seconds time elapsed


 Performance counter stats for process id '62213':

           482,496 L1-dcache-loads                                             
            53,789 L1-dcache-load-misses     #   11.15% of all L1-dcache hits  

       1.000726818 seconds time elapsed


 Performance counter stats for process id '62213':

           506,616 L1-dcache-loads                                             
            57,651 L1-dcache-load-misses     #   11.38% of all L1-dcache hits  

       1.000620082 seconds time elapsed


 Performance counter stats for process id '62213':

           415,931 L1-dcache-loads                                             
            46,821 L1-dcache-load-misses     #   11.26% of all L1-dcache hits  

       1.000632806 seconds time elapsed


 Performance counter stats for process id '62213':

           577,800 L1-dcache-loads                                             
            65,684 L1-dcache-load-misses     #   11.37% of all L1-dcache hits  

       1.000646299 seconds time elapsed


 Performance counter stats for process id '62213':

           414,463 L1-dcache-loads                                             
            46,261 L1-dcache-load-misses     #   11.16% of all L1-dcache hits  

       1.000840520 seconds time elapsed


 Performance counter stats for process id '62213':

           585,371 L1-dcache-loads                                             
            66,569 L1-dcache-load-misses     #   11.37% of all L1-dcache hits  

       1.000780678 seconds time elapsed


 Performance counter stats for process id '62213':

           514,043 L1-dcache-loads                                             
            59,135 L1-dcache-load-misses     #   11.50% of all L1-dcache hits  

       1.000670605 seconds time elapsed


 Performance counter stats for process id '62213':

           546,154 L1-dcache-loads                                             
            63,790 L1-dcache-load-misses     #   11.68% of all L1-dcache hits  

       1.000613613 seconds time elapsed


 Performance counter stats for process id '62213':

           527,082 L1-dcache-loads                                             
            60,874 L1-dcache-load-misses     #   11.55% of all L1-dcache hits  

       1.000714743 seconds time elapsed


 Performance counter stats for process id '62213':

           704,115 L1-dcache-loads                                             
           108,762 L1-dcache-load-misses     #   15.45% of all L1-dcache hits  

       1.000639488 seconds time elapsed


 Performance counter stats for process id '62213':

           502,311 L1-dcache-loads                                             
            57,607 L1-dcache-load-misses     #   11.47% of all L1-dcache hits  

       1.000798856 seconds time elapsed


 Performance counter stats for process id '62213':

           508,233 L1-dcache-loads                                             
            56,082 L1-dcache-load-misses     #   11.03% of all L1-dcache hits  

       1.000615909 seconds time elapsed


 Performance counter stats for process id '62213':

           520,868 L1-dcache-loads                                             
            59,142 L1-dcache-load-misses     #   11.35% of all L1-dcache hits  

       1.000726223 seconds time elapsed


 Performance counter stats for process id '62213':

           502,348 L1-dcache-loads                                             
            56,780 L1-dcache-load-misses     #   11.30% of all L1-dcache hits  

       1.000644602 seconds time elapsed


 Performance counter stats for process id '62213':

           495,788 L1-dcache-loads                                             
            54,665 L1-dcache-load-misses     #   11.03% of all L1-dcache hits  

       1.000613791 seconds time elapsed


 Performance counter stats for process id '62213':

           549,869 L1-dcache-loads                                             
            65,080 L1-dcache-load-misses     #   11.84% of all L1-dcache hits  

       1.000673091 seconds time elapsed


 Performance counter stats for process id '62213':

           494,778 L1-dcache-loads                                             
            57,219 L1-dcache-load-misses     #   11.56% of all L1-dcache hits  

       1.000921036 seconds time elapsed


 Performance counter stats for process id '62213':

           494,195 L1-dcache-loads                                             
            55,747 L1-dcache-load-misses     #   11.28% of all L1-dcache hits  

       1.000705883 seconds time elapsed


 Performance counter stats for process id '62213':

           526,905 L1-dcache-loads                                             
            60,040 L1-dcache-load-misses     #   11.39% of all L1-dcache hits  

       1.000754137 seconds time elapsed


 Performance counter stats for process id '62213':

           528,522 L1-dcache-loads                                             
            61,341 L1-dcache-load-misses     #   11.61% of all L1-dcache hits  

       1.000638704 seconds time elapsed


 Performance counter stats for process id '62213':

           471,226 L1-dcache-loads                                             
            53,144 L1-dcache-load-misses     #   11.28% of all L1-dcache hits  

       1.000652156 seconds time elapsed


 Performance counter stats for process id '62213':

           511,722 L1-dcache-loads                                             
            57,849 L1-dcache-load-misses     #   11.30% of all L1-dcache hits  

       1.000854964 seconds time elapsed


 Performance counter stats for process id '62213':

           469,204 L1-dcache-loads                                             
            54,543 L1-dcache-load-misses     #   11.62% of all L1-dcache hits  

       1.000733061 seconds time elapsed


 Performance counter stats for process id '62213':

           701,152 L1-dcache-loads                                             
           109,870 L1-dcache-load-misses     #   15.67% of all L1-dcache hits  

       1.000633044 seconds time elapsed


 Performance counter stats for process id '62213':

           526,460 L1-dcache-loads                                             
            59,591 L1-dcache-load-misses     #   11.32% of all L1-dcache hits  

       1.000808012 seconds time elapsed


 Performance counter stats for process id '62213':

           502,526 L1-dcache-loads                                             
            58,155 L1-dcache-load-misses     #   11.57% of all L1-dcache hits  

       1.000645728 seconds time elapsed


 Performance counter stats for process id '62213':

           505,952 L1-dcache-loads                                             
            58,270 L1-dcache-load-misses     #   11.52% of all L1-dcache hits  

       1.000606734 seconds time elapsed


 Performance counter stats for process id '62213':

           486,011 L1-dcache-loads                                             
            54,732 L1-dcache-load-misses     #   11.26% of all L1-dcache hits  

       1.000695681 seconds time elapsed


 Performance counter stats for process id '62213':

           489,859 L1-dcache-loads                                             
            55,505 L1-dcache-load-misses     #   11.33% of all L1-dcache hits  

       1.000648984 seconds time elapsed


 Performance counter stats for process id '62213':

           462,304 L1-dcache-loads                                             
            52,273 L1-dcache-load-misses     #   11.31% of all L1-dcache hits  

       1.000776226 seconds time elapsed


 Performance counter stats for process id '62213':

           509,559 L1-dcache-loads                                             
            57,822 L1-dcache-load-misses     #   11.35% of all L1-dcache hits  

       1.000676253 seconds time elapsed


 Performance counter stats for process id '62213':

           464,956 L1-dcache-loads                                             
            52,115 L1-dcache-load-misses     #   11.21% of all L1-dcache hits  

       1.000847322 seconds time elapsed


 Performance counter stats for process id '62213':

           475,172 L1-dcache-loads                                             
            54,439 L1-dcache-load-misses     #   11.46% of all L1-dcache hits  

       1.000748225 seconds time elapsed


 Performance counter stats for process id '62213':

         1,244,541 L1-dcache-loads                                             
            75,062 L1-dcache-load-misses     #    6.03% of all L1-dcache hits  

       1.000626350 seconds time elapsed


 Performance counter stats for process id '62213':

           427,468 L1-dcache-loads                                             
            47,248 L1-dcache-load-misses     #   11.05% of all L1-dcache hits  

       1.000727452 seconds time elapsed


 Performance counter stats for process id '62213':

           541,474 L1-dcache-loads                                             
            62,835 L1-dcache-load-misses     #   11.60% of all L1-dcache hits  

       1.000530794 seconds time elapsed


 Performance counter stats for process id '62213':

           466,026 L1-dcache-loads                                             
            52,981 L1-dcache-load-misses     #   11.37% of all L1-dcache hits  

       1.000807233 seconds time elapsed


 Performance counter stats for process id '62213':

           505,747 L1-dcache-loads                                             
            57,028 L1-dcache-load-misses     #   11.28% of all L1-dcache hits  

       1.000606673 seconds time elapsed


 Performance counter stats for process id '62213':

           749,989 L1-dcache-loads                                             
           112,718 L1-dcache-load-misses     #   15.03% of all L1-dcache hits  

       1.000748953 seconds time elapsed


 Performance counter stats for process id '62213':

           490,643 L1-dcache-loads                                             
            55,751 L1-dcache-load-misses     #   11.36% of all L1-dcache hits  

       1.000635971 seconds time elapsed


 Performance counter stats for process id '62213':

           492,734 L1-dcache-loads                                             
            56,364 L1-dcache-load-misses     #   11.44% of all L1-dcache hits  

       1.000580236 seconds time elapsed


 Performance counter stats for process id '62213':

           492,428 L1-dcache-loads                                             
            55,414 L1-dcache-load-misses     #   11.25% of all L1-dcache hits  

       1.000711143 seconds time elapsed


 Performance counter stats for process id '62213':

           493,300 L1-dcache-loads                                             
            55,875 L1-dcache-load-misses     #   11.33% of all L1-dcache hits  

       1.000572488 seconds time elapsed


 Performance counter stats for process id '62213':

           492,137 L1-dcache-loads                                             
            56,275 L1-dcache-load-misses     #   11.43% of all L1-dcache hits  

       1.000640338 seconds time elapsed


 Performance counter stats for process id '62213':

           448,573 L1-dcache-loads                                             
            50,480 L1-dcache-load-misses     #   11.25% of all L1-dcache hits  

       1.000704072 seconds time elapsed


 Performance counter stats for process id '62213':

           493,291 L1-dcache-loads                                             
            55,609 L1-dcache-load-misses     #   11.27% of all L1-dcache hits  

       1.000744906 seconds time elapsed


 Performance counter stats for process id '62213':

           487,034 L1-dcache-loads                                             
            55,310 L1-dcache-load-misses     #   11.36% of all L1-dcache hits  

       1.000940923 seconds time elapsed


 Performance counter stats for process id '62213':

           574,303 L1-dcache-loads                                             
            66,247 L1-dcache-load-misses     #   11.54% of all L1-dcache hits  

       1.000840081 seconds time elapsed


 Performance counter stats for process id '62213':

           467,191 L1-dcache-loads                                             
            53,296 L1-dcache-load-misses     #   11.41% of all L1-dcache hits  

       1.000578065 seconds time elapsed


 Performance counter stats for process id '62213':

           511,839 L1-dcache-loads                                             
            57,589 L1-dcache-load-misses     #   11.25% of all L1-dcache hits  

       1.000755506 seconds time elapsed


 Performance counter stats for process id '62213':

           448,198 L1-dcache-loads                                             
            50,749 L1-dcache-load-misses     #   11.32% of all L1-dcache hits  

       1.000606606 seconds time elapsed


 Performance counter stats for process id '62213':

           525,902 L1-dcache-loads                                             
            58,891 L1-dcache-load-misses     #   11.20% of all L1-dcache hits  

       1.000681720 seconds time elapsed


 Performance counter stats for process id '62213':

           678,655 L1-dcache-loads                                             
           106,596 L1-dcache-load-misses     #   15.71% of all L1-dcache hits  

       1.000758751 seconds time elapsed


 Performance counter stats for process id '62213':

           488,925 L1-dcache-loads                                             
            55,731 L1-dcache-load-misses     #   11.40% of all L1-dcache hits  

       1.000769298 seconds time elapsed


 Performance counter stats for process id '62213':

           487,474 L1-dcache-loads                                             
            55,331 L1-dcache-load-misses     #   11.35% of all L1-dcache hits  

       1.000634441 seconds time elapsed


 Performance counter stats for process id '62213':

           551,472 L1-dcache-loads                                             
            62,352 L1-dcache-load-misses     #   11.31% of all L1-dcache hits  

       1.000664547 seconds time elapsed


 Performance counter stats for process id '62213':

           481,447 L1-dcache-loads                                             
            54,412 L1-dcache-load-misses     #   11.30% of all L1-dcache hits  

       1.000705126 seconds time elapsed


 Performance counter stats for process id '62213':

           503,397 L1-dcache-loads                                             
            56,307 L1-dcache-load-misses     #   11.19% of all L1-dcache hits  

       1.000792230 seconds time elapsed


 Performance counter stats for process id '62213':

           484,059 L1-dcache-loads                                             
            52,968 L1-dcache-load-misses     #   10.94% of all L1-dcache hits  

       1.000831100 seconds time elapsed


 Performance counter stats for process id '62213':

           491,243 L1-dcache-loads                                             
            57,314 L1-dcache-load-misses     #   11.67% of all L1-dcache hits  

       1.000724706 seconds time elapsed


 Performance counter stats for process id '62213':

           475,507 L1-dcache-loads                                             
            53,629 L1-dcache-load-misses     #   11.28% of all L1-dcache hits  

       1.000703750 seconds time elapsed


 Performance counter stats for process id '62213':

           490,576 L1-dcache-loads                                             
            54,854 L1-dcache-load-misses     #   11.18% of all L1-dcache hits  

       1.000574081 seconds time elapsed


 Performance counter stats for process id '62213':

           520,269 L1-dcache-loads                                             
            59,403 L1-dcache-load-misses     #   11.42% of all L1-dcache hits  

       1.000728197 seconds time elapsed


 Performance counter stats for process id '62213':

           511,537 L1-dcache-loads                                             
            57,272 L1-dcache-load-misses     #   11.20% of all L1-dcache hits  

       1.000575320 seconds time elapsed


 Performance counter stats for process id '62213':

           440,680 L1-dcache-loads                                             
            49,266 L1-dcache-load-misses     #   11.18% of all L1-dcache hits  

       1.000628396 seconds time elapsed


 Performance counter stats for process id '62213':

           542,883 L1-dcache-loads                                             
            60,781 L1-dcache-load-misses     #   11.20% of all L1-dcache hits  

       1.000691974 seconds time elapsed


 Performance counter stats for process id '62213':

           426,177 L1-dcache-loads                                             
            47,180 L1-dcache-load-misses     #   11.07% of all L1-dcache hits  

       1.000658469 seconds time elapsed


 Performance counter stats for process id '62213':

           750,616 L1-dcache-loads                                             
           112,965 L1-dcache-load-misses     #   15.05% of all L1-dcache hits  

       1.000685870 seconds time elapsed


 Performance counter stats for process id '62213':

           449,095 L1-dcache-loads                                             
            51,080 L1-dcache-load-misses     #   11.37% of all L1-dcache hits  

       1.000790432 seconds time elapsed


 Performance counter stats for process id '62213':

           581,930 L1-dcache-loads                                             
            67,460 L1-dcache-load-misses     #   11.59% of all L1-dcache hits  

       1.000690683 seconds time elapsed


 Performance counter stats for process id '62213':

           411,943 L1-dcache-loads                                             
            47,373 L1-dcache-load-misses     #   11.50% of all L1-dcache hits  

       1.000680189 seconds time elapsed


 Performance counter stats for process id '62213':

           566,924 L1-dcache-loads                                             
            65,831 L1-dcache-load-misses     #   11.61% of all L1-dcache hits  

       1.000701323 seconds time elapsed


 Performance counter stats for process id '62213':

           424,810 L1-dcache-loads                                             
            48,785 L1-dcache-load-misses     #   11.48% of all L1-dcache hits  

       1.000619173 seconds time elapsed


 Performance counter stats for process id '62213':

           753,642 L1-dcache-loads                                             
            98,330 L1-dcache-load-misses     #   13.05% of all L1-dcache hits  

       1.000748079 seconds time elapsed


 Performance counter stats for process id '62213':

           460,585 L1-dcache-loads                                             
            53,766 L1-dcache-load-misses     #   11.67% of all L1-dcache hits  

       1.000671595 seconds time elapsed


 Performance counter stats for process id '62213':

           548,170 L1-dcache-loads                                             
            62,938 L1-dcache-load-misses     #   11.48% of all L1-dcache hits  

       1.000674134 seconds time elapsed


 Performance counter stats for process id '62213':

           475,113 L1-dcache-loads                                             
            55,073 L1-dcache-load-misses     #   11.59% of all L1-dcache hits  

       1.000755494 seconds time elapsed


 Performance counter stats for process id '62213':

           475,511 L1-dcache-loads                                             
            54,153 L1-dcache-load-misses     #   11.39% of all L1-dcache hits  

       1.000796699 seconds time elapsed


 Performance counter stats for process id '62213':

           503,172 L1-dcache-loads                                             
            57,240 L1-dcache-load-misses     #   11.38% of all L1-dcache hits  

       1.000644169 seconds time elapsed


 Performance counter stats for process id '62213':

           514,031 L1-dcache-loads                                             
            57,672 L1-dcache-load-misses     #   11.22% of all L1-dcache hits  

       1.000645873 seconds time elapsed


 Performance counter stats for process id '62213':

           516,952 L1-dcache-loads                                             
            59,702 L1-dcache-load-misses     #   11.55% of all L1-dcache hits  

       1.000589983 seconds time elapsed


 Performance counter stats for process id '62213':

           549,158 L1-dcache-loads                                             
            63,935 L1-dcache-load-misses     #   11.64% of all L1-dcache hits  

       1.000617364 seconds time elapsed


 Performance counter stats for process id '62213':

           690,166 L1-dcache-loads                                             
           107,297 L1-dcache-load-misses     #   15.55% of all L1-dcache hits  

       1.000790248 seconds time elapsed


 Performance counter stats for process id '62213':

           485,708 L1-dcache-loads                                             
            59,191 L1-dcache-load-misses     #   12.19% of all L1-dcache hits  

       1.000616110 seconds time elapsed


 Performance counter stats for process id '62213':

           538,986 L1-dcache-loads                                             
            61,919 L1-dcache-load-misses     #   11.49% of all L1-dcache hits  

       1.000678343 seconds time elapsed


 Performance counter stats for process id '62213':

           444,888 L1-dcache-loads                                             
            51,593 L1-dcache-load-misses     #   11.60% of all L1-dcache hits  

       1.000659534 seconds time elapsed


 Performance counter stats for process id '62213':

           595,537 L1-dcache-loads                                             
            69,098 L1-dcache-load-misses     #   11.60% of all L1-dcache hits  

       1.000673474 seconds time elapsed


 Performance counter stats for process id '62213':

           456,268 L1-dcache-loads                                             
            52,039 L1-dcache-load-misses     #   11.41% of all L1-dcache hits  

       1.000640007 seconds time elapsed


 Performance counter stats for process id '62213':

           568,267 L1-dcache-loads                                             
            64,315 L1-dcache-load-misses     #   11.32% of all L1-dcache hits  

       1.000606598 seconds time elapsed


 Performance counter stats for process id '62213':

           494,541 L1-dcache-loads                                             
            57,106 L1-dcache-load-misses     #   11.55% of all L1-dcache hits  

       1.000729246 seconds time elapsed


 Performance counter stats for process id '62213':

           526,393 L1-dcache-loads                                             
            60,563 L1-dcache-load-misses     #   11.51% of all L1-dcache hits  

       1.000683165 seconds time elapsed


 Performance counter stats for process id '62213':

           441,559 L1-dcache-loads                                             
            49,791 L1-dcache-load-misses     #   11.28% of all L1-dcache hits  

       1.000626560 seconds time elapsed


 Performance counter stats for process id '62213':

           586,109 L1-dcache-loads                                             
            67,128 L1-dcache-load-misses     #   11.45% of all L1-dcache hits  

       1.000883392 seconds time elapsed


 Performance counter stats for process id '62213':

           457,889 L1-dcache-loads                                             
            53,678 L1-dcache-load-misses     #   11.72% of all L1-dcache hits  

       1.000658028 seconds time elapsed


 Performance counter stats for process id '62213':

           604,991 L1-dcache-loads                                             
            70,312 L1-dcache-load-misses     #   11.62% of all L1-dcache hits  

       1.000747294 seconds time elapsed


 Performance counter stats for process id '62213':

           426,385 L1-dcache-loads                                             
            48,631 L1-dcache-load-misses     #   11.41% of all L1-dcache hits  

       1.000701959 seconds time elapsed


 Performance counter stats for process id '62213':

           612,975 L1-dcache-loads                                             
            71,290 L1-dcache-load-misses     #   11.63% of all L1-dcache hits  

       1.000563734 seconds time elapsed


 Performance counter stats for process id '62213':

           649,312 L1-dcache-loads                                             
           101,440 L1-dcache-load-misses     #   15.62% of all L1-dcache hits  

       1.000580857 seconds time elapsed


 Performance counter stats for process id '62213':

           592,930 L1-dcache-loads                                             
            68,980 L1-dcache-load-misses     #   11.63% of all L1-dcache hits  

       1.000693209 seconds time elapsed


 Performance counter stats for process id '62213':

           454,305 L1-dcache-loads                                             
            52,519 L1-dcache-load-misses     #   11.56% of all L1-dcache hits  

       1.000677838 seconds time elapsed


 Performance counter stats for process id '62213':

           610,196 L1-dcache-loads                                             
            69,998 L1-dcache-load-misses     #   11.47% of all L1-dcache hits  

       1.000841671 seconds time elapsed


 Performance counter stats for process id '62213':

           435,260 L1-dcache-loads                                             
            49,836 L1-dcache-load-misses     #   11.45% of all L1-dcache hits  

       1.000604678 seconds time elapsed


 Performance counter stats for process id '62213':

           429,758 L1-dcache-loads                                             
            50,077 L1-dcache-load-misses     #   11.65% of all L1-dcache hits  

       1.000705419 seconds time elapsed


 Performance counter stats for process id '62213':

           533,317 L1-dcache-loads                                             
            60,057 L1-dcache-load-misses     #   11.26% of all L1-dcache hits  

       1.000672526 seconds time elapsed


 Performance counter stats for process id '62213':

           500,718 L1-dcache-loads                                             
            56,094 L1-dcache-load-misses     #   11.20% of all L1-dcache hits  

       1.000807177 seconds time elapsed


 Performance counter stats for process id '62213':

           529,875 L1-dcache-loads                                             
            59,608 L1-dcache-load-misses     #   11.25% of all L1-dcache hits  

       1.000758720 seconds time elapsed


 Performance counter stats for process id '62213':

           529,788 L1-dcache-loads                                             
            60,976 L1-dcache-load-misses     #   11.51% of all L1-dcache hits  

       1.000624238 seconds time elapsed


 Performance counter stats for process id '62213':

           481,811 L1-dcache-loads                                             
            56,398 L1-dcache-load-misses     #   11.71% of all L1-dcache hits  

       1.000633854 seconds time elapsed


 Performance counter stats for process id '62213':

           498,782 L1-dcache-loads                                             
            56,981 L1-dcache-load-misses     #   11.42% of all L1-dcache hits  

       1.000668647 seconds time elapsed


 Performance counter stats for process id '62213':

           503,600 L1-dcache-loads                                             
            57,974 L1-dcache-load-misses     #   11.51% of all L1-dcache hits  

       1.000653515 seconds time elapsed


 Performance counter stats for process id '62213':

           522,461 L1-dcache-loads                                             
            59,458 L1-dcache-load-misses     #   11.38% of all L1-dcache hits  

       1.000695250 seconds time elapsed


 Performance counter stats for process id '62213':

           702,562 L1-dcache-loads                                             
           107,843 L1-dcache-load-misses     #   15.35% of all L1-dcache hits  

       1.000694355 seconds time elapsed


 Performance counter stats for process id '62213':

           550,138 L1-dcache-loads                                             
            62,713 L1-dcache-load-misses     #   11.40% of all L1-dcache hits  

       1.000650489 seconds time elapsed


 Performance counter stats for process id '62213':

           420,792 L1-dcache-loads                                             
            47,432 L1-dcache-load-misses     #   11.27% of all L1-dcache hits  

       1.000918484 seconds time elapsed


 Performance counter stats for process id '62213':

           492,456 L1-dcache-loads                                             
            56,556 L1-dcache-load-misses     #   11.48% of all L1-dcache hits  

       1.000632336 seconds time elapsed


 Performance counter stats for process id '62213':

           485,187 L1-dcache-loads                                             
            55,194 L1-dcache-load-misses     #   11.38% of all L1-dcache hits  

       1.000671984 seconds time elapsed


 Performance counter stats for process id '62213':

           493,183 L1-dcache-loads                                             
            56,949 L1-dcache-load-misses     #   11.55% of all L1-dcache hits  

       1.000698470 seconds time elapsed


 Performance counter stats for process id '62213':

           511,306 L1-dcache-loads                                             
            59,122 L1-dcache-load-misses     #   11.56% of all L1-dcache hits  

       1.000580375 seconds time elapsed


 Performance counter stats for process id '62213':

           476,734 L1-dcache-loads                                             
            54,368 L1-dcache-load-misses     #   11.40% of all L1-dcache hits  

       1.000789174 seconds time elapsed


 Performance counter stats for process id '62213':

           529,167 L1-dcache-loads                                             
            60,306 L1-dcache-load-misses     #   11.40% of all L1-dcache hits  

       1.000756140 seconds time elapsed


 Performance counter stats for process id '62213':

           515,309 L1-dcache-loads                                             
            59,847 L1-dcache-load-misses     #   11.61% of all L1-dcache hits  

       1.000640550 seconds time elapsed


 Performance counter stats for process id '62213':

           534,057 L1-dcache-loads                                             
            61,900 L1-dcache-load-misses     #   11.59% of all L1-dcache hits  

       1.000674548 seconds time elapsed


 Performance counter stats for process id '62213':

           496,637 L1-dcache-loads                                             
            57,349 L1-dcache-load-misses     #   11.55% of all L1-dcache hits  

       1.000647861 seconds time elapsed


 Performance counter stats for process id '62213':

           495,134 L1-dcache-loads                                             
            57,116 L1-dcache-load-misses     #   11.54% of all L1-dcache hits  

       1.000703062 seconds time elapsed


 Performance counter stats for process id '62213':

           596,452 L1-dcache-loads                                             
           124,667 L1-dcache-load-misses     #   20.90% of all L1-dcache hits  

       1.000667513 seconds time elapsed


 Performance counter stats for process id '62213':

           698,454 L1-dcache-loads                                             
           107,627 L1-dcache-load-misses     #   15.41% of all L1-dcache hits  

       1.000861221 seconds time elapsed


 Performance counter stats for process id '62213':

           478,493 L1-dcache-loads                                             
            54,547 L1-dcache-load-misses     #   11.40% of all L1-dcache hits  

       1.000694305 seconds time elapsed


 Performance counter stats for process id '62213':

           467,464 L1-dcache-loads                                             
            52,060 L1-dcache-load-misses     #   11.14% of all L1-dcache hits  

       1.000676775 seconds time elapsed


 Performance counter stats for process id '62213':

           497,041 L1-dcache-loads                                             
            56,242 L1-dcache-load-misses     #   11.32% of all L1-dcache hits  

       1.000672786 seconds time elapsed


 Performance counter stats for process id '62213':

           483,807 L1-dcache-loads                                             
            53,758 L1-dcache-load-misses     #   11.11% of all L1-dcache hits  

       1.000735780 seconds time elapsed


 Performance counter stats for process id '62213':

           475,371 L1-dcache-loads                                             
            53,183 L1-dcache-load-misses     #   11.19% of all L1-dcache hits  

       1.000728170 seconds time elapsed


 Performance counter stats for process id '62213':

           544,443 L1-dcache-loads                                             
            61,544 L1-dcache-load-misses     #   11.30% of all L1-dcache hits  

       1.000729384 seconds time elapsed


 Performance counter stats for process id '62213':

           535,417 L1-dcache-loads                                             
            59,877 L1-dcache-load-misses     #   11.18% of all L1-dcache hits  

       1.000637487 seconds time elapsed


 Performance counter stats for process id '62213':

           434,645 L1-dcache-loads                                             
            49,362 L1-dcache-load-misses     #   11.36% of all L1-dcache hits  

       1.000705237 seconds time elapsed


 Performance counter stats for process id '62213':

       403,270,957 L1-dcache-loads                                              [100.00%]
        10,496,565 L1-dcache-load-misses     #    2.60% of all L1-dcache hits   [100.00%]

       1.000634543 seconds time elapsed

