
 Performance counter stats for process id '79575':

       499,217,788 branches:uk                                                  [100.00%]
         1,489,891 branch-misses:uk          #    0.30% of all branches         [99.98%]

       1.000722011 seconds time elapsed


 Performance counter stats for process id '79575':

        41,513,672 branches:uk                                                  [100.00%]
           157,933 branch-misses:uk          #    0.38% of all branches        

       1.000713405 seconds time elapsed


 Performance counter stats for process id '79575':

           306,565 branches:uk                                                 
            28,266 branch-misses:uk          #    9.22% of all branches        

       1.000652349 seconds time elapsed


 Performance counter stats for process id '79575':

           232,595 branches:uk                                                 
            20,813 branch-misses:uk          #    8.95% of all branches        

       1.000625799 seconds time elapsed


 Performance counter stats for process id '79575':

           309,850 branches:uk                                                 
            27,425 branch-misses:uk          #    8.85% of all branches        

       1.000737451 seconds time elapsed


 Performance counter stats for process id '79575':

           231,453 branches:uk                                                 
            20,770 branch-misses:uk          #    8.97% of all branches        

       1.000670318 seconds time elapsed


 Performance counter stats for process id '79575':

           319,284 branches:uk                                                 
            28,446 branch-misses:uk          #    8.91% of all branches        

       1.000602152 seconds time elapsed


 Performance counter stats for process id '79575':

           237,828 branches:uk                                                 
            21,544 branch-misses:uk          #    9.06% of all branches        

       1.000664929 seconds time elapsed


 Performance counter stats for process id '79575':

           313,615 branches:uk                                                 
            28,775 branch-misses:uk          #    9.18% of all branches        

       1.000594493 seconds time elapsed


 Performance counter stats for process id '79575':

           247,109 branches:uk                                                 
            22,554 branch-misses:uk          #    9.13% of all branches        

       1.000764742 seconds time elapsed


 Performance counter stats for process id '79575':

           443,024 branches:uk                                                 
            46,721 branch-misses:uk          #   10.55% of all branches        

       1.000656314 seconds time elapsed


 Performance counter stats for process id '79575':

       611,212,117 branches:uk                                                 
        31,399,100 branch-misses:uk          #    5.14% of all branches        

       1.000805421 seconds time elapsed


 Performance counter stats for process id '79575':

           347,421 branches:uk                                                 
            33,282 branch-misses:uk          #    9.58% of all branches        

       1.000773214 seconds time elapsed


 Performance counter stats for process id '79575':

         1,029,774 branches:uk                                                 
           125,070 branch-misses:uk          #   12.15% of all branches        

       1.000616067 seconds time elapsed


 Performance counter stats for process id '79575':

           389,764 branches:uk                                                 
            36,347 branch-misses:uk          #    9.33% of all branches        

       1.000650708 seconds time elapsed


 Performance counter stats for process id '79575':

           244,499 branches:uk                                                 
            22,917 branch-misses:uk          #    9.37% of all branches        

       1.000701646 seconds time elapsed


 Performance counter stats for process id '79575':

           326,312 branches:uk                                                 
            30,820 branch-misses:uk          #    9.44% of all branches        

       1.000739467 seconds time elapsed


 Performance counter stats for process id '79575':

           267,223 branches:uk                                                 
            25,058 branch-misses:uk          #    9.38% of all branches        

       1.000687287 seconds time elapsed


 Performance counter stats for process id '79575':

           341,226 branches:uk                                                 
            32,672 branch-misses:uk          #    9.57% of all branches        

       1.000650447 seconds time elapsed


 Performance counter stats for process id '79575':

           310,001 branches:uk                                                 
            29,078 branch-misses:uk          #    9.38% of all branches        

       1.000726305 seconds time elapsed


 Performance counter stats for process id '79575':

           356,289 branches:uk                                                 
            32,215 branch-misses:uk          #    9.04% of all branches        

       1.000721459 seconds time elapsed


 Performance counter stats for process id '79575':

           291,441 branches:uk                                                 
            27,019 branch-misses:uk          #    9.27% of all branches        

       1.000724920 seconds time elapsed


 Performance counter stats for process id '79575':

           365,283 branches:uk                                                 
            33,297 branch-misses:uk          #    9.12% of all branches        

       1.000673654 seconds time elapsed


 Performance counter stats for process id '79575':

           307,313 branches:uk                                                 
            26,752 branch-misses:uk          #    8.71% of all branches        

       1.000730460 seconds time elapsed


 Performance counter stats for process id '79575':

           340,995 branches:uk                                                 
            29,478 branch-misses:uk          #    8.64% of all branches        

       1.000699271 seconds time elapsed


 Performance counter stats for process id '79575':

           411,881 branches:uk                                                 
            46,352 branch-misses:uk          #   11.25% of all branches        

       1.000898477 seconds time elapsed


 Performance counter stats for process id '79575':

           351,493 branches:uk                                                 
            31,370 branch-misses:uk          #    8.92% of all branches        

       1.000736207 seconds time elapsed


 Performance counter stats for process id '79575':

           289,123 branches:uk                                                 
            27,058 branch-misses:uk          #    9.36% of all branches        

       1.000705512 seconds time elapsed


 Performance counter stats for process id '79575':

           351,253 branches:uk                                                 
            32,817 branch-misses:uk          #    9.34% of all branches        

       1.000665944 seconds time elapsed


 Performance counter stats for process id '79575':

           286,845 branches:uk                                                 
            26,259 branch-misses:uk          #    9.15% of all branches        

       1.000711400 seconds time elapsed


 Performance counter stats for process id '79575':

           359,171 branches:uk                                                 
            31,731 branch-misses:uk          #    8.83% of all branches        

       1.000618439 seconds time elapsed


 Performance counter stats for process id '79575':

           389,553 branches:uk                                                 
            40,251 branch-misses:uk          #   10.33% of all branches        

       1.000716391 seconds time elapsed


 Performance counter stats for process id '79575':

           472,000 branches:uk                                                 
            45,780 branch-misses:uk          #    9.70% of all branches        

       1.000722271 seconds time elapsed


 Performance counter stats for process id '79575':

           354,644 branches:uk                                                 
            34,290 branch-misses:uk          #    9.67% of all branches        

       1.000679573 seconds time elapsed


 Performance counter stats for process id '79575':

           431,560 branches:uk                                                 
            42,660 branch-misses:uk          #    9.89% of all branches        

       1.000681528 seconds time elapsed


 Performance counter stats for process id '79575':

           459,547 branches:uk                                                 
            44,136 branch-misses:uk          #    9.60% of all branches        

       1.000645188 seconds time elapsed


 Performance counter stats for process id '79575':

           390,282 branches:uk                                                 
            37,607 branch-misses:uk          #    9.64% of all branches        

       1.000754534 seconds time elapsed


 Performance counter stats for process id '79575':

           374,709 branches:uk                                                 
            34,062 branch-misses:uk          #    9.09% of all branches        

       1.000697178 seconds time elapsed


 Performance counter stats for process id '79575':

           504,242 branches:uk                                                 
            30,887 branch-misses:uk          #    6.13% of all branches        

       1.000702469 seconds time elapsed


 Performance counter stats for process id '79575':

           386,637 branches:uk                                                 
            35,969 branch-misses:uk          #    9.30% of all branches        

       1.000609135 seconds time elapsed


 Performance counter stats for process id '79575':

           458,072 branches:uk                                                 
            48,509 branch-misses:uk          #   10.59% of all branches        

       1.000701583 seconds time elapsed


 Performance counter stats for process id '79575':

           342,325 branches:uk                                                 
            30,346 branch-misses:uk          #    8.86% of all branches        

       1.000705352 seconds time elapsed


 Performance counter stats for process id '79575':

           292,136 branches:uk                                                 
            27,343 branch-misses:uk          #    9.36% of all branches        

       1.000653558 seconds time elapsed


 Performance counter stats for process id '79575':

           373,299 branches:uk                                                 
            35,879 branch-misses:uk          #    9.61% of all branches        

       1.000734307 seconds time elapsed


 Performance counter stats for process id '79575':

           302,389 branches:uk                                                 
            27,939 branch-misses:uk          #    9.24% of all branches        

       1.000629108 seconds time elapsed


 Performance counter stats for process id '79575':

           368,620 branches:uk                                                 
            34,943 branch-misses:uk          #    9.48% of all branches        

       1.000713659 seconds time elapsed


 Performance counter stats for process id '79575':

           245,733 branches:uk                                                 
            22,805 branch-misses:uk          #    9.28% of all branches        

       1.000695376 seconds time elapsed


 Performance counter stats for process id '79575':

           378,976 branches:uk                                                 
            35,484 branch-misses:uk          #    9.36% of all branches        

       1.000609573 seconds time elapsed


 Performance counter stats for process id '79575':

           299,410 branches:uk                                                 
            28,618 branch-misses:uk          #    9.56% of all branches        

       1.000668826 seconds time elapsed


 Performance counter stats for process id '79575':

           374,184 branches:uk                                                 
            33,734 branch-misses:uk          #    9.02% of all branches        

       1.000686558 seconds time elapsed


 Performance counter stats for process id '79575':

           384,493 branches:uk                                                 
            25,392 branch-misses:uk          #    6.60% of all branches        

       1.000808231 seconds time elapsed


 Performance counter stats for process id '79575':

           385,319 branches:uk                                                 
            35,805 branch-misses:uk          #    9.29% of all branches        

       1.000717593 seconds time elapsed


 Performance counter stats for process id '79575':

           281,638 branches:uk                                                 
            24,920 branch-misses:uk          #    8.85% of all branches        

       1.000694526 seconds time elapsed


 Performance counter stats for process id '79575':

           383,304 branches:uk                                                 
            35,320 branch-misses:uk          #    9.21% of all branches        

       1.000851368 seconds time elapsed


 Performance counter stats for process id '79575':

           299,296 branches:uk                                                 
            27,907 branch-misses:uk          #    9.32% of all branches        

       1.000675355 seconds time elapsed


 Performance counter stats for process id '79575':

           480,966 branches:uk                                                 
            48,958 branch-misses:uk          #   10.18% of all branches        

       1.000733797 seconds time elapsed


 Performance counter stats for process id '79575':

           379,316 branches:uk                                                 
            35,376 branch-misses:uk          #    9.33% of all branches        

       1.000631971 seconds time elapsed


 Performance counter stats for process id '79575':

           309,943 branches:uk                                                 
            27,592 branch-misses:uk          #    8.90% of all branches        

       1.000663899 seconds time elapsed


 Performance counter stats for process id '79575':

           227,586 branches:uk                                                 
            20,288 branch-misses:uk          #    8.91% of all branches        

       1.000670085 seconds time elapsed


 Performance counter stats for process id '79575':

           321,103 branches:uk                                                 
            34,594 branch-misses:uk          #   10.77% of all branches         [78.19%]

       1.000769155 seconds time elapsed


 Performance counter stats for process id '79575':

           236,083 branches:uk                                                 
            20,753 branch-misses:uk          #    8.79% of all branches        

       1.000638481 seconds time elapsed


 Performance counter stats for process id '79575':

           304,041 branches:uk                                                 
            26,892 branch-misses:uk          #    8.84% of all branches        

       1.000574898 seconds time elapsed


 Performance counter stats for process id '79575':

           214,711 branches:uk                                                 
            19,030 branch-misses:uk          #    8.86% of all branches        

       1.000736313 seconds time elapsed


 Performance counter stats for process id '79575':

           293,472 branches:uk                                                 
            26,047 branch-misses:uk          #    8.88% of all branches        

       1.000656549 seconds time elapsed


 Performance counter stats for process id '79575':

           269,469 branches:uk                                                 
            25,982 branch-misses:uk          #    9.64% of all branches        

       1.000707172 seconds time elapsed


 Performance counter stats for process id '79575':

           296,700 branches:uk                                                 
            27,237 branch-misses:uk          #    9.18% of all branches        

       1.000704933 seconds time elapsed


 Performance counter stats for process id '79575':

           233,865 branches:uk                                                 
            20,929 branch-misses:uk          #    8.95% of all branches        

       1.000768170 seconds time elapsed


 Performance counter stats for process id '79575':

           298,918 branches:uk                                                 
            26,574 branch-misses:uk          #    8.89% of all branches        

       1.000884101 seconds time elapsed


 Performance counter stats for process id '79575':

           287,467 branches:uk                                                 
            26,246 branch-misses:uk          #    9.13% of all branches        

       1.000770379 seconds time elapsed


 Performance counter stats for process id '79575':

           278,243 branches:uk                                                 
            22,661 branch-misses:uk          #    8.14% of all branches        

       1.001010301 seconds time elapsed


 Performance counter stats for process id '79575':

           406,332 branches:uk                                                 
            43,546 branch-misses:uk          #   10.72% of all branches        

       1.000759197 seconds time elapsed


 Performance counter stats for process id '79575':

           315,762 branches:uk                                                 
            27,144 branch-misses:uk          #    8.60% of all branches        

       1.000639936 seconds time elapsed


 Performance counter stats for process id '79575':

           231,973 branches:uk                                                 
            20,532 branch-misses:uk          #    8.85% of all branches        

       1.000808922 seconds time elapsed


 Performance counter stats for process id '79575':

           262,629 branches:uk                                                 
            23,928 branch-misses:uk          #    9.11% of all branches        

       1.000635598 seconds time elapsed


 Performance counter stats for process id '79575':

           449,193 branches:uk                                                 
            35,098 branch-misses:uk          #    7.81% of all branches        

       1.000765385 seconds time elapsed


 Performance counter stats for process id '79575':

           280,635 branches:uk                                                 
            25,733 branch-misses:uk          #    9.17% of all branches        

       1.000710532 seconds time elapsed


 Performance counter stats for process id '79575':

           297,930 branches:uk                                                 
            26,475 branch-misses:uk          #    8.89% of all branches        

       1.000683768 seconds time elapsed


 Performance counter stats for process id '79575':

           227,305 branches:uk                                                 
            19,939 branch-misses:uk          #    8.77% of all branches        

       1.000641879 seconds time elapsed


 Performance counter stats for process id '79575':

           347,915 branches:uk                                                 
            30,602 branch-misses:uk          #    8.80% of all branches        

       1.000693030 seconds time elapsed


 Performance counter stats for process id '79575':

           232,317 branches:uk                                                 
            16,724 branch-misses:uk          #    7.20% of all branches        

       1.000576219 seconds time elapsed


 Performance counter stats for process id '79575':

           311,792 branches:uk                                                 
            26,175 branch-misses:uk          #    8.40% of all branches        

       1.000629796 seconds time elapsed


 Performance counter stats for process id '79575':

           276,604 branches:uk                                                 
            26,009 branch-misses:uk          #    9.40% of all branches        

       1.000612077 seconds time elapsed


 Performance counter stats for process id '79575':

           538,079 branches:uk                                                 
            30,536 branch-misses:uk          #    5.68% of all branches        

       1.000614422 seconds time elapsed


 Performance counter stats for process id '79575':

           243,960 branches:uk                                                 
            21,590 branch-misses:uk          #    8.85% of all branches        

       1.000669184 seconds time elapsed


 Performance counter stats for process id '79575':

           333,661 branches:uk                                                 
            28,549 branch-misses:uk          #    8.56% of all branches        

       1.000632874 seconds time elapsed


 Performance counter stats for process id '79575':

           392,808 branches:uk                                                 
            38,601 branch-misses:uk          #    9.83% of all branches        

       1.000651384 seconds time elapsed


 Performance counter stats for process id '79575':

           307,617 branches:uk                                                 
            23,652 branch-misses:uk          #    7.69% of all branches        

       1.000644116 seconds time elapsed


 Performance counter stats for process id '79575':

           258,635 branches:uk                                                 
            24,314 branch-misses:uk          #    9.40% of all branches        

       1.000729413 seconds time elapsed


 Performance counter stats for process id '79575':

           306,825 branches:uk                                                 
            28,433 branch-misses:uk          #    9.27% of all branches        

       1.000690889 seconds time elapsed


 Performance counter stats for process id '79575':

           264,224 branches:uk                                                 
            24,329 branch-misses:uk          #    9.21% of all branches        

       1.000626354 seconds time elapsed


 Performance counter stats for process id '79575':

           353,077 branches:uk                                                 
            32,058 branch-misses:uk          #    9.08% of all branches        

       1.000661437 seconds time elapsed


 Performance counter stats for process id '79575':

           410,850 branches:uk                                                  [91.24%]
            24,962 branch-misses:uk          #    6.08% of all branches        

       1.000816384 seconds time elapsed


 Performance counter stats for process id '79575':

           251,384 branches:uk                                                  [90.13%]
            19,551 branch-misses:uk          #    7.78% of all branches        

       1.000760555 seconds time elapsed


 Performance counter stats for process id '79575':

           287,570 branches:uk                                                  [92.15%]
            22,846 branch-misses:uk          #    7.94% of all branches        

       1.000814469 seconds time elapsed


 Performance counter stats for process id '79575':

           224,959 branches:uk                                                  [91.50%]
            17,600 branch-misses:uk          #    7.82% of all branches        

       1.000656661 seconds time elapsed


 Performance counter stats for process id '79575':

           363,709 branches:uk                                                  [88.44%]
            28,787 branch-misses:uk          #    7.91% of all branches        

       1.000663245 seconds time elapsed


 Performance counter stats for process id '79575':

           220,428 branches:uk                                                  [92.42%]
            18,492 branch-misses:uk          #    8.39% of all branches        

       1.000623804 seconds time elapsed


 Performance counter stats for process id '79575':

           314,263 branches:uk                                                  [86.97%]
            23,456 branch-misses:uk          #    7.46% of all branches        

       1.000635344 seconds time elapsed


 Performance counter stats for process id '79575':

           261,821 branches:uk                                                  [93.66%]
            22,460 branch-misses:uk          #    8.58% of all branches        

       1.000683237 seconds time elapsed


 Performance counter stats for process id '79575':

           282,894 branches:uk                                                  [91.22%]
            22,966 branch-misses:uk          #    8.12% of all branches        

       1.000659141 seconds time elapsed


 Performance counter stats for process id '79575':

           417,782 branches:uk                                                  [97.20%]
            40,347 branch-misses:uk          #    9.66% of all branches        

       1.000671625 seconds time elapsed


 Performance counter stats for process id '79575':

           302,330 branches:uk                                                  [87.51%]
            24,053 branch-misses:uk          #    7.96% of all branches        

       1.000744648 seconds time elapsed


 Performance counter stats for process id '79575':

           222,202 branches:uk                                                  [94.44%]
            19,035 branch-misses:uk          #    8.57% of all branches        

       1.000862375 seconds time elapsed


 Performance counter stats for process id '79575':

           329,916 branches:uk                                                  [89.76%]
            25,976 branch-misses:uk          #    7.87% of all branches        

       1.000671849 seconds time elapsed


 Performance counter stats for process id '79575':

           244,208 branches:uk                                                  [88.86%]
            19,599 branch-misses:uk          #    8.03% of all branches        

       1.000679571 seconds time elapsed


 Performance counter stats for process id '79575':

           338,133 branches:uk                                                  [92.87%]
            26,847 branch-misses:uk          #    7.94% of all branches        

       1.000669557 seconds time elapsed


 Performance counter stats for process id '79575':

           280,902 branches:uk                                                  [93.03%]
            23,698 branch-misses:uk          #    8.44% of all branches        

       1.000694493 seconds time elapsed


 Performance counter stats for process id '79575':

           296,576 branches:uk                                                  [89.05%]
            22,555 branch-misses:uk          #    7.61% of all branches        

       1.000786535 seconds time elapsed


 Performance counter stats for process id '79575':

           290,268 branches:uk                                                  [91.70%]
            25,331 branch-misses:uk          #    8.73% of all branches        

       1.000846195 seconds time elapsed


 Performance counter stats for process id '79575':

           333,475 branches:uk                                                  [80.74%]
            23,325 branch-misses:uk          #    6.99% of all branches        

       1.000892714 seconds time elapsed


 Performance counter stats for process id '79575':

           309,107 branches:uk                                                  [94.63%]
            26,555 branch-misses:uk          #    8.59% of all branches        

       1.000775201 seconds time elapsed


 Performance counter stats for process id '79575':

           227,893 branches:uk                                                  [94.05%]
            18,989 branch-misses:uk          #    8.33% of all branches        

       1.000803510 seconds time elapsed


 Performance counter stats for process id '79575':

           265,219 branches:uk                                                  [95.84%]
            22,685 branch-misses:uk          #    8.55% of all branches        

       1.000654961 seconds time elapsed


 Performance counter stats for process id '79575':

           184,678 branches:uk                                                  [97.37%]
            15,516 branch-misses:uk          #    8.40% of all branches        

       1.000721093 seconds time elapsed


 Performance counter stats for process id '79575':

           426,261 branches:uk                                                  [95.33%]
            42,828 branch-misses:uk          #   10.05% of all branches        

       1.000846414 seconds time elapsed


 Performance counter stats for process id '79575':

           245,565 branches:uk                                                  [94.94%]
            23,065 branch-misses:uk          #    9.39% of all branches         [97.85%]

       1.000930701 seconds time elapsed


 Performance counter stats for process id '79575':

           290,281 branches:uk                                                  [93.54%]
            24,526 branch-misses:uk          #    8.45% of all branches        

       1.000697570 seconds time elapsed


 Performance counter stats for process id '79575':

           214,180 branches:uk                                                  [94.23%]
            18,433 branch-misses:uk          #    8.61% of all branches        

       1.000710520 seconds time elapsed


 Performance counter stats for process id '79575':

           264,408 branches:uk                                                  [95.98%]
            21,689 branch-misses:uk          #    8.20% of all branches        

       1.000611001 seconds time elapsed


 Performance counter stats for process id '79575':

           220,287 branches:uk                                                  [92.57%]
            17,727 branch-misses:uk          #    8.05% of all branches        

       1.000638869 seconds time elapsed


 Performance counter stats for process id '79575':

           259,165 branches:uk                                                  [96.12%]
            22,455 branch-misses:uk          #    8.66% of all branches        

       1.000720508 seconds time elapsed


 Performance counter stats for process id '79575':

           289,156 branches:uk                                                  [91.58%]
            23,418 branch-misses:uk          #    8.10% of all branches        

       1.000632558 seconds time elapsed


 Performance counter stats for process id '79575':

           253,441 branches:uk                                                  [95.51%]
            22,258 branch-misses:uk          #    8.78% of all branches        

       1.000697198 seconds time elapsed


 Performance counter stats for process id '79575':

           287,335 branches:uk                                                  [93.85%]
            24,169 branch-misses:uk          #    8.41% of all branches        

       1.000685429 seconds time elapsed


 Performance counter stats for process id '79575':

           244,888 branches:uk                                                  [96.48%]
            21,846 branch-misses:uk          #    8.92% of all branches        

       1.000767241 seconds time elapsed


 Performance counter stats for process id '79575':

           283,665 branches:uk                                                  [93.14%]
            21,100 branch-misses:uk          #    7.44% of all branches        

       1.000656343 seconds time elapsed


 Performance counter stats for process id '79575':

           202,088 branches:uk                                                  [97.57%]
            17,579 branch-misses:uk          #    8.70% of all branches        

       1.000766166 seconds time elapsed


 Performance counter stats for process id '79575':

           259,568 branches:uk                                                  [94.81%]
            22,338 branch-misses:uk          #    8.61% of all branches        

       1.000875082 seconds time elapsed


 Performance counter stats for process id '79575':

           216,206 branches:uk                                                  [95.77%]
            19,056 branch-misses:uk          #    8.81% of all branches        

       1.000739203 seconds time elapsed


 Performance counter stats for process id '79575':

           417,529 branches:uk                                                  [95.32%]
            43,224 branch-misses:uk          #   10.35% of all branches        

       1.000717339 seconds time elapsed


 Performance counter stats for process id '79575':

           212,933 branches:uk                                                  [92.14%]
            17,764 branch-misses:uk          #    8.34% of all branches        

       1.000852925 seconds time elapsed


 Performance counter stats for process id '79575':

           313,882 branches:uk                                                  [93.97%]
            25,872 branch-misses:uk          #    8.24% of all branches        

       1.000749971 seconds time elapsed


 Performance counter stats for process id '79575':

           222,972 branches:uk                                                  [96.48%]
            20,613 branch-misses:uk          #    9.24% of all branches        

       1.000650212 seconds time elapsed


 Performance counter stats for process id '79575':

           643,953 branches:uk                                                  [95.81%]
            31,590 branch-misses:uk          #    4.91% of all branches        

       1.000863668 seconds time elapsed


 Performance counter stats for process id '79575':

           243,211 branches:uk                                                 
            18,903 branch-misses:uk          #    7.77% of all branches        

       1.000615283 seconds time elapsed


 Performance counter stats for process id '79575':

           271,752 branches:uk                                                 
            24,905 branch-misses:uk          #    9.16% of all branches        

       1.000840073 seconds time elapsed


 Performance counter stats for process id '79575':

           211,312 branches:uk                                                 
            19,157 branch-misses:uk          #    9.07% of all branches        

       1.000651839 seconds time elapsed


 Performance counter stats for process id '79575':

           267,442 branches:uk                                                 
            23,995 branch-misses:uk          #    8.97% of all branches        

       1.000731027 seconds time elapsed


 Performance counter stats for process id '79575':

           254,615 branches:uk                                                 
            22,918 branch-misses:uk          #    9.00% of all branches        

       1.000735027 seconds time elapsed


 Performance counter stats for process id '79575':

           277,279 branches:uk                                                 
            23,307 branch-misses:uk          #    8.41% of all branches        

       1.000671288 seconds time elapsed


 Performance counter stats for process id '79575':

           249,546 branches:uk                                                 
            22,126 branch-misses:uk          #    8.87% of all branches        

       1.000830267 seconds time elapsed


 Performance counter stats for process id '79575':

           210,724 branches:uk                                                 
            18,617 branch-misses:uk          #    8.83% of all branches        

       1.000694527 seconds time elapsed


 Performance counter stats for process id '79575':

           273,232 branches:uk                                                 
            24,878 branch-misses:uk          #    9.11% of all branches        

       1.000660001 seconds time elapsed


 Performance counter stats for process id '79575':

           242,585 branches:uk                                                 
            21,700 branch-misses:uk          #    8.95% of all branches        

       1.000781922 seconds time elapsed


 Performance counter stats for process id '79575':

           517,424 branches:uk                                                 
            48,487 branch-misses:uk          #    9.37% of all branches        

       1.000736736 seconds time elapsed


 Performance counter stats for process id '79575':

           209,794 branches:uk                                                 
            16,502 branch-misses:uk          #    7.87% of all branches        

       1.000722760 seconds time elapsed


 Performance counter stats for process id '79575':

           211,845 branches:uk                                                 
            17,427 branch-misses:uk          #    8.23% of all branches        

       1.000714719 seconds time elapsed


 Performance counter stats for process id '79575':

           270,070 branches:uk                                                 
            23,082 branch-misses:uk          #    8.55% of all branches        

       1.000710211 seconds time elapsed


 Performance counter stats for process id '79575':

           206,367 branches:uk                                                 
            17,738 branch-misses:uk          #    8.60% of all branches        

       1.000631170 seconds time elapsed


 Performance counter stats for process id '79575':

           277,939 branches:uk                                                 
            23,606 branch-misses:uk          #    8.49% of all branches        

       1.000681886 seconds time elapsed


 Performance counter stats for process id '79575':

           250,896 branches:uk                                                 
            22,657 branch-misses:uk          #    9.03% of all branches        

       1.000775628 seconds time elapsed


 Performance counter stats for process id '79575':

           403,141 branches:uk                                                 
            27,662 branch-misses:uk          #    6.86% of all branches        

       1.000646953 seconds time elapsed


 Performance counter stats for process id '79575':

           216,444 branches:uk                                                 
            19,343 branch-misses:uk          #    8.94% of all branches        

       1.000647792 seconds time elapsed


 Performance counter stats for process id '79575':

           261,448 branches:uk                                                 
            20,020 branch-misses:uk          #    7.66% of all branches        

       1.000973948 seconds time elapsed


 Performance counter stats for process id '79575':

           218,992 branches:uk                                                 
            19,001 branch-misses:uk          #    8.68% of all branches        

       1.000673001 seconds time elapsed


 Performance counter stats for process id '79575':

           304,172 branches:uk                                                 
            27,291 branch-misses:uk          #    8.97% of all branches        

       1.000844577 seconds time elapsed


 Performance counter stats for process id '79575':

           219,326 branches:uk                                                  [93.82%]
            18,736 branch-misses:uk          #    8.54% of all branches        

       1.000799194 seconds time elapsed


 Performance counter stats for process id '79575':

           276,122 branches:uk                                                  [88.37%]
            22,338 branch-misses:uk          #    8.09% of all branches        

       1.000588946 seconds time elapsed


 Performance counter stats for process id '79575':

           201,749 branches:uk                                                  [94.71%]
            17,253 branch-misses:uk          #    8.55% of all branches        

       1.000652574 seconds time elapsed


 Performance counter stats for process id '79575':

           420,315 branches:uk                                                  [93.29%]
            42,934 branch-misses:uk          #   10.21% of all branches        

       1.000700801 seconds time elapsed


 Performance counter stats for process id '79575':

           211,172 branches:uk                                                  [93.99%]
            17,573 branch-misses:uk          #    8.32% of all branches        

       1.000671987 seconds time elapsed


 Performance counter stats for process id '79575':

           270,368 branches:uk                                                  [89.09%]
            22,153 branch-misses:uk          #    8.19% of all branches        

       1.000917484 seconds time elapsed


 Performance counter stats for process id '79575':

           205,544 branches:uk                                                  [92.69%]
            17,236 branch-misses:uk          #    8.39% of all branches        

       1.000701294 seconds time elapsed


 Performance counter stats for process id '79575':

           260,632 branches:uk                                                  [91.55%]
            21,760 branch-misses:uk          #    8.35% of all branches        

       1.000918026 seconds time elapsed


 Performance counter stats for process id '79575':

           235,916 branches:uk                                                  [95.14%]
            19,057 branch-misses:uk          #    8.08% of all branches        

       1.000579639 seconds time elapsed


 Performance counter stats for process id '79575':

           273,610 branches:uk                                                  [89.53%]
            21,735 branch-misses:uk          #    7.94% of all branches        

       1.000780679 seconds time elapsed


 Performance counter stats for process id '79575':

           205,313 branches:uk                                                  [93.18%]
            17,290 branch-misses:uk          #    8.42% of all branches        

       1.000651211 seconds time elapsed


 Performance counter stats for process id '79575':

           236,800 branches:uk                                                  [93.68%]
            20,058 branch-misses:uk          #    8.47% of all branches        

       1.000841787 seconds time elapsed


 Performance counter stats for process id '79575':

           241,112 branches:uk                                                  [92.40%]
            20,022 branch-misses:uk          #    8.30% of all branches        

       1.000691059 seconds time elapsed


 Performance counter stats for process id '79575':

           243,288 branches:uk                                                  [89.88%]
            19,597 branch-misses:uk          #    8.06% of all branches        

       1.000905611 seconds time elapsed


 Performance counter stats for process id '79575':

           257,306 branches:uk                                                  [89.91%]
            20,621 branch-misses:uk          #    8.01% of all branches        

       1.000629811 seconds time elapsed


 Performance counter stats for process id '79575':

       188,553,099 branches:uk                                                  [99.98%]
           736,614 branch-misses:uk          #    0.39% of all branches         [100.00%]

       1.000616299 seconds time elapsed

