1,055,572
7,620
663
615
542
607
589
1,164
502
669
557
587
682
80,997
992
2,298
583
1,029
801
975
852
929
1,668
908
1,139
710
1,033
1,113
1,157
1,185
818
1,129
1,124
1,126
1,196
1,097
1,622
2,419
1,665
1,731
1,743
1,556
1,013
992
647
1,067
992
1,026
1,047
672
1,072
1,683
842
1,089
801
1,179
1,059
938
1,081
854
882
1,216
853
690
764
473
1,183
446
584
498
664
516
772
608
792
965
729
616
617
605
1,591
510
584
660
562
1,134
749
699
548
755
788
612
567
606
650
1,392
963
831
696
601
2,700
662
463
1,025
653
701
726
947
973
728
1,759
678
643
503
597
1,090
512
646
939
1,048
718
615
599
672
1,142
726
879
1,199
848
752
712
688
603
987
927
818
543
636
607
1,902
875
686
917
767
649
754
684
1,142
793
790
853
768
934
765
1,008
521
880
905
1,261
583
633
569
524
494
601
593
1,088
729
1,285
758
568
568
619
1,009
575
532
631
599
587
618
571
855
712
3,485
740,788
