412,079
11,792
365,559
125,424
902
1,293
933
1,138
992
831
1,124
896
1,349
1,097
6,161
388,052
2,712
1,061
1,243
1,176
1,331
1,283
1,850
1,115
1,428
1,258
1,562
1,550
1,450
1,801
1,395
1,199
1,401
1,153
1,365
1,382
1,221
1,547
1,136
1,666
1,399
1,528
1,301
1,372
1,990
1,411
1,323
1,577
1,091
1,238
999
1,353
997
1,330
1,027
1,544
1,028
1,217
1,517
1,395
1,119
1,219
1,117
1,418
1,074
1,455
1,012
1,447
827
1,473
1,315
819
1,346
1,776
1,412
1,580
1,483
1,152
924
1,341
983
1,332
1,133
1,311
722
1,101
1,075
1,259
1,533
1,340
957
1,595
840
1,306
752
894
944
1,158
951
1,252
817
1,318
887
1,952
951
1,251
1,015
958
977
871
1,373
921
1,324
869
1,034
1,101
900
9,173
894
1,461
816
1,318
853
852
705
959
709
740
508
672
774
524
1,228
588
1,152
554
670
519
120,352
