
 Performance counter stats for process id '62213':

       430,082,061 L1-dcache-loads                                              [99.98%]
        10,402,877 L1-dcache-load-misses     #    2.42% of all L1-dcache hits   [99.98%]

       1.000664819 seconds time elapsed


 Performance counter stats for process id '62213':

           435,301 L1-dcache-loads                                             
            48,661 L1-dcache-load-misses     #   11.18% of all L1-dcache hits  

       1.000598768 seconds time elapsed


 Performance counter stats for process id '62213':

           547,323 L1-dcache-loads                                             
            62,420 L1-dcache-load-misses     #   11.40% of all L1-dcache hits  

       1.000668034 seconds time elapsed


 Performance counter stats for process id '62213':

           633,399 L1-dcache-loads                                             
            99,874 L1-dcache-load-misses     #   15.77% of all L1-dcache hits  

       1.000688617 seconds time elapsed


 Performance counter stats for process id '62213':

           530,045 L1-dcache-loads                                             
            60,490 L1-dcache-load-misses     #   11.41% of all L1-dcache hits  

       1.000744285 seconds time elapsed


 Performance counter stats for process id '62213':

           512,482 L1-dcache-loads                                             
            58,199 L1-dcache-load-misses     #   11.36% of all L1-dcache hits  

       1.000777813 seconds time elapsed


 Performance counter stats for process id '62213':

           474,617 L1-dcache-loads                                             
            54,044 L1-dcache-load-misses     #   11.39% of all L1-dcache hits  

       1.000748516 seconds time elapsed


 Performance counter stats for process id '62213':

           503,258 L1-dcache-loads                                             
            56,742 L1-dcache-load-misses     #   11.27% of all L1-dcache hits  

       1.000792146 seconds time elapsed


 Performance counter stats for process id '62213':

           456,109 L1-dcache-loads                                             
            51,644 L1-dcache-load-misses     #   11.32% of all L1-dcache hits  

       1.000665654 seconds time elapsed


 Performance counter stats for process id '62213':

           543,672 L1-dcache-loads                                             
            61,222 L1-dcache-load-misses     #   11.26% of all L1-dcache hits  

       1.000669849 seconds time elapsed


 Performance counter stats for process id '62213':

           525,825 L1-dcache-loads                                             
            63,466 L1-dcache-load-misses     #   12.07% of all L1-dcache hits  

       1.007759591 seconds time elapsed


 Performance counter stats for process id '62213':

       947,100,267 L1-dcache-loads                                             
        77,559,524 L1-dcache-load-misses     #    8.19% of all L1-dcache hits  

       1.000717921 seconds time elapsed


 Performance counter stats for process id '62213':

           535,969 L1-dcache-loads                                             
            68,163 L1-dcache-load-misses     #   12.72% of all L1-dcache hits   [85.42%]

       1.000665277 seconds time elapsed


 Performance counter stats for process id '62213':

         1,979,957 L1-dcache-loads                                             
           433,699 L1-dcache-load-misses     #   21.90% of all L1-dcache hits   [91.35%]

       1.000666962 seconds time elapsed


 Performance counter stats for process id '62213':

           517,653 L1-dcache-loads                                             
            56,725 L1-dcache-load-misses     #   10.96% of all L1-dcache hits   [86.90%]

       1.000655447 seconds time elapsed


 Performance counter stats for process id '62213':

           584,055 L1-dcache-loads                                             
            66,051 L1-dcache-load-misses     #   11.31% of all L1-dcache hits  

       1.000606985 seconds time elapsed


 Performance counter stats for process id '62213':

           418,348 L1-dcache-loads                                             
            48,426 L1-dcache-load-misses     #   11.58% of all L1-dcache hits  

       1.000686775 seconds time elapsed


 Performance counter stats for process id '62213':

           797,825 L1-dcache-loads                                             
           121,185 L1-dcache-load-misses     #   15.19% of all L1-dcache hits   [97.06%]

       1.000704509 seconds time elapsed


 Performance counter stats for process id '62213':

           608,603 L1-dcache-loads                                             
            72,926 L1-dcache-load-misses     #   11.98% of all L1-dcache hits   [96.48%]

       1.000652341 seconds time elapsed


 Performance counter stats for process id '62213':

           605,995 L1-dcache-loads                                             
            69,567 L1-dcache-load-misses     #   11.48% of all L1-dcache hits   [95.53%]

       1.000725102 seconds time elapsed


 Performance counter stats for process id '62213':

           480,836 L1-dcache-loads                                             
            53,382 L1-dcache-load-misses     #   11.10% of all L1-dcache hits   [95.63%]

       1.000673629 seconds time elapsed


 Performance counter stats for process id '62213':

           583,250 L1-dcache-loads                                             
            66,224 L1-dcache-load-misses     #   11.35% of all L1-dcache hits   [96.00%]

       1.000707034 seconds time elapsed


 Performance counter stats for process id '62213':

           481,274 L1-dcache-loads                                             
            54,728 L1-dcache-load-misses     #   11.37% of all L1-dcache hits   [95.06%]

       1.000657612 seconds time elapsed


 Performance counter stats for process id '62213':

           575,697 L1-dcache-loads                                             
            65,410 L1-dcache-load-misses     #   11.36% of all L1-dcache hits   [95.67%]

       1.000553237 seconds time elapsed


 Performance counter stats for process id '62213':

           474,935 L1-dcache-loads                                             
            54,604 L1-dcache-load-misses     #   11.50% of all L1-dcache hits   [94.40%]

       1.000662044 seconds time elapsed


 Performance counter stats for process id '62213':

           576,205 L1-dcache-loads                                             
            65,815 L1-dcache-load-misses     #   11.42% of all L1-dcache hits   [95.38%]

       1.000636198 seconds time elapsed


 Performance counter stats for process id '62213':

           543,634 L1-dcache-loads                                             
            62,921 L1-dcache-load-misses     #   11.57% of all L1-dcache hits   [95.35%]

       1.000667423 seconds time elapsed


 Performance counter stats for process id '62213':

           501,198 L1-dcache-loads                                             
            56,971 L1-dcache-load-misses     #   11.37% of all L1-dcache hits   [94.85%]

       1.000698579 seconds time elapsed


 Performance counter stats for process id '62213':

           584,757 L1-dcache-loads                                             
            66,264 L1-dcache-load-misses     #   11.33% of all L1-dcache hits   [90.50%]

       1.000657070 seconds time elapsed


 Performance counter stats for process id '62213':

           552,124 L1-dcache-loads                                             
            62,439 L1-dcache-load-misses     #   11.31% of all L1-dcache hits   [95.22%]

       1.000651429 seconds time elapsed


 Performance counter stats for process id '62213':

           568,415 L1-dcache-loads                                             
            66,411 L1-dcache-load-misses     #   11.68% of all L1-dcache hits   [95.04%]

       1.000631731 seconds time elapsed


 Performance counter stats for process id '62213':

           500,698 L1-dcache-loads                                             
            57,419 L1-dcache-load-misses     #   11.47% of all L1-dcache hits   [94.88%]

       1.000695608 seconds time elapsed


 Performance counter stats for process id '62213':

           759,972 L1-dcache-loads                                             
           114,410 L1-dcache-load-misses     #   15.05% of all L1-dcache hits   [96.68%]

       1.000694289 seconds time elapsed


 Performance counter stats for process id '62213':

           504,492 L1-dcache-loads                                             
            57,441 L1-dcache-load-misses     #   11.39% of all L1-dcache hits   [95.82%]

       1.000716356 seconds time elapsed


 Performance counter stats for process id '62213':

           571,148 L1-dcache-loads                                             
            64,842 L1-dcache-load-misses     #   11.35% of all L1-dcache hits   [95.87%]

       1.000656360 seconds time elapsed


 Performance counter stats for process id '62213':

           504,092 L1-dcache-loads                                             
            57,885 L1-dcache-load-misses     #   11.48% of all L1-dcache hits   [94.05%]

       1.000619179 seconds time elapsed


 Performance counter stats for process id '62213':

           548,880 L1-dcache-loads                                             
            62,470 L1-dcache-load-misses     #   11.38% of all L1-dcache hits   [95.63%]

       1.000668627 seconds time elapsed


 Performance counter stats for process id '62213':

           515,261 L1-dcache-loads                                             
            58,235 L1-dcache-load-misses     #   11.30% of all L1-dcache hits   [95.02%]

       1.000655407 seconds time elapsed


 Performance counter stats for process id '62213':

           579,038 L1-dcache-loads                                             
            65,976 L1-dcache-load-misses     #   11.39% of all L1-dcache hits   [95.36%]

       1.000635639 seconds time elapsed


 Performance counter stats for process id '62213':

           535,626 L1-dcache-loads                                             
            60,671 L1-dcache-load-misses     #   11.33% of all L1-dcache hits   [88.05%]

       1.000637434 seconds time elapsed


 Performance counter stats for process id '62213':

           565,782 L1-dcache-loads                                             
            64,451 L1-dcache-load-misses     #   11.39% of all L1-dcache hits   [95.48%]

       1.000666243 seconds time elapsed


 Performance counter stats for process id '62213':

           507,710 L1-dcache-loads                                             
            57,974 L1-dcache-load-misses     #   11.42% of all L1-dcache hits   [94.92%]

       1.000665847 seconds time elapsed


 Performance counter stats for process id '62213':

           562,053 L1-dcache-loads                                             
            65,554 L1-dcache-load-misses     #   11.66% of all L1-dcache hits   [94.39%]

       1.000594839 seconds time elapsed


 Performance counter stats for process id '62213':

           494,779 L1-dcache-loads                                             
            55,516 L1-dcache-load-misses     #   11.22% of all L1-dcache hits   [95.24%]

       1.000678954 seconds time elapsed


 Performance counter stats for process id '62213':

           511,962 L1-dcache-loads                                             
            58,437 L1-dcache-load-misses     #   11.41% of all L1-dcache hits  

       1.000856468 seconds time elapsed


 Performance counter stats for process id '62213':

           461,328 L1-dcache-loads                                             
            52,403 L1-dcache-load-misses     #   11.36% of all L1-dcache hits  

       1.000656122 seconds time elapsed


 Performance counter stats for process id '62213':

           536,578 L1-dcache-loads                                             
            60,746 L1-dcache-load-misses     #   11.32% of all L1-dcache hits  

       1.000777097 seconds time elapsed


 Performance counter stats for process id '62213':

           634,932 L1-dcache-loads                                             
            99,814 L1-dcache-load-misses     #   15.72% of all L1-dcache hits  

       1.000646567 seconds time elapsed


 Performance counter stats for process id '62213':

           421,689 L1-dcache-loads                                             
            47,680 L1-dcache-load-misses     #   11.31% of all L1-dcache hits  

       1.000727598 seconds time elapsed


 Performance counter stats for process id '62213':

           550,679 L1-dcache-loads                                             
            63,085 L1-dcache-load-misses     #   11.46% of all L1-dcache hits  

       1.000885860 seconds time elapsed


 Performance counter stats for process id '62213':

           439,972 L1-dcache-loads                                             
            50,440 L1-dcache-load-misses     #   11.46% of all L1-dcache hits  

       1.000676095 seconds time elapsed


 Performance counter stats for process id '62213':

           538,086 L1-dcache-loads                                             
            61,225 L1-dcache-load-misses     #   11.38% of all L1-dcache hits  

       1.000695833 seconds time elapsed


 Performance counter stats for process id '62213':

           443,613 L1-dcache-loads                                             
            50,581 L1-dcache-load-misses     #   11.40% of all L1-dcache hits  

       1.000686435 seconds time elapsed


 Performance counter stats for process id '62213':

           544,260 L1-dcache-loads                                             
            61,251 L1-dcache-load-misses     #   11.25% of all L1-dcache hits  

       1.000606960 seconds time elapsed


 Performance counter stats for process id '62213':

           454,903 L1-dcache-loads                                             
            52,325 L1-dcache-load-misses     #   11.50% of all L1-dcache hits  

       1.000861925 seconds time elapsed


 Performance counter stats for process id '62213':

           551,525 L1-dcache-loads                                             
            63,312 L1-dcache-load-misses     #   11.48% of all L1-dcache hits  

       1.000781010 seconds time elapsed


 Performance counter stats for process id '62213':

           416,132 L1-dcache-loads                                             
            47,852 L1-dcache-load-misses     #   11.50% of all L1-dcache hits  

       1.000703457 seconds time elapsed


 Performance counter stats for process id '62213':

           533,321 L1-dcache-loads                                             
            61,095 L1-dcache-load-misses     #   11.46% of all L1-dcache hits  

       1.000886873 seconds time elapsed


 Performance counter stats for process id '62213':

           535,193 L1-dcache-loads                                             
            60,909 L1-dcache-load-misses     #   11.38% of all L1-dcache hits  

       1.000658791 seconds time elapsed


 Performance counter stats for process id '62213':

           466,208 L1-dcache-loads                                             
            51,593 L1-dcache-load-misses     #   11.07% of all L1-dcache hits  

       1.000800906 seconds time elapsed


 Performance counter stats for process id '62213':

           504,942 L1-dcache-loads                                             
            57,645 L1-dcache-load-misses     #   11.42% of all L1-dcache hits  

       1.000922006 seconds time elapsed


 Performance counter stats for process id '62213':

           457,225 L1-dcache-loads                                             
            51,276 L1-dcache-load-misses     #   11.21% of all L1-dcache hits  

       1.000791705 seconds time elapsed


 Performance counter stats for process id '62213':

           733,882 L1-dcache-loads                                             
           114,076 L1-dcache-load-misses     #   15.54% of all L1-dcache hits  

       1.000629856 seconds time elapsed


 Performance counter stats for process id '62213':

           465,672 L1-dcache-loads                                             
            53,193 L1-dcache-load-misses     #   11.42% of all L1-dcache hits  

       1.000611461 seconds time elapsed


 Performance counter stats for process id '62213':

           517,882 L1-dcache-loads                                             
            58,991 L1-dcache-load-misses     #   11.39% of all L1-dcache hits  

       1.000724895 seconds time elapsed


 Performance counter stats for process id '62213':

           467,823 L1-dcache-loads                                             
            53,389 L1-dcache-load-misses     #   11.41% of all L1-dcache hits  

       1.000856024 seconds time elapsed


 Performance counter stats for process id '62213':

           526,179 L1-dcache-loads                                             
            60,010 L1-dcache-load-misses     #   11.40% of all L1-dcache hits  

       1.000657264 seconds time elapsed


 Performance counter stats for process id '62213':

           436,553 L1-dcache-loads                                             
            49,956 L1-dcache-load-misses     #   11.44% of all L1-dcache hits  

       1.000715335 seconds time elapsed


 Performance counter stats for process id '62213':

           527,048 L1-dcache-loads                                             
            59,692 L1-dcache-load-misses     #   11.33% of all L1-dcache hits  

       1.000616112 seconds time elapsed


 Performance counter stats for process id '62213':

           437,387 L1-dcache-loads                                             
            49,540 L1-dcache-load-misses     #   11.33% of all L1-dcache hits  

       1.000686981 seconds time elapsed


 Performance counter stats for process id '62213':

           708,055 L1-dcache-loads                                             
           140,744 L1-dcache-load-misses     #   19.88% of all L1-dcache hits  

       1.000732339 seconds time elapsed


 Performance counter stats for process id '62213':

           478,654 L1-dcache-loads                                             
            53,218 L1-dcache-load-misses     #   11.12% of all L1-dcache hits  

       1.000612927 seconds time elapsed


 Performance counter stats for process id '62213':

           435,366 L1-dcache-loads                                             
            48,219 L1-dcache-load-misses     #   11.08% of all L1-dcache hits  

       1.000598293 seconds time elapsed


 Performance counter stats for process id '62213':

           478,581 L1-dcache-loads                                             
            54,095 L1-dcache-load-misses     #   11.30% of all L1-dcache hits  

       1.000679591 seconds time elapsed


 Performance counter stats for process id '62213':

           447,703 L1-dcache-loads                                             
            50,320 L1-dcache-load-misses     #   11.24% of all L1-dcache hits  

       1.000889450 seconds time elapsed


 Performance counter stats for process id '62213':

           485,030 L1-dcache-loads                                             
            54,754 L1-dcache-load-misses     #   11.29% of all L1-dcache hits  

       1.000645789 seconds time elapsed


 Performance counter stats for process id '62213':

           626,527 L1-dcache-loads                                             
            98,105 L1-dcache-load-misses     #   15.66% of all L1-dcache hits  

       1.000781800 seconds time elapsed


 Performance counter stats for process id '62213':

           508,353 L1-dcache-loads                                             
            58,724 L1-dcache-load-misses     #   11.55% of all L1-dcache hits  

       1.000667877 seconds time elapsed


 Performance counter stats for process id '62213':

           449,700 L1-dcache-loads                                             
            50,675 L1-dcache-load-misses     #   11.27% of all L1-dcache hits  

       1.000627088 seconds time elapsed


 Performance counter stats for process id '62213':

           484,087 L1-dcache-loads                                             
            54,336 L1-dcache-load-misses     #   11.22% of all L1-dcache hits  

       1.000953795 seconds time elapsed


 Performance counter stats for process id '62213':

           443,598 L1-dcache-loads                                             
            49,869 L1-dcache-load-misses     #   11.24% of all L1-dcache hits  

       1.000668049 seconds time elapsed


 Performance counter stats for process id '62213':

           504,654 L1-dcache-loads                                             
            57,102 L1-dcache-load-misses     #   11.32% of all L1-dcache hits  

       1.000641528 seconds time elapsed


 Performance counter stats for process id '62213':

           453,877 L1-dcache-loads                                             
            50,907 L1-dcache-load-misses     #   11.22% of all L1-dcache hits  

       1.000649248 seconds time elapsed


 Performance counter stats for process id '62213':

           558,699 L1-dcache-loads                                             
            65,545 L1-dcache-load-misses     #   11.73% of all L1-dcache hits  

       1.000585767 seconds time elapsed


 Performance counter stats for process id '62213':

           430,336 L1-dcache-loads                                             
            48,160 L1-dcache-load-misses     #   11.19% of all L1-dcache hits  

       1.000884396 seconds time elapsed


 Performance counter stats for process id '62213':

           619,945 L1-dcache-loads                                             
            68,132 L1-dcache-load-misses     #   10.99% of all L1-dcache hits   [91.73%]

       1.000640070 seconds time elapsed


 Performance counter stats for process id '62213':

           568,710 L1-dcache-loads                                             
            62,510 L1-dcache-load-misses     #   10.99% of all L1-dcache hits   [85.47%]

       1.000794417 seconds time elapsed


 Performance counter stats for process id '62213':

           598,062 L1-dcache-loads                                             
            66,264 L1-dcache-load-misses     #   11.08% of all L1-dcache hits   [88.67%]

       1.000679911 seconds time elapsed


 Performance counter stats for process id '62213':

           672,356 L1-dcache-loads                                             
            73,895 L1-dcache-load-misses     #   10.99% of all L1-dcache hits   [79.65%]

       1.000693035 seconds time elapsed


 Performance counter stats for process id '62213':

           589,698 L1-dcache-loads                                             
            65,601 L1-dcache-load-misses     #   11.12% of all L1-dcache hits   [82.45%]

       1.000631890 seconds time elapsed


 Performance counter stats for process id '62213':

           664,732 L1-dcache-loads                                             
            76,155 L1-dcache-load-misses     #   11.46% of all L1-dcache hits   [82.38%]

       1.000621703 seconds time elapsed


 Performance counter stats for process id '62213':

           792,289 L1-dcache-loads                                             
           121,346 L1-dcache-load-misses     #   15.32% of all L1-dcache hits   [87.23%]

       1.000559160 seconds time elapsed


 Performance counter stats for process id '62213':

           613,718 L1-dcache-loads                                             
            68,417 L1-dcache-load-misses     #   11.15% of all L1-dcache hits   [87.52%]

       1.000623246 seconds time elapsed


 Performance counter stats for process id '62213':

           590,804 L1-dcache-loads                                             
            66,590 L1-dcache-load-misses     #   11.27% of all L1-dcache hits   [81.92%]

       1.000637557 seconds time elapsed


 Performance counter stats for process id '62213':

           631,884 L1-dcache-loads                                             
            71,452 L1-dcache-load-misses     #   11.31% of all L1-dcache hits   [81.74%]

       1.000619451 seconds time elapsed


 Performance counter stats for process id '62213':

           590,418 L1-dcache-loads                                             
            66,256 L1-dcache-load-misses     #   11.22% of all L1-dcache hits   [83.16%]

       1.000673253 seconds time elapsed


 Performance counter stats for process id '62213':

           565,644 L1-dcache-loads                                             
            65,919 L1-dcache-load-misses     #   11.65% of all L1-dcache hits   [93.84%]

       1.000631110 seconds time elapsed


 Performance counter stats for process id '62213':

           512,420 L1-dcache-loads                                             
            60,041 L1-dcache-load-misses     #   11.72% of all L1-dcache hits   [94.20%]

       1.000625003 seconds time elapsed


 Performance counter stats for process id '62213':

           582,645 L1-dcache-loads                                             
            66,661 L1-dcache-load-misses     #   11.44% of all L1-dcache hits   [94.55%]

       1.000596233 seconds time elapsed


 Performance counter stats for process id '62213':

           509,290 L1-dcache-loads                                             
            57,218 L1-dcache-load-misses     #   11.23% of all L1-dcache hits   [94.16%]

       1.000679565 seconds time elapsed


 Performance counter stats for process id '62213':

           581,004 L1-dcache-loads                                             
            65,504 L1-dcache-load-misses     #   11.27% of all L1-dcache hits   [93.37%]

       1.000685367 seconds time elapsed


 Performance counter stats for process id '62213':

           517,204 L1-dcache-loads                                             
            58,500 L1-dcache-load-misses     #   11.31% of all L1-dcache hits   [94.06%]

       1.000617915 seconds time elapsed


 Performance counter stats for process id '62213':

           543,882 L1-dcache-loads                                             
            61,346 L1-dcache-load-misses     #   11.28% of all L1-dcache hits   [94.56%]

       1.000537894 seconds time elapsed


 Performance counter stats for process id '62213':

           515,374 L1-dcache-loads                                             
            58,414 L1-dcache-load-misses     #   11.33% of all L1-dcache hits   [93.64%]

       1.000574778 seconds time elapsed


 Performance counter stats for process id '62213':

           572,169 L1-dcache-loads                                             
            64,126 L1-dcache-load-misses     #   11.21% of all L1-dcache hits   [94.79%]

       1.000617514 seconds time elapsed


 Performance counter stats for process id '62213':

           496,071 L1-dcache-loads                                             
            56,003 L1-dcache-load-misses     #   11.29% of all L1-dcache hits   [92.97%]

       1.000629157 seconds time elapsed


 Performance counter stats for process id '62213':

           753,669 L1-dcache-loads                                             
           113,823 L1-dcache-load-misses     #   15.10% of all L1-dcache hits   [95.93%]

       1.000629593 seconds time elapsed


 Performance counter stats for process id '62213':

           491,447 L1-dcache-loads                                             
            55,631 L1-dcache-load-misses     #   11.32% of all L1-dcache hits   [93.22%]

       1.000643130 seconds time elapsed


 Performance counter stats for process id '62213':

           575,198 L1-dcache-loads                                             
            65,634 L1-dcache-load-misses     #   11.41% of all L1-dcache hits   [93.68%]

       1.000628045 seconds time elapsed


 Performance counter stats for process id '62213':

           510,146 L1-dcache-loads                                             
            57,809 L1-dcache-load-misses     #   11.33% of all L1-dcache hits   [93.63%]

       1.000583056 seconds time elapsed


 Performance counter stats for process id '62213':

           566,904 L1-dcache-loads                                             
            64,065 L1-dcache-load-misses     #   11.30% of all L1-dcache hits   [94.58%]

       1.000604990 seconds time elapsed


 Performance counter stats for process id '62213':

           473,305 L1-dcache-loads                                             
            53,888 L1-dcache-load-misses     #   11.39% of all L1-dcache hits   [93.09%]

       1.000618718 seconds time elapsed


 Performance counter stats for process id '62213':

           604,240 L1-dcache-loads                                             
            69,180 L1-dcache-load-misses     #   11.45% of all L1-dcache hits   [95.16%]

       1.000542001 seconds time elapsed


 Performance counter stats for process id '62213':

           480,261 L1-dcache-loads                                             
            54,437 L1-dcache-load-misses     #   11.33% of all L1-dcache hits   [93.61%]

       1.000721676 seconds time elapsed


 Performance counter stats for process id '62213':

           602,795 L1-dcache-loads                                             
            68,157 L1-dcache-load-misses     #   11.31% of all L1-dcache hits   [94.87%]

       1.000624446 seconds time elapsed


 Performance counter stats for process id '62213':

           471,474 L1-dcache-loads                                             
            53,512 L1-dcache-load-misses     #   11.35% of all L1-dcache hits   [92.63%]

       1.000553573 seconds time elapsed


 Performance counter stats for process id '62213':

           568,098 L1-dcache-loads                                             
            63,900 L1-dcache-load-misses     #   11.25% of all L1-dcache hits   [94.51%]

       1.000625185 seconds time elapsed


 Performance counter stats for process id '62213':

           491,455 L1-dcache-loads                                             
            55,497 L1-dcache-load-misses     #   11.29% of all L1-dcache hits   [93.98%]

       1.000543913 seconds time elapsed


 Performance counter stats for process id '62213':

           580,714 L1-dcache-loads                                             
            65,744 L1-dcache-load-misses     #   11.32% of all L1-dcache hits   [93.94%]

       1.000581176 seconds time elapsed


 Performance counter stats for process id '62213':

           503,589 L1-dcache-loads                                             
            56,130 L1-dcache-load-misses     #   11.15% of all L1-dcache hits   [93.84%]

       1.000596149 seconds time elapsed


 Performance counter stats for process id '62213':

           594,790 L1-dcache-loads                                             
            67,855 L1-dcache-load-misses     #   11.41% of all L1-dcache hits   [95.10%]

       1.000622766 seconds time elapsed


 Performance counter stats for process id '62213':

           654,176 L1-dcache-loads                                             
           103,678 L1-dcache-load-misses     #   15.85% of all L1-dcache hits  

       1.000602477 seconds time elapsed


 Performance counter stats for process id '62213':

           581,049 L1-dcache-loads                                             
            66,180 L1-dcache-load-misses     #   11.39% of all L1-dcache hits   [94.09%]

       1.000616192 seconds time elapsed


 Performance counter stats for process id '62213':

           480,577 L1-dcache-loads                                             
            53,833 L1-dcache-load-misses     #   11.20% of all L1-dcache hits   [94.28%]

       1.000617567 seconds time elapsed


 Performance counter stats for process id '62213':

           684,621 L1-dcache-loads                                             
           137,446 L1-dcache-load-misses     #   20.08% of all L1-dcache hits   [95.17%]

       1.000605624 seconds time elapsed


 Performance counter stats for process id '62213':

           479,829 L1-dcache-loads                                             
            53,626 L1-dcache-load-misses     #   11.18% of all L1-dcache hits   [94.06%]

       1.000539202 seconds time elapsed


 Performance counter stats for process id '62213':

           650,707 L1-dcache-loads                                             
            71,582 L1-dcache-load-misses     #   11.00% of all L1-dcache hits   [86.44%]

       1.000676772 seconds time elapsed


 Performance counter stats for process id '62213':

           567,438 L1-dcache-loads                                             
            64,415 L1-dcache-load-misses     #   11.35% of all L1-dcache hits  

       1.000637599 seconds time elapsed


 Performance counter stats for process id '62213':

           576,771 L1-dcache-loads                                             
            66,673 L1-dcache-load-misses     #   11.56% of all L1-dcache hits  

       1.000655394 seconds time elapsed


 Performance counter stats for process id '62213':

           586,692 L1-dcache-loads                                             
            70,771 L1-dcache-load-misses     #   12.06% of all L1-dcache hits   [93.04%]

       1.000702618 seconds time elapsed


 Performance counter stats for process id '62213':

           571,253 L1-dcache-loads                                             
            65,020 L1-dcache-load-misses     #   11.38% of all L1-dcache hits  

       1.000696273 seconds time elapsed


 Performance counter stats for process id '62213':

           529,518 L1-dcache-loads                                             
            62,903 L1-dcache-load-misses     #   11.88% of all L1-dcache hits  

       1.000775367 seconds time elapsed


 Performance counter stats for process id '62213':

           456,617 L1-dcache-loads                                             
            52,065 L1-dcache-load-misses     #   11.40% of all L1-dcache hits  

       1.000663620 seconds time elapsed


 Performance counter stats for process id '62213':

           508,866 L1-dcache-loads                                             
            57,296 L1-dcache-load-misses     #   11.26% of all L1-dcache hits  

       1.000705467 seconds time elapsed


 Performance counter stats for process id '62213':

           454,452 L1-dcache-loads                                             
            51,500 L1-dcache-load-misses     #   11.33% of all L1-dcache hits  

       1.000801803 seconds time elapsed


 Performance counter stats for process id '62213':

           772,105 L1-dcache-loads                                             
           115,179 L1-dcache-load-misses     #   14.92% of all L1-dcache hits   [95.58%]

       1.000676680 seconds time elapsed


 Performance counter stats for process id '62213':

           459,395 L1-dcache-loads                                             
            53,194 L1-dcache-load-misses     #   11.58% of all L1-dcache hits  

       1.000539216 seconds time elapsed


 Performance counter stats for process id '62213':

           489,124 L1-dcache-loads                                             
            54,782 L1-dcache-load-misses     #   11.20% of all L1-dcache hits  

       1.000698823 seconds time elapsed


 Performance counter stats for process id '62213':

           447,981 L1-dcache-loads                                             
            52,114 L1-dcache-load-misses     #   11.63% of all L1-dcache hits  

       1.000680407 seconds time elapsed


 Performance counter stats for process id '62213':

           522,037 L1-dcache-loads                                             
            58,762 L1-dcache-load-misses     #   11.26% of all L1-dcache hits  

       1.000694315 seconds time elapsed


 Performance counter stats for process id '62213':

           501,597 L1-dcache-loads                                             
            55,964 L1-dcache-load-misses     #   11.16% of all L1-dcache hits   [93.07%]

       1.000711921 seconds time elapsed


 Performance counter stats for process id '62213':

           563,251 L1-dcache-loads                                             
            64,900 L1-dcache-load-misses     #   11.52% of all L1-dcache hits  

       1.000574960 seconds time elapsed


 Performance counter stats for process id '62213':

           427,952 L1-dcache-loads                                             
            48,437 L1-dcache-load-misses     #   11.32% of all L1-dcache hits  

       1.000792124 seconds time elapsed


 Performance counter stats for process id '62213':

           425,487 L1-dcache-loads                                             
            47,973 L1-dcache-load-misses     #   11.27% of all L1-dcache hits  

       1.000647222 seconds time elapsed


 Performance counter stats for process id '62213':

           597,590 L1-dcache-loads                                             
            67,999 L1-dcache-load-misses     #   11.38% of all L1-dcache hits  

       1.000746279 seconds time elapsed


 Performance counter stats for process id '62213':

           411,597 L1-dcache-loads                                             
            45,998 L1-dcache-load-misses     #   11.18% of all L1-dcache hits  

       1.000781428 seconds time elapsed


 Performance counter stats for process id '62213':

           604,471 L1-dcache-loads                                             
            67,211 L1-dcache-load-misses     #   11.12% of all L1-dcache hits   [93.75%]

       1.000754968 seconds time elapsed


 Performance counter stats for process id '62213':

           444,992 L1-dcache-loads                                             
            51,006 L1-dcache-load-misses     #   11.46% of all L1-dcache hits  

       1.000554704 seconds time elapsed


 Performance counter stats for process id '62213':

           426,645 L1-dcache-loads                                             
            47,996 L1-dcache-load-misses     #   11.25% of all L1-dcache hits  

       1.000694126 seconds time elapsed


 Performance counter stats for process id '62213':

           554,994 L1-dcache-loads                                             
            61,346 L1-dcache-load-misses     #   11.05% of all L1-dcache hits  

       1.000700130 seconds time elapsed


 Performance counter stats for process id '62213':

           633,173 L1-dcache-loads                                             
           101,608 L1-dcache-load-misses     #   16.05% of all L1-dcache hits  

       1.000790787 seconds time elapsed


 Performance counter stats for process id '62213':

           509,524 L1-dcache-loads                                             
            57,448 L1-dcache-load-misses     #   11.27% of all L1-dcache hits  

       1.000787505 seconds time elapsed


 Performance counter stats for process id '62213':

           442,254 L1-dcache-loads                                             
            50,100 L1-dcache-load-misses     #   11.33% of all L1-dcache hits  

       1.000644021 seconds time elapsed


 Performance counter stats for process id '62213':

           452,636 L1-dcache-loads                                             
            51,015 L1-dcache-load-misses     #   11.27% of all L1-dcache hits  

       1.000622969 seconds time elapsed


 Performance counter stats for process id '62213':

           536,922 L1-dcache-loads                                             
            59,586 L1-dcache-load-misses     #   11.10% of all L1-dcache hits   [92.33%]

       1.000717299 seconds time elapsed


 Performance counter stats for process id '62213':

           483,649 L1-dcache-loads                                             
            55,946 L1-dcache-load-misses     #   11.57% of all L1-dcache hits  

       1.000615899 seconds time elapsed


 Performance counter stats for process id '62213':

           512,801 L1-dcache-loads                                             
            58,573 L1-dcache-load-misses     #   11.42% of all L1-dcache hits  

       1.000743303 seconds time elapsed


 Performance counter stats for process id '62213':

           454,510 L1-dcache-loads                                             
            51,667 L1-dcache-load-misses     #   11.37% of all L1-dcache hits  

       1.000672830 seconds time elapsed


 Performance counter stats for process id '62213':

           516,536 L1-dcache-loads                                             
            59,772 L1-dcache-load-misses     #   11.57% of all L1-dcache hits  

       1.000743739 seconds time elapsed


 Performance counter stats for process id '62213':

           436,908 L1-dcache-loads                                             
            48,215 L1-dcache-load-misses     #   11.04% of all L1-dcache hits   [98.11%]

       1.000969131 seconds time elapsed


 Performance counter stats for process id '62213':

           580,113 L1-dcache-loads                                             
            68,207 L1-dcache-load-misses     #   11.76% of all L1-dcache hits   [98.89%]

       1.000639023 seconds time elapsed


 Performance counter stats for process id '62213':

           470,927 L1-dcache-loads                                             
            54,777 L1-dcache-load-misses     #   11.63% of all L1-dcache hits  

       1.000640876 seconds time elapsed


 Performance counter stats for process id '62213':

           561,273 L1-dcache-loads                                             
            64,551 L1-dcache-load-misses     #   11.50% of all L1-dcache hits  

       1.000704700 seconds time elapsed


 Performance counter stats for process id '62213':

           519,569 L1-dcache-loads                                             
            59,609 L1-dcache-load-misses     #   11.47% of all L1-dcache hits  

       1.000865197 seconds time elapsed


 Performance counter stats for process id '62213':

           654,686 L1-dcache-loads                                             
           101,836 L1-dcache-load-misses     #   15.55% of all L1-dcache hits  

       1.000936435 seconds time elapsed


 Performance counter stats for process id '62213':

           578,075 L1-dcache-loads                                             
            65,993 L1-dcache-load-misses     #   11.42% of all L1-dcache hits   [91.44%]

       1.000709528 seconds time elapsed


 Performance counter stats for process id '62213':

           443,377 L1-dcache-loads                                             
            50,361 L1-dcache-load-misses     #   11.36% of all L1-dcache hits  

       1.000606662 seconds time elapsed


 Performance counter stats for process id '62213':

           560,613 L1-dcache-loads                                             
            65,066 L1-dcache-load-misses     #   11.61% of all L1-dcache hits  

       1.000647091 seconds time elapsed


 Performance counter stats for process id '62213':

           435,011 L1-dcache-loads                                             
            49,026 L1-dcache-load-misses     #   11.27% of all L1-dcache hits  

       1.000657714 seconds time elapsed


 Performance counter stats for process id '62213':

           481,035 L1-dcache-loads                                             
            55,068 L1-dcache-load-misses     #   11.45% of all L1-dcache hits  

       1.000683838 seconds time elapsed


 Performance counter stats for process id '62213':

           463,121 L1-dcache-loads                                             
            52,352 L1-dcache-load-misses     #   11.30% of all L1-dcache hits  

       1.000728038 seconds time elapsed


 Performance counter stats for process id '62213':

           576,916 L1-dcache-loads                                             
            64,455 L1-dcache-load-misses     #   11.17% of all L1-dcache hits   [93.82%]

       1.000855725 seconds time elapsed


 Performance counter stats for process id '62213':

           437,421 L1-dcache-loads                                             
            50,265 L1-dcache-load-misses     #   11.49% of all L1-dcache hits  

       1.000659678 seconds time elapsed


 Performance counter stats for process id '62213':

           431,189 L1-dcache-loads                                             
            48,829 L1-dcache-load-misses     #   11.32% of all L1-dcache hits  

       1.000581786 seconds time elapsed


 Performance counter stats for process id '62213':

           539,648 L1-dcache-loads                                             
            61,177 L1-dcache-load-misses     #   11.34% of all L1-dcache hits  

       1.000658028 seconds time elapsed


 Performance counter stats for process id '62213':

           434,318 L1-dcache-loads                                             
            49,930 L1-dcache-load-misses     #   11.50% of all L1-dcache hits  

       1.000758209 seconds time elapsed


 Performance counter stats for process id '62213':

           502,267 L1-dcache-loads                                             
            58,242 L1-dcache-load-misses     #   11.60% of all L1-dcache hits  

       1.000832898 seconds time elapsed


 Performance counter stats for process id '62213':

           438,592 L1-dcache-loads                                             
            48,294 L1-dcache-load-misses     #   11.01% of all L1-dcache hits   [98.21%]

       1.000816647 seconds time elapsed


 Performance counter stats for process id '62213':

           473,259 L1-dcache-loads                                             
            54,699 L1-dcache-load-misses     #   11.56% of all L1-dcache hits  

       1.000571602 seconds time elapsed


 Performance counter stats for process id '62213':

           770,343 L1-dcache-loads                                             
           115,173 L1-dcache-load-misses     #   14.95% of all L1-dcache hits  

       1.000768800 seconds time elapsed


 Performance counter stats for process id '62213':

           431,876 L1-dcache-loads                                             
            48,050 L1-dcache-load-misses     #   11.13% of all L1-dcache hits  

       1.000676637 seconds time elapsed


 Performance counter stats for process id '62213':

           559,372 L1-dcache-loads                                             
            62,987 L1-dcache-load-misses     #   11.26% of all L1-dcache hits   [92.87%]

       1.000872236 seconds time elapsed


 Performance counter stats for process id '62213':

           469,938 L1-dcache-loads                                             
            54,185 L1-dcache-load-misses     #   11.53% of all L1-dcache hits  

       1.000638979 seconds time elapsed


 Performance counter stats for process id '62213':

           565,107 L1-dcache-loads                                             
            63,795 L1-dcache-load-misses     #   11.29% of all L1-dcache hits   [94.66%]

       1.000723214 seconds time elapsed


 Performance counter stats for process id '62213':

           477,615 L1-dcache-loads                                             
            54,745 L1-dcache-load-misses     #   11.46% of all L1-dcache hits  

       1.000639626 seconds time elapsed


 Performance counter stats for process id '62213':

           581,254 L1-dcache-loads                                             
            67,246 L1-dcache-load-misses     #   11.57% of all L1-dcache hits   [92.49%]

       1.000811233 seconds time elapsed


 Performance counter stats for process id '62213':

           465,970 L1-dcache-loads                                             
            53,278 L1-dcache-load-misses     #   11.43% of all L1-dcache hits  

       1.000611627 seconds time elapsed


 Performance counter stats for process id '62213':

           622,158 L1-dcache-loads                                             
            74,910 L1-dcache-load-misses     #   12.04% of all L1-dcache hits  

       1.000683455 seconds time elapsed


 Performance counter stats for process id '62213':

           520,642 L1-dcache-loads                                             
            59,823 L1-dcache-load-misses     #   11.49% of all L1-dcache hits  

       1.000761781 seconds time elapsed


 Performance counter stats for process id '62213':

           573,325 L1-dcache-loads                                             
            63,670 L1-dcache-load-misses     #   11.11% of all L1-dcache hits   [94.30%]

       1.000687685 seconds time elapsed


 Performance counter stats for process id '62213':

           486,234 L1-dcache-loads                                             
            55,531 L1-dcache-load-misses     #   11.42% of all L1-dcache hits  

       1.000628143 seconds time elapsed


 Performance counter stats for process id '62213':

           596,542 L1-dcache-loads                                             
            67,166 L1-dcache-load-misses     #   11.26% of all L1-dcache hits   [93.79%]

       1.000629359 seconds time elapsed


 Performance counter stats for process id '62213':

           452,872 L1-dcache-loads                                             
            51,260 L1-dcache-load-misses     #   11.32% of all L1-dcache hits  

       1.000631180 seconds time elapsed


 Performance counter stats for process id '62213':

           589,801 L1-dcache-loads                                             
            65,117 L1-dcache-load-misses     #   11.04% of all L1-dcache hits   [94.48%]

       1.000639931 seconds time elapsed


 Performance counter stats for process id '62213':

           671,475 L1-dcache-loads                                             
           105,828 L1-dcache-load-misses     #   15.76% of all L1-dcache hits  

       1.000698515 seconds time elapsed


 Performance counter stats for process id '62213':

           505,839 L1-dcache-loads                                             
            58,087 L1-dcache-load-misses     #   11.48% of all L1-dcache hits  

       1.000638522 seconds time elapsed


 Performance counter stats for process id '62213':

           504,469 L1-dcache-loads                                             
            60,626 L1-dcache-load-misses     #   12.02% of all L1-dcache hits   [93.31%]

       1.000604080 seconds time elapsed


 Performance counter stats for process id '62213':

           533,990 L1-dcache-loads                                             
            63,169 L1-dcache-load-misses     #   11.83% of all L1-dcache hits  

       1.000645745 seconds time elapsed


 Performance counter stats for process id '62213':

           539,896 L1-dcache-loads                                             
            64,391 L1-dcache-load-misses     #   11.93% of all L1-dcache hits   [91.17%]

       1.000695557 seconds time elapsed


 Performance counter stats for process id '62213':

           520,087 L1-dcache-loads                                             
            61,816 L1-dcache-load-misses     #   11.89% of all L1-dcache hits  

       1.000661777 seconds time elapsed


 Performance counter stats for process id '62213':

           424,871 L1-dcache-loads                                             
            49,341 L1-dcache-load-misses     #   11.61% of all L1-dcache hits  

       1.000660640 seconds time elapsed


 Performance counter stats for process id '62213':

           569,294 L1-dcache-loads                                             
            63,312 L1-dcache-load-misses     #   11.12% of all L1-dcache hits   [93.13%]

       1.000674991 seconds time elapsed


 Performance counter stats for process id '62213':

           494,561 L1-dcache-loads                                             
            56,716 L1-dcache-load-misses     #   11.47% of all L1-dcache hits  

       1.000580268 seconds time elapsed


 Performance counter stats for process id '62213':

           572,171 L1-dcache-loads                                             
            63,347 L1-dcache-load-misses     #   11.07% of all L1-dcache hits   [93.70%]

       1.000533527 seconds time elapsed


 Performance counter stats for process id '62213':

           462,508 L1-dcache-loads                                             
            55,804 L1-dcache-load-misses     #   12.07% of all L1-dcache hits  

       1.000579415 seconds time elapsed


 Performance counter stats for process id '62213':

           529,616 L1-dcache-loads                                             
            61,114 L1-dcache-load-misses     #   11.54% of all L1-dcache hits  

       1.000611223 seconds time elapsed


 Performance counter stats for process id '62213':

           537,877 L1-dcache-loads                                             
            61,097 L1-dcache-load-misses     #   11.36% of all L1-dcache hits   [93.00%]

       1.000788390 seconds time elapsed


 Performance counter stats for process id '62213':

           515,502 L1-dcache-loads                                             
            58,521 L1-dcache-load-misses     #   11.35% of all L1-dcache hits  

       1.000638128 seconds time elapsed


 Performance counter stats for process id '62213':

           424,575 L1-dcache-loads                                             
            48,705 L1-dcache-load-misses     #   11.47% of all L1-dcache hits  

       1.000717521 seconds time elapsed


 Performance counter stats for process id '62213':

           794,949 L1-dcache-loads                                             
           119,284 L1-dcache-load-misses     #   15.01% of all L1-dcache hits   [95.67%]

       1.000652345 seconds time elapsed


 Performance counter stats for process id '62213':

           465,631 L1-dcache-loads                                             
            53,611 L1-dcache-load-misses     #   11.51% of all L1-dcache hits  

       1.000715928 seconds time elapsed


 Performance counter stats for process id '62213':

           573,700 L1-dcache-loads                                             
            64,913 L1-dcache-load-misses     #   11.31% of all L1-dcache hits   [93.41%]

       1.000743639 seconds time elapsed


 Performance counter stats for process id '62213':

           450,779 L1-dcache-loads                                             
            51,082 L1-dcache-load-misses     #   11.33% of all L1-dcache hits  

       1.000644746 seconds time elapsed


 Performance counter stats for process id '62213':

           542,921 L1-dcache-loads                                             
            59,118 L1-dcache-load-misses     #   10.89% of all L1-dcache hits  

       1.000662786 seconds time elapsed


 Performance counter stats for process id '62213':

           430,892 L1-dcache-loads                                             
            48,642 L1-dcache-load-misses     #   11.29% of all L1-dcache hits  

       1.000650105 seconds time elapsed


 Performance counter stats for process id '62213':

           553,679 L1-dcache-loads                                             
            61,035 L1-dcache-load-misses     #   11.02% of all L1-dcache hits  

       1.000903178 seconds time elapsed


 Performance counter stats for process id '62213':

           496,714 L1-dcache-loads                                             
            53,541 L1-dcache-load-misses     #   10.78% of all L1-dcache hits   [93.86%]

       1.000686574 seconds time elapsed


 Performance counter stats for process id '62213':

           524,164 L1-dcache-loads                                             
            61,749 L1-dcache-load-misses     #   11.78% of all L1-dcache hits  

       1.000660842 seconds time elapsed


 Performance counter stats for process id '62213':

           500,307 L1-dcache-loads                                             
            56,547 L1-dcache-load-misses     #   11.30% of all L1-dcache hits   [92.39%]

       1.000732828 seconds time elapsed


 Performance counter stats for process id '62213':

           532,975 L1-dcache-loads                                             
            59,695 L1-dcache-load-misses     #   11.20% of all L1-dcache hits  

       1.000675766 seconds time elapsed


 Performance counter stats for process id '62213':

           440,287 L1-dcache-loads                                             
            49,896 L1-dcache-load-misses     #   11.33% of all L1-dcache hits  

       1.000648921 seconds time elapsed


 Performance counter stats for process id '62213':

           628,931 L1-dcache-loads                                             
            71,285 L1-dcache-load-misses     #   11.33% of all L1-dcache hits   [93.79%]

       1.000698181 seconds time elapsed


 Performance counter stats for process id '62213':

           417,295 L1-dcache-loads                                             
            46,857 L1-dcache-load-misses     #   11.23% of all L1-dcache hits  

       1.000639206 seconds time elapsed


 Performance counter stats for process id '62213':

           685,444 L1-dcache-loads                                             
           107,101 L1-dcache-load-misses     #   15.63% of all L1-dcache hits  

       1.000713282 seconds time elapsed


 Performance counter stats for process id '62213':

           492,639 L1-dcache-loads                                             
            56,070 L1-dcache-load-misses     #   11.38% of all L1-dcache hits  

       1.000916689 seconds time elapsed


 Performance counter stats for process id '62213':

           446,238 L1-dcache-loads                                             
            50,458 L1-dcache-load-misses     #   11.31% of all L1-dcache hits  

       1.000668909 seconds time elapsed


 Performance counter stats for process id '62213':

           579,866 L1-dcache-loads                                             
            64,222 L1-dcache-load-misses     #   11.08% of all L1-dcache hits   [93.21%]

       1.000957027 seconds time elapsed


 Performance counter stats for process id '62213':

           456,844 L1-dcache-loads                                             
            52,542 L1-dcache-load-misses     #   11.50% of all L1-dcache hits  

       1.000695540 seconds time elapsed


 Performance counter stats for process id '62213':

           583,409 L1-dcache-loads                                             
            67,370 L1-dcache-load-misses     #   11.55% of all L1-dcache hits   [92.73%]

       1.000673171 seconds time elapsed


 Performance counter stats for process id '62213':

           478,134 L1-dcache-loads                                             
            55,041 L1-dcache-load-misses     #   11.51% of all L1-dcache hits  

       1.000628647 seconds time elapsed


 Performance counter stats for process id '62213':

           565,582 L1-dcache-loads                                             
            66,108 L1-dcache-load-misses     #   11.69% of all L1-dcache hits   [92.30%]

       1.000580029 seconds time elapsed


 Performance counter stats for process id '62213':

           479,471 L1-dcache-loads                                             
            55,277 L1-dcache-load-misses     #   11.53% of all L1-dcache hits  

       1.000647658 seconds time elapsed


 Performance counter stats for process id '62213':

           485,187 L1-dcache-loads                                             
            54,149 L1-dcache-load-misses     #   11.16% of all L1-dcache hits  

       1.000601016 seconds time elapsed


 Performance counter stats for process id '62213':

           507,904 L1-dcache-loads                                             
            56,545 L1-dcache-load-misses     #   11.13% of all L1-dcache hits  

       1.000791216 seconds time elapsed


 Performance counter stats for process id '62213':

           434,929 L1-dcache-loads                                             
            49,947 L1-dcache-load-misses     #   11.48% of all L1-dcache hits  

       1.000760350 seconds time elapsed


 Performance counter stats for process id '62213':

           511,703 L1-dcache-loads                                             
            58,621 L1-dcache-load-misses     #   11.46% of all L1-dcache hits  

       1.000650317 seconds time elapsed


 Performance counter stats for process id '62213':

           503,539 L1-dcache-loads                                             
            56,056 L1-dcache-load-misses     #   11.13% of all L1-dcache hits   [93.47%]

       1.000665877 seconds time elapsed


 Performance counter stats for process id '62213':

           738,131 L1-dcache-loads                                             
           112,284 L1-dcache-load-misses     #   15.21% of all L1-dcache hits  

       1.000619950 seconds time elapsed


 Performance counter stats for process id '62213':

           469,220 L1-dcache-loads                                             
            55,044 L1-dcache-load-misses     #   11.73% of all L1-dcache hits  

       1.000651813 seconds time elapsed


 Performance counter stats for process id '62213':

        71,803,240 L1-dcache-loads                                              [100.00%]
         2,300,386 L1-dcache-load-misses     #    3.20% of all L1-dcache hits   [97.80%]

       1.000642183 seconds time elapsed

