245,219
810
923
720
708
1,435
1,174
712
796
666
663
799
889
128,665
1,085
1,439
1,029
594
924
884
1,492
1,000
862
968
1,001
891
966
955
1,079
937
983
1,000
1,021
1,000
1,035
1,472
947
976
1,210
1,340
1,072
1,184
931
1,110
795
1,116
933
950
1,010
891
1,493
1,025
792
985
994
1,079
1,055
880
937
1,007
994
1,096
900
1,239
1,359
1,394
867
726
641
998
949
967
811
626
736
939
948
658
769
723
1,492
719
688
947
918
813
860
934
810
821
828
814
955
864
960
1,365
800
790
844
904
731
833
865
831
739
915
961
976
919
1,524
907
1,051
972
879
684
673
1,016
985
718
698
702
749
918
1,149
952
879
786
818
873
712
844
879
911
670
771
789
779
763
1,190
887
953
707
771
884
708
881
701
835
848
1,087
942
837
660
1,281
770
710
701
659
617
748
599
721
618
675
692
610
729
650
1,280
607
704
563
625
711
2,432
617,111
