
 Performance counter stats for process id '79575':

        10,605,381 LLC-loads                                                    [99.99%]
           600,403 LLC-stores                                                  

       1.000623001 seconds time elapsed


 Performance counter stats for process id '79575':

            49,822 LLC-loads                                                    [85.16%]
             3,299 LLC-stores                                                  

       1.000640087 seconds time elapsed


 Performance counter stats for process id '79575':

            39,236 LLC-loads                                                    [90.45%]
             2,786 LLC-stores                                                  

       1.000662742 seconds time elapsed


 Performance counter stats for process id '79575':

            49,563 LLC-loads                                                    [86.16%]
             3,215 LLC-stores                                                  

       1.000599554 seconds time elapsed


 Performance counter stats for process id '79575':

            39,704 LLC-loads                                                    [87.81%]
             2,567 LLC-stores                                                  

       1.000737343 seconds time elapsed


 Performance counter stats for process id '79575':

            51,376 LLC-loads                                                    [86.22%]
             3,349 LLC-stores                                                  

       1.000660583 seconds time elapsed


 Performance counter stats for process id '79575':

            39,308 LLC-loads                                                    [88.77%]
             2,599 LLC-stores                                                  

       1.000670453 seconds time elapsed


 Performance counter stats for process id '79575':

            50,818 LLC-loads                                                    [86.20%]
             3,307 LLC-stores                                                  

       1.000689722 seconds time elapsed


 Performance counter stats for process id '79575':

            40,380 LLC-loads                                                    [87.26%]
             2,662 LLC-stores                                                  

       1.000687212 seconds time elapsed


 Performance counter stats for process id '79575':

         9,085,452 LLC-loads                                                    [99.96%]
         2,668,180 LLC-stores                                                  

       1.000623647 seconds time elapsed


 Performance counter stats for process id '79575':

            49,390 LLC-loads                                                    [93.80%]
             5,100 LLC-stores                                                   [93.50%]

       1.000692341 seconds time elapsed


 Performance counter stats for process id '79575':

         2,038,763 LLC-loads                                                    [99.85%]
         1,268,790 LLC-stores                                                  

       1.000693239 seconds time elapsed


 Performance counter stats for process id '79575':

            52,204 LLC-loads                                                    [92.19%]
             6,526 LLC-stores                                                  

       1.000715385 seconds time elapsed


 Performance counter stats for process id '79575':

            50,858 LLC-loads                                                    [87.89%]
             3,674 LLC-stores                                                   [97.52%]

       1.000685939 seconds time elapsed


 Performance counter stats for process id '79575':

            63,604 LLC-loads                                                    [93.77%]
             9,877 LLC-stores                                                  

       1.000621945 seconds time elapsed


 Performance counter stats for process id '79575':

            52,658 LLC-loads                                                    [85.66%]
             3,393 LLC-stores                                                  

       1.000822990 seconds time elapsed


 Performance counter stats for process id '79575':

            46,920 LLC-loads                                                    [92.84%]
             4,856 LLC-stores                                                  

       1.000627711 seconds time elapsed


 Performance counter stats for process id '79575':

            60,713 LLC-loads                                                    [88.11%]
             5,710 LLC-stores                                                  

       1.000639953 seconds time elapsed


 Performance counter stats for process id '79575':

            49,070 LLC-loads                                                    [91.49%]
             4,808 LLC-stores                                                  

       1.000808271 seconds time elapsed


 Performance counter stats for process id '79575':

            58,876 LLC-loads                                                    [89.46%]
             5,743 LLC-stores                                                  

       1.000635924 seconds time elapsed


 Performance counter stats for process id '79575':

            47,453 LLC-loads                                                    [91.57%]
             4,687 LLC-stores                                                  

       1.000615537 seconds time elapsed


 Performance counter stats for process id '79575':

            51,202 LLC-loads                                                    [89.17%]
             4,132 LLC-stores                                                  

       1.000639860 seconds time elapsed


 Performance counter stats for process id '79575':

            43,642 LLC-loads                                                    [89.06%]
             3,752 LLC-stores                                                  

       1.000975853 seconds time elapsed


 Performance counter stats for process id '79575':

            62,226 LLC-loads                                                    [87.82%]
             5,798 LLC-stores                                                  

       1.000724590 seconds time elapsed


 Performance counter stats for process id '79575':

            47,321 LLC-loads                                                    [92.13%]
             4,848 LLC-stores                                                  

       1.000792403 seconds time elapsed


 Performance counter stats for process id '79575':

            58,798 LLC-loads                                                    [87.74%]
             5,769 LLC-stores                                                  

       1.000678614 seconds time elapsed


 Performance counter stats for process id '79575':

            48,857 LLC-loads                                                    [92.64%]
             4,761 LLC-stores                                                  

       1.000853883 seconds time elapsed


 Performance counter stats for process id '79575':

            59,027 LLC-loads                                                    [85.51%]
             5,536 LLC-stores                                                  

       1.000805139 seconds time elapsed


 Performance counter stats for process id '79575':

            56,079 LLC-loads                                                    [90.78%]
             5,266 LLC-stores                                                  

       1.000799338 seconds time elapsed


 Performance counter stats for process id '79575':

            67,397 LLC-loads                                                    [92.65%]
            11,522 LLC-stores                                                  

       1.000689430 seconds time elapsed


 Performance counter stats for process id '79575':

            71,574 LLC-loads                                                    [89.34%]
             8,419 LLC-stores                                                  

       1.000773828 seconds time elapsed


 Performance counter stats for process id '79575':

            65,773 LLC-loads                                                    [93.54%]
             9,382 LLC-stores                                                  

       1.000683244 seconds time elapsed


 Performance counter stats for process id '79575':

            73,881 LLC-loads                                                    [89.84%]
             8,799 LLC-stores                                                  

       1.000658055 seconds time elapsed


 Performance counter stats for process id '79575':

            60,172 LLC-loads                                                    [91.21%]
             8,266 LLC-stores                                                  

       1.000625269 seconds time elapsed


 Performance counter stats for process id '79575':

            73,510 LLC-loads                                                    [92.52%]
            10,109 LLC-stores                                                  

       1.000708544 seconds time elapsed


 Performance counter stats for process id '79575':

            59,385 LLC-loads                                                    [89.93%]
             7,734 LLC-stores                                                  

       1.000667799 seconds time elapsed


 Performance counter stats for process id '79575':

            72,851 LLC-loads                                                    [90.41%]
             8,872 LLC-stores                                                  

       1.000837597 seconds time elapsed


 Performance counter stats for process id '79575':

            48,803 LLC-loads                                                    [92.07%]
             5,071 LLC-stores                                                  

       1.000677731 seconds time elapsed


 Performance counter stats for process id '79575':

            53,502 LLC-loads                                                    [87.94%]
             3,298 LLC-stores                                                  

       1.000704500 seconds time elapsed


 Performance counter stats for process id '79575':

            50,296 LLC-loads                                                    [92.64%]
             4,895 LLC-stores                                                  

       1.000737965 seconds time elapsed


 Performance counter stats for process id '79575':

            67,668 LLC-loads                                                    [87.03%]
             6,180 LLC-stores                                                  

       1.000640126 seconds time elapsed


 Performance counter stats for process id '79575':

            49,402 LLC-loads                                                    [92.86%]
             5,009 LLC-stores                                                  

       1.000718675 seconds time elapsed


 Performance counter stats for process id '79575':

            55,302 LLC-loads                                                    [86.11%]
             3,503 LLC-stores                                                  

       1.000537040 seconds time elapsed


 Performance counter stats for process id '79575':

            49,906 LLC-loads                                                    [90.14%]
             5,002 LLC-stores                                                  

       1.000649120 seconds time elapsed


 Performance counter stats for process id '79575':

            77,784 LLC-loads                                                    [92.68%]
            10,819 LLC-stores                                                  

       1.000614552 seconds time elapsed


 Performance counter stats for process id '79575':

            59,444 LLC-loads                                                    [89.86%]
             6,135 LLC-stores                                                  

       1.000811586 seconds time elapsed


 Performance counter stats for process id '79575':

            49,137 LLC-loads                                                    [78.34%]
             2,614 LLC-stores                                                  

       1.000731789 seconds time elapsed


 Performance counter stats for process id '79575':

            46,597 LLC-loads                                                    [85.30%]
             4,586 LLC-stores                                                  

       1.000630068 seconds time elapsed


 Performance counter stats for process id '79575':

            65,544 LLC-loads                                                    [76.41%]
             5,349 LLC-stores                                                  

       1.000710226 seconds time elapsed


 Performance counter stats for process id '79575':

            48,727 LLC-loads                                                    [85.39%]
             4,659 LLC-stores                                                  

       1.000577099 seconds time elapsed


 Performance counter stats for process id '79575':

            62,701 LLC-loads                                                    [78.86%]
             5,292 LLC-stores                                                  

       1.000683776 seconds time elapsed


 Performance counter stats for process id '79575':

            38,202 LLC-loads                                                    [79.71%]
             2,243 LLC-stores                                                  

       1.000677947 seconds time elapsed


 Performance counter stats for process id '79575':

            49,975 LLC-loads                                                    [83.68%]
             4,767 LLC-stores                                                  

       1.000666423 seconds time elapsed


 Performance counter stats for process id '79575':

            60,707 LLC-loads                                                    [80.11%]
             5,116 LLC-stores                                                  

       1.000656241 seconds time elapsed


 Performance counter stats for process id '79575':

            40,899 LLC-loads                                                    [82.02%]
             2,204 LLC-stores                                                  

       1.000701002 seconds time elapsed


 Performance counter stats for process id '79575':

            64,906 LLC-loads                                                    [77.39%]
             5,309 LLC-stores                                                  

       1.000675058 seconds time elapsed


 Performance counter stats for process id '79575':

            51,368 LLC-loads                                                    [84.26%]
             5,134 LLC-stores                                                  

       1.000732057 seconds time elapsed


 Performance counter stats for process id '79575':

            60,416 LLC-loads                                                    [81.15%]
             4,794 LLC-stores                                                  

       1.000825079 seconds time elapsed


 Performance counter stats for process id '79575':

            57,403 LLC-loads                                                    [86.10%]
             7,217 LLC-stores                                                  

       1.000768590 seconds time elapsed


 Performance counter stats for process id '79575':

            51,002 LLC-loads                                                    [73.93%]
             2,764 LLC-stores                                                  

       1.000695923 seconds time elapsed


 Performance counter stats for process id '79575':

            39,827 LLC-loads                                                    [77.90%]
             2,374 LLC-stores                                                  

       1.000980170 seconds time elapsed


 Performance counter stats for process id '79575':

            47,494 LLC-loads                                                    [80.55%]
             2,799 LLC-stores                                                  

       1.001002538 seconds time elapsed


 Performance counter stats for process id '79575':

            36,615 LLC-loads                                                    [80.75%]
             2,188 LLC-stores                                                  

       1.000647483 seconds time elapsed


 Performance counter stats for process id '79575':

            51,323 LLC-loads                                                    [71.90%]
             2,813 LLC-stores                                                  

       1.000741441 seconds time elapsed


 Performance counter stats for process id '79575':

            35,569 LLC-loads                                                    [83.96%]
             2,117 LLC-stores                                                  

       1.000843700 seconds time elapsed


 Performance counter stats for process id '79575':

            52,215 LLC-loads                                                    [70.87%]
             2,780 LLC-stores                                                  

       1.000637794 seconds time elapsed


 Performance counter stats for process id '79575':

            44,040 LLC-loads                                                    [87.93%]
             4,507 LLC-stores                                                   [81.56%]

       1.000724325 seconds time elapsed


 Performance counter stats for process id '79575':

            54,546 LLC-loads                                                    [78.85%]
             3,691 LLC-stores                                                  

       1.000757437 seconds time elapsed


 Performance counter stats for process id '79575':

            40,605 LLC-loads                                                    [78.60%]
             2,314 LLC-stores                                                  

       1.000695051 seconds time elapsed


 Performance counter stats for process id '79575':

            46,386 LLC-loads                                                    [78.49%]
             2,688 LLC-stores                                                  

       1.000651994 seconds time elapsed


 Performance counter stats for process id '79575':

            34,027 LLC-loads                                                    [86.42%]
             2,343 LLC-stores                                                  

       1.000856408 seconds time elapsed


 Performance counter stats for process id '79575':

            49,459 LLC-loads                                                    [74.64%]
             2,808 LLC-stores                                                  

       1.000685514 seconds time elapsed


 Performance counter stats for process id '79575':

            37,887 LLC-loads                                                    [79.07%]
             2,211 LLC-stores                                                  

       1.000920439 seconds time elapsed


 Performance counter stats for process id '79575':

            65,078 LLC-loads                                                    [81.29%]
             9,515 LLC-stores                                                  

       1.000684900 seconds time elapsed


 Performance counter stats for process id '79575':

            41,169 LLC-loads                                                    [87.38%]
             3,969 LLC-stores                                                  

       1.000723793 seconds time elapsed


 Performance counter stats for process id '79575':

            49,117 LLC-loads                                                    [79.52%]
             2,710 LLC-stores                                                  

       1.000698715 seconds time elapsed


 Performance counter stats for process id '79575':

            40,985 LLC-loads                                                    [75.76%]
             2,297 LLC-stores                                                  

       1.000638358 seconds time elapsed


 Performance counter stats for process id '79575':

            37,604 LLC-loads                                                    [78.10%]
             2,184 LLC-stores                                                  

       1.000595193 seconds time elapsed


 Performance counter stats for process id '79575':

            49,460 LLC-loads                                                    [78.45%]
             4,448 LLC-stores                                                  

       1.000739200 seconds time elapsed


 Performance counter stats for process id '79575':

            34,657 LLC-loads                                                    [88.28%]
             3,021 LLC-stores                                                  

       1.000669122 seconds time elapsed


 Performance counter stats for process id '79575':

            51,997 LLC-loads                                                    [87.32%]
             3,758 LLC-stores                                                  

       1.000701559 seconds time elapsed


 Performance counter stats for process id '79575':

            37,998 LLC-loads                                                    [88.73%]
             2,671 LLC-stores                                                  

       1.000673640 seconds time elapsed


 Performance counter stats for process id '79575':

            36,418 LLC-loads                                                    [90.36%]
             2,538 LLC-stores                                                  

       1.000621784 seconds time elapsed


 Performance counter stats for process id '79575':

            55,356 LLC-loads                                                    [86.62%]
             4,978 LLC-stores                                                  

       1.000651020 seconds time elapsed


 Performance counter stats for process id '79575':

            36,501 LLC-loads                                                    [91.36%]
             2,519 LLC-stores                                                  

       1.000624819 seconds time elapsed


 Performance counter stats for process id '79575':

            53,544 LLC-loads                                                    [85.03%]
             3,548 LLC-stores                                                  

       1.000811831 seconds time elapsed


 Performance counter stats for process id '79575':

            36,912 LLC-loads                                                    [89.32%]
             2,590 LLC-stores                                                  

       1.000822321 seconds time elapsed


 Performance counter stats for process id '79575':

            39,457 LLC-loads                                                    [86.51%]
             2,729 LLC-stores                                                  

       1.000564066 seconds time elapsed


 Performance counter stats for process id '79575':

            69,634 LLC-loads                                                    [90.75%]
             9,867 LLC-stores                                                  

       1.000865050 seconds time elapsed


 Performance counter stats for process id '79575':

            40,627 LLC-loads                                                    [89.25%]
             2,808 LLC-stores                                                  

       1.000786469 seconds time elapsed


 Performance counter stats for process id '79575':

            49,013 LLC-loads                                                    [87.93%]
             3,396 LLC-stores                                                  

       1.000688602 seconds time elapsed


 Performance counter stats for process id '79575':

            37,296 LLC-loads                                                    [88.04%]
             2,492 LLC-stores                                                  

       1.000702038 seconds time elapsed


 Performance counter stats for process id '79575':

            48,368 LLC-loads                                                    [85.85%]
             3,444 LLC-stores                                                  

       1.000658015 seconds time elapsed


 Performance counter stats for process id '79575':

            41,458 LLC-loads                                                    [87.37%]
             2,813 LLC-stores                                                  

       1.000677721 seconds time elapsed


 Performance counter stats for process id '79575':

            39,147 LLC-loads                                                    [88.21%]
             2,707 LLC-stores                                                  

       1.000654721 seconds time elapsed


 Performance counter stats for process id '79575':

            48,066 LLC-loads                                                    [87.46%]
             3,373 LLC-stores                                                  

       1.000706603 seconds time elapsed


 Performance counter stats for process id '79575':

            38,144 LLC-loads                                                    [87.08%]
             2,604 LLC-stores                                                  

       1.000912340 seconds time elapsed


 Performance counter stats for process id '79575':

            44,302 LLC-loads                                                    [87.35%]
             3,444 LLC-stores                                                  

       1.000793398 seconds time elapsed


 Performance counter stats for process id '79575':

            42,630 LLC-loads                                                    [89.82%]
             4,098 LLC-stores                                                  

       1.000658815 seconds time elapsed


 Performance counter stats for process id '79575':

            52,116 LLC-loads                                                    [94.66%]
             4,090 LLC-stores                                                   [88.77%]

       1.000556500 seconds time elapsed


 Performance counter stats for process id '79575':

            36,802 LLC-loads                                                    [88.70%]
             2,555 LLC-stores                                                  

       1.000725979 seconds time elapsed


 Performance counter stats for process id '79575':

            48,805 LLC-loads                                                    [83.82%]
             3,396 LLC-stores                                                  

       1.000671268 seconds time elapsed


 Performance counter stats for process id '79575':

            56,647 LLC-loads                                                    [94.48%]
             9,135 LLC-stores                                                  

       1.000792506 seconds time elapsed


 Performance counter stats for process id '79575':

            48,369 LLC-loads                                                    [90.29%]
             3,739 LLC-stores                                                  

       1.000823760 seconds time elapsed


 Performance counter stats for process id '79575':

            48,615 LLC-loads                                                    [90.56%]
             4,023 LLC-stores                                                   [97.08%]

       1.000733202 seconds time elapsed


 Performance counter stats for process id '79575':

            49,735 LLC-loads                                                   
             4,068 LLC-stores                                                  

       1.000758101 seconds time elapsed


 Performance counter stats for process id '79575':

            38,232 LLC-loads                                                   
             3,146 LLC-stores                                                  

       1.000626204 seconds time elapsed


 Performance counter stats for process id '79575':

            49,980 LLC-loads                                                   
             3,749 LLC-stores                                                  

       1.000750223 seconds time elapsed


 Performance counter stats for process id '79575':

            40,643 LLC-loads                                                   
             3,267 LLC-stores                                                  

       1.000635160 seconds time elapsed


 Performance counter stats for process id '79575':

            48,997 LLC-loads                                                   
             3,907 LLC-stores                                                  

       1.000684144 seconds time elapsed


 Performance counter stats for process id '79575':

            39,046 LLC-loads                                                   
             3,074 LLC-stores                                                  

       1.000830247 seconds time elapsed


 Performance counter stats for process id '79575':

            42,253 LLC-loads                                                   
             3,467 LLC-stores                                                  

       1.000702216 seconds time elapsed


 Performance counter stats for process id '79575':

            60,697 LLC-loads                                                   
             7,495 LLC-stores                                                  

       1.000665977 seconds time elapsed


 Performance counter stats for process id '79575':

            39,989 LLC-loads                                                   
             3,105 LLC-stores                                                  

       1.000661681 seconds time elapsed


 Performance counter stats for process id '79575':

            44,275 LLC-loads                                                   
             3,552 LLC-stores                                                  

       1.000769975 seconds time elapsed


 Performance counter stats for process id '79575':

            32,677 LLC-loads                                                   
             3,422 LLC-stores                                                  

       1.000737062 seconds time elapsed


 Performance counter stats for process id '79575':

            58,418 LLC-loads                                                   
             6,815 LLC-stores                                                  

       1.000654330 seconds time elapsed


 Performance counter stats for process id '79575':

            58,041 LLC-loads                                                   
             8,721 LLC-stores                                                  

       1.000739348 seconds time elapsed


 Performance counter stats for process id '79575':

            47,616 LLC-loads                                                   
             3,837 LLC-stores                                                  

       1.000868539 seconds time elapsed


 Performance counter stats for process id '79575':

            48,764 LLC-loads                                                   
             3,946 LLC-stores                                                  

       1.000906349 seconds time elapsed


 Performance counter stats for process id '79575':

            41,313 LLC-loads                                                   
             3,405 LLC-stores                                                  

       1.000639232 seconds time elapsed


 Performance counter stats for process id '79575':

            46,186 LLC-loads                                                   
             4,081 LLC-stores                                                   [94.88%]

       1.000983140 seconds time elapsed


 Performance counter stats for process id '79575':

            37,390 LLC-loads                                                   
             2,899 LLC-stores                                                  

       1.000923431 seconds time elapsed


 Performance counter stats for process id '79575':

            51,806 LLC-loads                                                   
             4,294 LLC-stores                                                  

       1.000815076 seconds time elapsed


 Performance counter stats for process id '79575':

            37,475 LLC-loads                                                   
             2,967 LLC-stores                                                  

       1.000684030 seconds time elapsed


 Performance counter stats for process id '79575':

            48,754 LLC-loads                                                   
             3,966 LLC-stores                                                  

       1.000947522 seconds time elapsed


 Performance counter stats for process id '79575':

            36,289 LLC-loads                                                   
             2,811 LLC-stores                                                  

       1.000795597 seconds time elapsed


 Performance counter stats for process id '79575':

            49,948 LLC-loads                                                   
             4,130 LLC-stores                                                  

       1.000624307 seconds time elapsed


 Performance counter stats for process id '79575':

            44,035 LLC-loads                                                   
             4,508 LLC-stores                                                  

       1.000827412 seconds time elapsed


 Performance counter stats for process id '79575':

            49,059 LLC-loads                                                   
             5,004 LLC-stores                                                  

       1.000670999 seconds time elapsed


 Performance counter stats for process id '79575':

            41,652 LLC-loads                                                   
             3,184 LLC-stores                                                  

       1.000691089 seconds time elapsed


 Performance counter stats for process id '79575':

            52,727 LLC-loads                                                   
             4,101 LLC-stores                                                  

       1.000630704 seconds time elapsed


 Performance counter stats for process id '79575':

            66,330 LLC-loads                                                   
             9,369 LLC-stores                                                  

       1.000633362 seconds time elapsed


 Performance counter stats for process id '79575':

            38,014 LLC-loads                                                   
             2,956 LLC-stores                                                  

       1.000781845 seconds time elapsed


 Performance counter stats for process id '79575':

            49,904 LLC-loads                                                   
             4,117 LLC-stores                                                  

       1.000775408 seconds time elapsed


 Performance counter stats for process id '79575':

            37,531 LLC-loads                                                   
             3,178 LLC-stores                                                  

       1.000818920 seconds time elapsed


 Performance counter stats for process id '79575':

            48,049 LLC-loads                                                   
             3,864 LLC-stores                                                  

       1.000708548 seconds time elapsed


 Performance counter stats for process id '79575':

            37,803 LLC-loads                                                   
             3,118 LLC-stores                                                  

       1.000816712 seconds time elapsed


 Performance counter stats for process id '79575':

            55,339 LLC-loads                                                   
             5,399 LLC-stores                                                  

       1.000810816 seconds time elapsed


 Performance counter stats for process id '79575':

            46,029 LLC-loads                                                   
             4,593 LLC-stores                                                  

       1.000764699 seconds time elapsed


 Performance counter stats for process id '79575':

            57,117 LLC-loads                                                   
             4,372 LLC-stores                                                  

       1.000580943 seconds time elapsed


 Performance counter stats for process id '79575':

            36,421 LLC-loads                                                   
             2,898 LLC-stores                                                  

       1.000682712 seconds time elapsed


 Performance counter stats for process id '79575':

            55,426 LLC-loads                                                   
             5,380 LLC-stores                                                  

       1.000787099 seconds time elapsed


 Performance counter stats for process id '79575':

            47,292 LLC-loads                                                   
             4,532 LLC-stores                                                  

       1.000714586 seconds time elapsed


 Performance counter stats for process id '79575':

            45,492 LLC-loads                                                   
             3,931 LLC-stores                                                  

       1.000693060 seconds time elapsed


 Performance counter stats for process id '79575':

            39,924 LLC-loads                                                   
             3,051 LLC-stores                                                  

       1.000751279 seconds time elapsed


 Performance counter stats for process id '79575':

            47,409 LLC-loads                                                   
             3,791 LLC-stores                                                  

       1.000715369 seconds time elapsed


 Performance counter stats for process id '79575':

            71,834 LLC-loads                                                   
            10,667 LLC-stores                                                  

       1.000710663 seconds time elapsed


 Performance counter stats for process id '79575':

            40,358 LLC-loads                                                   
             2,766 LLC-stores                                                  

       1.000648564 seconds time elapsed


 Performance counter stats for process id '79575':

            50,534 LLC-loads                                                   
             4,013 LLC-stores                                                  

       1.000642968 seconds time elapsed


 Performance counter stats for process id '79575':

            42,505 LLC-loads                                                   
             4,372 LLC-stores                                                  

       1.000764884 seconds time elapsed


 Performance counter stats for process id '79575':

            49,101 LLC-loads                                                   
             3,994 LLC-stores                                                  

       1.000678864 seconds time elapsed


 Performance counter stats for process id '79575':

            46,678 LLC-loads                                                   
             3,555 LLC-stores                                                  

       1.000620891 seconds time elapsed


 Performance counter stats for process id '79575':

            36,848 LLC-loads                                                   
             2,800 LLC-stores                                                  

       1.000875503 seconds time elapsed


 Performance counter stats for process id '79575':

            48,011 LLC-loads                                                   
             3,776 LLC-stores                                                  

       1.000707946 seconds time elapsed


 Performance counter stats for process id '79575':

            43,675 LLC-loads                                                   
             4,415 LLC-stores                                                  

       1.000989874 seconds time elapsed


 Performance counter stats for process id '79575':

            51,543 LLC-loads                                                   
             4,134 LLC-stores                                                  

       1.000674922 seconds time elapsed


 Performance counter stats for process id '79575':

            37,460 LLC-loads                                                   
             3,010 LLC-stores                                                  

       1.000772197 seconds time elapsed


 Performance counter stats for process id '79575':

            60,044 LLC-loads                                                   
             5,976 LLC-stores                                                  

       1.000720463 seconds time elapsed


 Performance counter stats for process id '79575':

            41,069 LLC-loads                                                   
             4,140 LLC-stores                                                  

       1.000656058 seconds time elapsed


 Performance counter stats for process id '79575':

            56,058 LLC-loads                                                   
             5,720 LLC-stores                                                  

       1.000793088 seconds time elapsed


 Performance counter stats for process id '79575':

            46,970 LLC-loads                                                   
             7,975 LLC-stores                                                  

       1.000756828 seconds time elapsed


 Performance counter stats for process id '79575':

            59,536 LLC-loads                                                   
             5,713 LLC-stores                                                  

       1.000629510 seconds time elapsed


 Performance counter stats for process id '79575':

            54,918 LLC-loads                                                   
             5,520 LLC-stores                                                  

       1.000648594 seconds time elapsed


 Performance counter stats for process id '79575':

            53,913 LLC-loads                                                   
             5,581 LLC-stores                                                  

       1.000991099 seconds time elapsed


 Performance counter stats for process id '79575':

            46,977 LLC-loads                                                   
             4,546 LLC-stores                                                  

       1.000740748 seconds time elapsed


 Performance counter stats for process id '79575':

            48,906 LLC-loads                                                   
             4,076 LLC-stores                                                  

       1.000870033 seconds time elapsed


 Performance counter stats for process id '79575':

            44,622 LLC-loads                                                   
             3,488 LLC-stores                                                  

       1.000660052 seconds time elapsed


 Performance counter stats for process id '79575':

            49,816 LLC-loads                                                   
             4,337 LLC-stores                                                  

       1.000758263 seconds time elapsed


 Performance counter stats for process id '79575':

           146,660 LLC-loads                                                   
            30,045 LLC-stores                                                  

       1.000762690 seconds time elapsed


 Performance counter stats for process id '79575':

         8,401,205 LLC-loads                                                   
           489,481 LLC-stores                                                  

       1.000686440 seconds time elapsed

