1,364
559
747
602
594
767
672
813
659
960
120,726
1,200
1,778
1,154
1,673
799
882
1,123
1,313
1,326
1,811
1,329
1,594
1,392
1,817
1,918
2,702
1,755
1,429
1,866
1,342
1,033
1,776
1,464
1,063
1,336
1,601
799
1,488
1,525
1,302
821
1,064
603
1,681
949
812
1,743
690
902
780
787
572
896
855
759
797
1,299
678
851
808
605
846
764
653
792
988
831
776
781
951
1,043
1,030
1,062
611
567
706
541
1,045
749
895
580
634
691
1,119
1,002
784
931
1,492
877
811
955
859
996
1,184
812
1,220
757
1,166
862
838
628
907
1,236
913
642
796
647
804
853
685
648
721
616
791
629
808
1,050
888
617
708
710
792
697
845
628
789
585
799
644
727
632
1,201
762
733
600
835
559
811
606
781
655
731
614
558
792
632
1,412
639
836
770
810
100,192
554,415
523,784
877
942
