
 Performance counter stats for process id '137379':

        66,251,201 L1-dcache-loads                                              [99.76%]
         1,490,778 L1-dcache-load-misses     #    2.25% of all L1-dcache hits  

       1.000722379 seconds time elapsed


 Performance counter stats for process id '137379':

       181,637,672 L1-dcache-loads                                              [100.00%]
         4,424,021 L1-dcache-load-misses     #    2.44% of all L1-dcache hits  

       1.000680014 seconds time elapsed


 Performance counter stats for process id '137379':

         5,191,515 L1-dcache-loads                                             
           177,864 L1-dcache-load-misses     #    3.43% of all L1-dcache hits  

       1.000652166 seconds time elapsed


 Performance counter stats for process id '137379':

           856,529 L1-dcache-loads                                             
           147,569 L1-dcache-load-misses     #   17.23% of all L1-dcache hits  

       1.000677284 seconds time elapsed


 Performance counter stats for process id '137379':

           432,041 L1-dcache-loads                                             
            52,104 L1-dcache-load-misses     #   12.06% of all L1-dcache hits  

       1.000818952 seconds time elapsed


 Performance counter stats for process id '137379':

           508,489 L1-dcache-loads                                             
            60,028 L1-dcache-load-misses     #   11.81% of all L1-dcache hits  

       1.000669924 seconds time elapsed


 Performance counter stats for process id '137379':

           409,064 L1-dcache-loads                                             
            47,984 L1-dcache-load-misses     #   11.73% of all L1-dcache hits  

       1.000796788 seconds time elapsed


 Performance counter stats for process id '137379':

           535,091 L1-dcache-loads                                             
            63,012 L1-dcache-load-misses     #   11.78% of all L1-dcache hits  

       1.000665720 seconds time elapsed


 Performance counter stats for process id '137379':

           390,847 L1-dcache-loads                                             
            46,068 L1-dcache-load-misses     #   11.79% of all L1-dcache hits  

       1.000674465 seconds time elapsed


 Performance counter stats for process id '137379':

           534,516 L1-dcache-loads                                             
            63,676 L1-dcache-load-misses     #   11.91% of all L1-dcache hits  

       1.000791322 seconds time elapsed


 Performance counter stats for process id '137379':

           403,968 L1-dcache-loads                                             
            47,536 L1-dcache-load-misses     #   11.77% of all L1-dcache hits  

       1.000619993 seconds time elapsed


 Performance counter stats for process id '137379':

           514,279 L1-dcache-loads                                             
            60,818 L1-dcache-load-misses     #   11.83% of all L1-dcache hits  

       1.000748752 seconds time elapsed


 Performance counter stats for process id '137379':

        16,934,647 L1-dcache-loads                                             
         3,048,899 L1-dcache-load-misses     #   18.00% of all L1-dcache hits  

       1.000627024 seconds time elapsed


 Performance counter stats for process id '137379':

           561,007 L1-dcache-loads                                             
            72,932 L1-dcache-load-misses     #   13.00% of all L1-dcache hits  

       1.000813046 seconds time elapsed


 Performance counter stats for process id '137379':

         2,169,725 L1-dcache-loads                                             
           344,140 L1-dcache-load-misses     #   15.86% of all L1-dcache hits   [60.38%]

       1.000694796 seconds time elapsed


 Performance counter stats for process id '137379':

           621,753 L1-dcache-loads                                             
            79,542 L1-dcache-load-misses     #   12.79% of all L1-dcache hits  

       1.000901025 seconds time elapsed


 Performance counter stats for process id '137379':

           389,212 L1-dcache-loads                                             
            45,403 L1-dcache-load-misses     #   11.67% of all L1-dcache hits  

       1.000894162 seconds time elapsed


 Performance counter stats for process id '137379':

           904,692 L1-dcache-loads                                             
           160,340 L1-dcache-load-misses     #   17.72% of all L1-dcache hits  

       1.000752754 seconds time elapsed


 Performance counter stats for process id '137379':

           514,325 L1-dcache-loads                                             
            69,130 L1-dcache-load-misses     #   13.44% of all L1-dcache hits  

       1.000591758 seconds time elapsed


 Performance counter stats for process id '137379':

           409,076 L1-dcache-loads                                             
            49,798 L1-dcache-load-misses     #   12.17% of all L1-dcache hits  

       1.000639001 seconds time elapsed


 Performance counter stats for process id '137379':

           666,634 L1-dcache-loads                                             
            88,361 L1-dcache-load-misses     #   13.25% of all L1-dcache hits  

       1.000813842 seconds time elapsed


 Performance counter stats for process id '137379':

           530,617 L1-dcache-loads                                             
            69,510 L1-dcache-load-misses     #   13.10% of all L1-dcache hits  

       1.000652028 seconds time elapsed


 Performance counter stats for process id '137379':

           628,657 L1-dcache-loads                                             
            83,543 L1-dcache-load-misses     #   13.29% of all L1-dcache hits  

       1.000647266 seconds time elapsed


 Performance counter stats for process id '137379':

           399,239 L1-dcache-loads                                             
            48,306 L1-dcache-load-misses     #   12.10% of all L1-dcache hits  

       1.000688280 seconds time elapsed


 Performance counter stats for process id '137379':

           681,242 L1-dcache-loads                                             
            90,662 L1-dcache-load-misses     #   13.31% of all L1-dcache hits  

       1.000720053 seconds time elapsed


 Performance counter stats for process id '137379':

           592,900 L1-dcache-loads                                             
            81,932 L1-dcache-load-misses     #   13.82% of all L1-dcache hits  

       1.000714690 seconds time elapsed


 Performance counter stats for process id '137379':

           688,626 L1-dcache-loads                                             
            94,261 L1-dcache-load-misses     #   13.69% of all L1-dcache hits  

       1.000784012 seconds time elapsed


 Performance counter stats for process id '137379':

           562,111 L1-dcache-loads                                             
            76,532 L1-dcache-load-misses     #   13.62% of all L1-dcache hits  

       1.000849299 seconds time elapsed


 Performance counter stats for process id '137379':

           545,934 L1-dcache-loads                                             
            70,519 L1-dcache-load-misses     #   12.92% of all L1-dcache hits  

       1.000702952 seconds time elapsed


 Performance counter stats for process id '137379':

           657,000 L1-dcache-loads                                             
            89,819 L1-dcache-load-misses     #   13.67% of all L1-dcache hits  

       1.000673512 seconds time elapsed


 Performance counter stats for process id '137379':

           932,718 L1-dcache-loads                                             
           130,389 L1-dcache-load-misses     #   13.98% of all L1-dcache hits  

       1.000650845 seconds time elapsed


 Performance counter stats for process id '137379':

           872,482 L1-dcache-loads                                             
           123,569 L1-dcache-load-misses     #   14.16% of all L1-dcache hits  

       1.000639067 seconds time elapsed


 Performance counter stats for process id '137379':

         1,299,344 L1-dcache-loads                                             
           221,516 L1-dcache-load-misses     #   17.05% of all L1-dcache hits  

       1.000709841 seconds time elapsed


 Performance counter stats for process id '137379':

           639,267 L1-dcache-loads                                             
            87,827 L1-dcache-load-misses     #   13.74% of all L1-dcache hits  

       1.000641747 seconds time elapsed


 Performance counter stats for process id '137379':

           685,569 L1-dcache-loads                                             
            91,819 L1-dcache-load-misses     #   13.39% of all L1-dcache hits  

       1.000671362 seconds time elapsed


 Performance counter stats for process id '137379':

           483,891 L1-dcache-loads                                             
            62,281 L1-dcache-load-misses     #   12.87% of all L1-dcache hits  

       1.000650502 seconds time elapsed


 Performance counter stats for process id '137379':

           717,239 L1-dcache-loads                                             
            96,117 L1-dcache-load-misses     #   13.40% of all L1-dcache hits  

       1.000756695 seconds time elapsed


 Performance counter stats for process id '137379':

           611,613 L1-dcache-loads                                             
            80,922 L1-dcache-load-misses     #   13.23% of all L1-dcache hits  

       1.000668323 seconds time elapsed


 Performance counter stats for process id '137379':

           597,438 L1-dcache-loads                                             
            75,846 L1-dcache-load-misses     #   12.70% of all L1-dcache hits  

       1.000750618 seconds time elapsed


 Performance counter stats for process id '137379':

           608,910 L1-dcache-loads                                              [94.27%]
            78,075 L1-dcache-load-misses     #   12.82% of all L1-dcache hits  

       1.000705940 seconds time elapsed


 Performance counter stats for process id '137379':

           696,079 L1-dcache-loads                                              [90.89%]
            84,961 L1-dcache-load-misses     #   12.21% of all L1-dcache hits  

       1.000674313 seconds time elapsed


 Performance counter stats for process id '137379':

           423,540 L1-dcache-loads                                              [91.50%]
            47,261 L1-dcache-load-misses     #   11.16% of all L1-dcache hits  

       1.000679495 seconds time elapsed


 Performance counter stats for process id '137379':

           727,620 L1-dcache-loads                                              [90.53%]
            87,624 L1-dcache-load-misses     #   12.04% of all L1-dcache hits  

       1.000657174 seconds time elapsed


 Performance counter stats for process id '137379':

           468,836 L1-dcache-loads                                              [90.13%]
            52,399 L1-dcache-load-misses     #   11.18% of all L1-dcache hits  

       1.000658792 seconds time elapsed


 Performance counter stats for process id '137379':

           438,375 L1-dcache-loads                                              [91.85%]
            49,117 L1-dcache-load-misses     #   11.20% of all L1-dcache hits  

       1.000702542 seconds time elapsed


 Performance counter stats for process id '137379':

           785,815 L1-dcache-loads                                              [93.62%]
           100,622 L1-dcache-load-misses     #   12.80% of all L1-dcache hits  

       1.000633403 seconds time elapsed


 Performance counter stats for process id '137379':

           404,344 L1-dcache-loads                                              [91.17%]
            44,188 L1-dcache-load-misses     #   10.93% of all L1-dcache hits  

       1.000725507 seconds time elapsed


 Performance counter stats for process id '137379':

           837,260 L1-dcache-loads                                              [93.23%]
           141,556 L1-dcache-load-misses     #   16.91% of all L1-dcache hits  

       1.000792585 seconds time elapsed


 Performance counter stats for process id '137379':

           545,614 L1-dcache-loads                                              [94.47%]
            74,961 L1-dcache-load-misses     #   13.74% of all L1-dcache hits  

       1.001079832 seconds time elapsed


 Performance counter stats for process id '137379':

           524,584 L1-dcache-loads                                              [88.75%]
            58,109 L1-dcache-load-misses     #   11.08% of all L1-dcache hits  

       1.000869577 seconds time elapsed


 Performance counter stats for process id '137379':

           420,335 L1-dcache-loads                                              [94.70%]
            48,380 L1-dcache-load-misses     #   11.51% of all L1-dcache hits  

       1.000726160 seconds time elapsed


 Performance counter stats for process id '137379':

           527,933 L1-dcache-loads                                              [87.69%]
            54,848 L1-dcache-load-misses     #   10.39% of all L1-dcache hits  

       1.000790055 seconds time elapsed


 Performance counter stats for process id '137379':

           400,580 L1-dcache-loads                                              [89.79%]
            42,219 L1-dcache-load-misses     #   10.54% of all L1-dcache hits  

       1.000751442 seconds time elapsed


 Performance counter stats for process id '137379':

           502,367 L1-dcache-loads                                              [90.74%]
            53,763 L1-dcache-load-misses     #   10.70% of all L1-dcache hits  

       1.000684399 seconds time elapsed


 Performance counter stats for process id '137379':

           289,530 L1-dcache-loads                                              [93.75%]
            37,704 L1-dcache-load-misses     #   13.02% of all L1-dcache hits  

       1.001019541 seconds time elapsed


 Performance counter stats for process id '137379':

           471,119 L1-dcache-loads                                              [90.36%]
            53,164 L1-dcache-load-misses     #   11.28% of all L1-dcache hits  

       1.000896192 seconds time elapsed


 Performance counter stats for process id '137379':

           398,328 L1-dcache-loads                                              [93.55%]
            44,254 L1-dcache-load-misses     #   11.11% of all L1-dcache hits  

       1.000668492 seconds time elapsed


 Performance counter stats for process id '137379':

           613,374 L1-dcache-loads                                              [90.61%]
            70,672 L1-dcache-load-misses     #   11.52% of all L1-dcache hits  

       1.000709966 seconds time elapsed


 Performance counter stats for process id '137379':

           510,589 L1-dcache-loads                                              [91.61%]
            60,316 L1-dcache-load-misses     #   11.81% of all L1-dcache hits  

       1.000757186 seconds time elapsed


 Performance counter stats for process id '137379':

           334,041 L1-dcache-loads                                              [93.00%]
            40,516 L1-dcache-load-misses     #   12.13% of all L1-dcache hits  

       1.000704576 seconds time elapsed


 Performance counter stats for process id '137379':

           473,672 L1-dcache-loads                                              [90.70%]
            54,955 L1-dcache-load-misses     #   11.60% of all L1-dcache hits  

       1.000844478 seconds time elapsed


 Performance counter stats for process id '137379':

           412,907 L1-dcache-loads                                              [91.29%]
            45,637 L1-dcache-load-misses     #   11.05% of all L1-dcache hits  

       1.000605447 seconds time elapsed


 Performance counter stats for process id '137379':

           860,730 L1-dcache-loads                                              [93.86%]
           143,307 L1-dcache-load-misses     #   16.65% of all L1-dcache hits  

       1.000678950 seconds time elapsed


 Performance counter stats for process id '137379':

           389,587 L1-dcache-loads                                              [91.56%]
            43,879 L1-dcache-load-misses     #   11.26% of all L1-dcache hits  

       1.000758083 seconds time elapsed


 Performance counter stats for process id '137379':

           461,602 L1-dcache-loads                                              [91.84%]
            49,011 L1-dcache-load-misses     #   10.62% of all L1-dcache hits  

       1.000572658 seconds time elapsed


 Performance counter stats for process id '137379':

           406,607 L1-dcache-loads                                              [91.29%]
            43,279 L1-dcache-load-misses     #   10.64% of all L1-dcache hits  

       1.000634147 seconds time elapsed


 Performance counter stats for process id '137379':

           502,168 L1-dcache-loads                                              [90.18%]
            54,026 L1-dcache-load-misses     #   10.76% of all L1-dcache hits  

       1.000689845 seconds time elapsed


 Performance counter stats for process id '137379':

           578,485 L1-dcache-loads                                              [93.94%]
            72,633 L1-dcache-load-misses     #   12.56% of all L1-dcache hits  

       1.000832462 seconds time elapsed


 Performance counter stats for process id '137379':

           571,769 L1-dcache-loads                                              [89.68%]
            66,525 L1-dcache-load-misses     #   11.63% of all L1-dcache hits  

       1.000752397 seconds time elapsed


 Performance counter stats for process id '137379':

           420,625 L1-dcache-loads                                              [88.29%]
            43,756 L1-dcache-load-misses     #   10.40% of all L1-dcache hits  

       1.000614858 seconds time elapsed


 Performance counter stats for process id '137379':

           452,144 L1-dcache-loads                                              [90.15%]
            47,476 L1-dcache-load-misses     #   10.50% of all L1-dcache hits  

       1.000653464 seconds time elapsed


 Performance counter stats for process id '137379':

           477,768 L1-dcache-loads                                              [89.99%]
            51,551 L1-dcache-load-misses     #   10.79% of all L1-dcache hits  

       1.000599468 seconds time elapsed


 Performance counter stats for process id '137379':

           327,822 L1-dcache-loads                                              [95.72%]
            39,762 L1-dcache-load-misses     #   12.13% of all L1-dcache hits  

       1.000659021 seconds time elapsed


 Performance counter stats for process id '137379':

           507,335 L1-dcache-loads                                              [90.11%]
            54,307 L1-dcache-load-misses     #   10.70% of all L1-dcache hits  

       1.000634408 seconds time elapsed


 Performance counter stats for process id '137379':

           381,248 L1-dcache-loads                                              [91.42%]
            40,659 L1-dcache-load-misses     #   10.66% of all L1-dcache hits  

       1.000753243 seconds time elapsed


 Performance counter stats for process id '137379':

           593,352 L1-dcache-loads                                              [91.86%]
            68,489 L1-dcache-load-misses     #   11.54% of all L1-dcache hits  

       1.000785154 seconds time elapsed


 Performance counter stats for process id '137379':

           492,241 L1-dcache-loads                                              [95.52%]
            61,578 L1-dcache-load-misses     #   12.51% of all L1-dcache hits  

       1.000697256 seconds time elapsed


 Performance counter stats for process id '137379':

         1,090,766 L1-dcache-loads                                              [92.95%]
           174,594 L1-dcache-load-misses     #   16.01% of all L1-dcache hits  

       1.000716523 seconds time elapsed


 Performance counter stats for process id '137379':

           437,515 L1-dcache-loads                                              [90.61%]
            48,493 L1-dcache-load-misses     #   11.08% of all L1-dcache hits  

       1.000648643 seconds time elapsed


 Performance counter stats for process id '137379':

           497,852 L1-dcache-loads                                              [93.03%]
            56,929 L1-dcache-load-misses     #   11.43% of all L1-dcache hits  

       1.000832543 seconds time elapsed


 Performance counter stats for process id '137379':

           445,102 L1-dcache-loads                                              [89.06%]
            49,000 L1-dcache-load-misses     #   11.01% of all L1-dcache hits  

       1.000684799 seconds time elapsed


 Performance counter stats for process id '137379':

           490,397 L1-dcache-loads                                              [89.62%]
            52,264 L1-dcache-load-misses     #   10.66% of all L1-dcache hits  

       1.000699442 seconds time elapsed


 Performance counter stats for process id '137379':

           361,937 L1-dcache-loads                                              [94.30%]
            42,981 L1-dcache-load-misses     #   11.88% of all L1-dcache hits  

       1.000606124 seconds time elapsed


 Performance counter stats for process id '137379':

           547,146 L1-dcache-loads                                              [87.83%]
            59,468 L1-dcache-load-misses     #   10.87% of all L1-dcache hits  

       1.000760332 seconds time elapsed


 Performance counter stats for process id '137379':

           557,458 L1-dcache-loads                                              [86.26%]
            59,056 L1-dcache-load-misses     #   10.59% of all L1-dcache hits  

       1.000673351 seconds time elapsed


 Performance counter stats for process id '137379':

           396,197 L1-dcache-loads                                              [92.62%]
            43,281 L1-dcache-load-misses     #   10.92% of all L1-dcache hits  

       1.000627850 seconds time elapsed


 Performance counter stats for process id '137379':

           519,354 L1-dcache-loads                                              [89.52%]
            54,569 L1-dcache-load-misses     #   10.51% of all L1-dcache hits  

       1.000894285 seconds time elapsed


 Performance counter stats for process id '137379':

           557,476 L1-dcache-loads                                              [96.00%]
            71,376 L1-dcache-load-misses     #   12.80% of all L1-dcache hits  

       1.000895949 seconds time elapsed


 Performance counter stats for process id '137379':

           493,524 L1-dcache-loads                                              [92.11%]
            55,329 L1-dcache-load-misses     #   11.21% of all L1-dcache hits  

       1.000667738 seconds time elapsed


 Performance counter stats for process id '137379':

           411,576 L1-dcache-loads                                              [87.98%]
            41,984 L1-dcache-load-misses     #   10.20% of all L1-dcache hits  

       1.000773584 seconds time elapsed


 Performance counter stats for process id '137379':

           528,533 L1-dcache-loads                                              [88.99%]
            53,500 L1-dcache-load-misses     #   10.12% of all L1-dcache hits  

       1.000616892 seconds time elapsed


 Performance counter stats for process id '137379':

         2,931,991 L1-dcache-loads                                              [97.05%]
           226,800 L1-dcache-load-misses     #    7.74% of all L1-dcache hits  

       1.000736517 seconds time elapsed


 Performance counter stats for process id '137379':

           455,849 L1-dcache-loads                                              [90.50%]
            52,351 L1-dcache-load-misses     #   11.48% of all L1-dcache hits  

       1.000687181 seconds time elapsed


 Performance counter stats for process id '137379':

           409,769 L1-dcache-loads                                              [91.82%]
            45,061 L1-dcache-load-misses     #   11.00% of all L1-dcache hits  

       1.000687673 seconds time elapsed


 Performance counter stats for process id '137379':

           449,133 L1-dcache-loads                                              [94.31%]
            56,997 L1-dcache-load-misses     #   12.69% of all L1-dcache hits  

       1.000699285 seconds time elapsed


 Performance counter stats for process id '137379':

           496,235 L1-dcache-loads                                             
            58,577 L1-dcache-load-misses     #   11.80% of all L1-dcache hits  

       1.000616613 seconds time elapsed


 Performance counter stats for process id '137379':

           464,051 L1-dcache-loads                                             
            57,790 L1-dcache-load-misses     #   12.45% of all L1-dcache hits  

       1.000779934 seconds time elapsed


 Performance counter stats for process id '137379':

           628,664 L1-dcache-loads                                             
            83,381 L1-dcache-load-misses     #   13.26% of all L1-dcache hits  

       1.000624070 seconds time elapsed


 Performance counter stats for process id '137379':

           415,003 L1-dcache-loads                                             
            50,991 L1-dcache-load-misses     #   12.29% of all L1-dcache hits  

       1.000643728 seconds time elapsed


 Performance counter stats for process id '137379':

           553,810 L1-dcache-loads                                             
            67,616 L1-dcache-load-misses     #   12.21% of all L1-dcache hits  

       1.000706475 seconds time elapsed


 Performance counter stats for process id '137379':

           425,180 L1-dcache-loads                                             
            50,638 L1-dcache-load-misses     #   11.91% of all L1-dcache hits  

       1.000699881 seconds time elapsed


 Performance counter stats for process id '137379':

           529,077 L1-dcache-loads                                             
            62,834 L1-dcache-load-misses     #   11.88% of all L1-dcache hits  

       1.000627972 seconds time elapsed


 Performance counter stats for process id '137379':

           352,850 L1-dcache-loads                                             
            44,688 L1-dcache-load-misses     #   12.66% of all L1-dcache hits  

       1.000760447 seconds time elapsed


 Performance counter stats for process id '137379':

           535,557 L1-dcache-loads                                             
            68,375 L1-dcache-load-misses     #   12.77% of all L1-dcache hits  

       1.000809106 seconds time elapsed


 Performance counter stats for process id '137379':

           547,640 L1-dcache-loads                                             
            66,779 L1-dcache-load-misses     #   12.19% of all L1-dcache hits  

       1.000655421 seconds time elapsed


 Performance counter stats for process id '137379':

           425,266 L1-dcache-loads                                             
            51,865 L1-dcache-load-misses     #   12.20% of all L1-dcache hits  

       1.000812005 seconds time elapsed


 Performance counter stats for process id '137379':

           854,166 L1-dcache-loads                                             
           151,478 L1-dcache-load-misses     #   17.73% of all L1-dcache hits  

       1.000670501 seconds time elapsed


 Performance counter stats for process id '137379':

           409,437 L1-dcache-loads                                             
            48,953 L1-dcache-load-misses     #   11.96% of all L1-dcache hits  

       1.000785333 seconds time elapsed


 Performance counter stats for process id '137379':

           542,482 L1-dcache-loads                                             
            65,995 L1-dcache-load-misses     #   12.17% of all L1-dcache hits  

       1.000678566 seconds time elapsed


 Performance counter stats for process id '137379':

           528,133 L1-dcache-loads                                             
            62,364 L1-dcache-load-misses     #   11.81% of all L1-dcache hits  

       1.000583403 seconds time elapsed


 Performance counter stats for process id '137379':

           398,021 L1-dcache-loads                                             
            46,740 L1-dcache-load-misses     #   11.74% of all L1-dcache hits  

       1.000642851 seconds time elapsed


 Performance counter stats for process id '137379':

           512,766 L1-dcache-loads                                             
            59,971 L1-dcache-load-misses     #   11.70% of all L1-dcache hits  

       1.000920539 seconds time elapsed


 Performance counter stats for process id '137379':

           407,187 L1-dcache-loads                                             
            48,216 L1-dcache-load-misses     #   11.84% of all L1-dcache hits  

       1.000737553 seconds time elapsed


 Performance counter stats for process id '137379':

           521,732 L1-dcache-loads                                             
            62,264 L1-dcache-load-misses     #   11.93% of all L1-dcache hits  

       1.000672459 seconds time elapsed


 Performance counter stats for process id '137379':

           410,171 L1-dcache-loads                                             
            48,427 L1-dcache-load-misses     #   11.81% of all L1-dcache hits  

       1.000573823 seconds time elapsed


 Performance counter stats for process id '137379':

           526,287 L1-dcache-loads                                             
            62,121 L1-dcache-load-misses     #   11.80% of all L1-dcache hits  

       1.000653953 seconds time elapsed


 Performance counter stats for process id '137379':

           405,816 L1-dcache-loads                                             
            47,926 L1-dcache-load-misses     #   11.81% of all L1-dcache hits  

       1.000760571 seconds time elapsed


 Performance counter stats for process id '137379':

           508,287 L1-dcache-loads                                             
            60,239 L1-dcache-load-misses     #   11.85% of all L1-dcache hits  

       1.000663904 seconds time elapsed


 Performance counter stats for process id '137379':

           397,271 L1-dcache-loads                                             
            46,734 L1-dcache-load-misses     #   11.76% of all L1-dcache hits  

       1.000905981 seconds time elapsed


 Performance counter stats for process id '137379':

           512,482 L1-dcache-loads                                             
            60,970 L1-dcache-load-misses     #   11.90% of all L1-dcache hits  

       1.000768323 seconds time elapsed


 Performance counter stats for process id '137379':

           422,210 L1-dcache-loads                                             
            48,994 L1-dcache-load-misses     #   11.60% of all L1-dcache hits  

       1.000714463 seconds time elapsed


 Performance counter stats for process id '137379':

           852,901 L1-dcache-loads                                             
           145,266 L1-dcache-load-misses     #   17.03% of all L1-dcache hits  

       1.000774718 seconds time elapsed


 Performance counter stats for process id '137379':

           410,098 L1-dcache-loads                                             
            48,303 L1-dcache-load-misses     #   11.78% of all L1-dcache hits  

       1.000632169 seconds time elapsed


 Performance counter stats for process id '137379':

           515,993 L1-dcache-loads                                             
            61,539 L1-dcache-load-misses     #   11.93% of all L1-dcache hits  

       1.000752899 seconds time elapsed


 Performance counter stats for process id '137379':

           397,445 L1-dcache-loads                                             
            46,583 L1-dcache-load-misses     #   11.72% of all L1-dcache hits  

       1.000687844 seconds time elapsed


 Performance counter stats for process id '137379':

           508,480 L1-dcache-loads                                             
            59,252 L1-dcache-load-misses     #   11.65% of all L1-dcache hits  

       1.000921765 seconds time elapsed


 Performance counter stats for process id '137379':

           389,917 L1-dcache-loads                                             
            45,292 L1-dcache-load-misses     #   11.62% of all L1-dcache hits  

       1.000771979 seconds time elapsed


 Performance counter stats for process id '137379':

           526,544 L1-dcache-loads                                             
            62,609 L1-dcache-load-misses     #   11.89% of all L1-dcache hits  

       1.000666796 seconds time elapsed


 Performance counter stats for process id '137379':

           402,896 L1-dcache-loads                                             
            47,070 L1-dcache-load-misses     #   11.68% of all L1-dcache hits  

       1.000723204 seconds time elapsed


 Performance counter stats for process id '137379':

           505,322 L1-dcache-loads                                             
            59,550 L1-dcache-load-misses     #   11.78% of all L1-dcache hits  

       1.000684416 seconds time elapsed


 Performance counter stats for process id '137379':

           384,593 L1-dcache-loads                                             
            44,661 L1-dcache-load-misses     #   11.61% of all L1-dcache hits  

       1.000896880 seconds time elapsed


 Performance counter stats for process id '137379':

           519,725 L1-dcache-loads                                             
            61,402 L1-dcache-load-misses     #   11.81% of all L1-dcache hits  

       1.000849024 seconds time elapsed


 Performance counter stats for process id '137379':

           664,481 L1-dcache-loads                                             
            48,920 L1-dcache-load-misses     #    7.36% of all L1-dcache hits   [93.56%]

       1.000832753 seconds time elapsed


 Performance counter stats for process id '137379':

           511,385 L1-dcache-loads                                             
            60,405 L1-dcache-load-misses     #   11.81% of all L1-dcache hits  

       1.000702285 seconds time elapsed


 Performance counter stats for process id '137379':

           397,285 L1-dcache-loads                                             
            46,655 L1-dcache-load-misses     #   11.74% of all L1-dcache hits  

       1.000687054 seconds time elapsed


 Performance counter stats for process id '137379':

           844,242 L1-dcache-loads                                             
           143,244 L1-dcache-load-misses     #   16.97% of all L1-dcache hits  

       1.000651430 seconds time elapsed


 Performance counter stats for process id '137379':

       427,252,429 L1-dcache-loads                                             
        10,604,747 L1-dcache-load-misses     #    2.48% of all L1-dcache hits   [99.77%]

       1.000644357 seconds time elapsed


 Performance counter stats for process id '137379':

       222,411,913 L1-dcache-loads                                              [100.00%]
         5,303,973 L1-dcache-load-misses     #    2.38% of all L1-dcache hits  

       1.000594795 seconds time elapsed

