
 Performance counter stats for process id '62213':

       524,548,481 L1-dcache-stores                                             [100.00%]
         8,791,123 L1-dcache-store-misses                                      

       1.000660079 seconds time elapsed


 Performance counter stats for process id '62213':

           320,716 L1-dcache-stores                                            
            11,128 L1-dcache-store-misses                                      

       1.000741577 seconds time elapsed


 Performance counter stats for process id '62213':

           237,697 L1-dcache-stores                                            
             6,638 L1-dcache-store-misses                                      

       1.000734861 seconds time elapsed


 Performance counter stats for process id '62213':

           268,374 L1-dcache-stores                                            
             7,707 L1-dcache-store-misses                                      

       1.000771222 seconds time elapsed


 Performance counter stats for process id '62213':

           286,510 L1-dcache-stores                                            
             8,704 L1-dcache-store-misses                                      

       1.000647067 seconds time elapsed


 Performance counter stats for process id '62213':

           245,993 L1-dcache-stores                                            
             7,273 L1-dcache-store-misses                                      

       1.000631019 seconds time elapsed


 Performance counter stats for process id '62213':

           288,122 L1-dcache-stores                                            
             8,909 L1-dcache-store-misses                                      

       1.000654383 seconds time elapsed


 Performance counter stats for process id '62213':

           239,007 L1-dcache-stores                                            
             6,997 L1-dcache-store-misses                                      

       1.000680570 seconds time elapsed


 Performance counter stats for process id '62213':

           272,981 L1-dcache-stores                                            
             7,975 L1-dcache-store-misses                                      

       1.000774447 seconds time elapsed


 Performance counter stats for process id '62213':

           247,237 L1-dcache-stores                                            
             7,444 L1-dcache-store-misses                                      

       1.000640026 seconds time elapsed


 Performance counter stats for process id '62213':

       269,101,170 L1-dcache-stores                                            
        27,294,744 L1-dcache-store-misses                                      

       1.000704231 seconds time elapsed


 Performance counter stats for process id '62213':

           279,893 L1-dcache-stores                                            
             8,557 L1-dcache-store-misses                                      

       1.000697349 seconds time elapsed


 Performance counter stats for process id '62213':

         1,119,951 L1-dcache-stores                                            
           232,897 L1-dcache-store-misses                                      

       1.000758053 seconds time elapsed


 Performance counter stats for process id '62213':

           300,662 L1-dcache-stores                                            
             8,976 L1-dcache-store-misses                                      

       1.000753929 seconds time elapsed


 Performance counter stats for process id '62213':

           268,849 L1-dcache-stores                                            
             8,279 L1-dcache-store-misses                                      

       1.000949361 seconds time elapsed


 Performance counter stats for process id '62213':

           300,350 L1-dcache-stores                                            
             8,720 L1-dcache-store-misses                                      

       1.000656693 seconds time elapsed


 Performance counter stats for process id '62213':

           279,498 L1-dcache-stores                                            
             8,808 L1-dcache-store-misses                                      

       1.000735462 seconds time elapsed


 Performance counter stats for process id '62213':

           260,980 L1-dcache-stores                                            
             8,455 L1-dcache-store-misses                                      

       1.000644358 seconds time elapsed


 Performance counter stats for process id '62213':

           296,106 L1-dcache-stores                                            
             9,361 L1-dcache-store-misses                                      

       1.000617923 seconds time elapsed


 Performance counter stats for process id '62213':

           262,569 L1-dcache-stores                                            
             7,950 L1-dcache-store-misses                                      

       1.000633222 seconds time elapsed


 Performance counter stats for process id '62213':

           296,574 L1-dcache-stores                                            
             9,081 L1-dcache-store-misses                                      

       1.000716171 seconds time elapsed


 Performance counter stats for process id '62213':

           264,055 L1-dcache-stores                                            
             7,885 L1-dcache-store-misses                                      

       1.000671226 seconds time elapsed


 Performance counter stats for process id '62213':

           305,264 L1-dcache-stores                                            
             9,707 L1-dcache-store-misses                                      

       1.000670488 seconds time elapsed


 Performance counter stats for process id '62213':

           265,816 L1-dcache-stores                                            
             8,194 L1-dcache-store-misses                                      

       1.000629306 seconds time elapsed


 Performance counter stats for process id '62213':

           407,104 L1-dcache-stores                                            
            42,245 L1-dcache-store-misses                                      

       1.000629099 seconds time elapsed


 Performance counter stats for process id '62213':

           255,815 L1-dcache-stores                                            
             8,272 L1-dcache-store-misses                                      

       1.000640348 seconds time elapsed


 Performance counter stats for process id '62213':

           300,061 L1-dcache-stores                                            
             9,931 L1-dcache-store-misses                                      

       1.000928024 seconds time elapsed


 Performance counter stats for process id '62213':

           246,808 L1-dcache-stores                                            
             7,673 L1-dcache-store-misses                                      

       1.000766692 seconds time elapsed


 Performance counter stats for process id '62213':

           398,858 L1-dcache-stores                                            
            12,807 L1-dcache-store-misses                                      

       1.000646028 seconds time elapsed


 Performance counter stats for process id '62213':

           262,736 L1-dcache-stores                                            
             7,386 L1-dcache-store-misses                                      

       1.000617589 seconds time elapsed


 Performance counter stats for process id '62213':

           294,655 L1-dcache-stores                                            
             8,869 L1-dcache-store-misses                                      

       1.000628348 seconds time elapsed


 Performance counter stats for process id '62213':

           262,184 L1-dcache-stores                                            
             8,214 L1-dcache-store-misses                                      

       1.000655122 seconds time elapsed


 Performance counter stats for process id '62213':

           298,740 L1-dcache-stores                                            
             8,861 L1-dcache-store-misses                                      

       1.000568057 seconds time elapsed


 Performance counter stats for process id '62213':

           257,888 L1-dcache-stores                                            
             7,556 L1-dcache-store-misses                                      

       1.000692384 seconds time elapsed


 Performance counter stats for process id '62213':

           317,117 L1-dcache-stores                                            
             9,948 L1-dcache-store-misses                                      

       1.000607239 seconds time elapsed


 Performance counter stats for process id '62213':

           246,457 L1-dcache-stores                                            
             7,733 L1-dcache-store-misses                                      

       1.000665056 seconds time elapsed


 Performance counter stats for process id '62213':

           334,559 L1-dcache-stores                                            
            12,057 L1-dcache-store-misses                                      

       1.000651427 seconds time elapsed


 Performance counter stats for process id '62213':

           245,386 L1-dcache-stores                                            
             8,623 L1-dcache-store-misses                                      

       1.000647401 seconds time elapsed


 Performance counter stats for process id '62213':

           316,172 L1-dcache-stores                                            
            10,552 L1-dcache-store-misses                                      

       1.000658980 seconds time elapsed


 Performance counter stats for process id '62213':

           365,672 L1-dcache-stores                                            
            39,916 L1-dcache-store-misses                                      

       1.000677151 seconds time elapsed


 Performance counter stats for process id '62213':

           306,257 L1-dcache-stores                                            
            10,813 L1-dcache-store-misses                                      

       1.000642474 seconds time elapsed


 Performance counter stats for process id '62213':

           256,075 L1-dcache-stores                                            
             7,902 L1-dcache-store-misses                                      

       1.000656097 seconds time elapsed


 Performance counter stats for process id '62213':

           314,008 L1-dcache-stores                                            
             9,435 L1-dcache-store-misses                                      

       1.000645192 seconds time elapsed


 Performance counter stats for process id '62213':

           258,455 L1-dcache-stores                                            
             7,306 L1-dcache-store-misses                                      

       1.000648796 seconds time elapsed


 Performance counter stats for process id '62213':

           294,340 L1-dcache-stores                                            
             9,067 L1-dcache-store-misses                                      

       1.000648887 seconds time elapsed


 Performance counter stats for process id '62213':

           297,598 L1-dcache-stores                                            
             9,463 L1-dcache-store-misses                                      

       1.000637735 seconds time elapsed


 Performance counter stats for process id '62213':

           266,211 L1-dcache-stores                                            
             9,319 L1-dcache-store-misses                                      

       1.000670468 seconds time elapsed


 Performance counter stats for process id '62213':

           301,122 L1-dcache-stores                                            
            10,146 L1-dcache-store-misses                                      

       1.000593454 seconds time elapsed


 Performance counter stats for process id '62213':

           268,846 L1-dcache-stores                                            
             7,756 L1-dcache-store-misses                                      

       1.000688172 seconds time elapsed


 Performance counter stats for process id '62213':

           266,962 L1-dcache-stores                                            
             8,266 L1-dcache-store-misses                                      

       1.000638490 seconds time elapsed


 Performance counter stats for process id '62213':

           259,079 L1-dcache-stores                                            
             7,728 L1-dcache-store-misses                                      

       1.000678457 seconds time elapsed


 Performance counter stats for process id '62213':

           372,677 L1-dcache-stores                                            
            10,934 L1-dcache-store-misses                                      

       1.000687642 seconds time elapsed


 Performance counter stats for process id '62213':

           314,442 L1-dcache-stores                                            
             9,292 L1-dcache-store-misses                                      

       1.000707124 seconds time elapsed


 Performance counter stats for process id '62213':

           353,886 L1-dcache-stores                                            
            10,402 L1-dcache-store-misses                                      

       1.000764557 seconds time elapsed


 Performance counter stats for process id '62213':

           434,649 L1-dcache-stores                                            
            41,674 L1-dcache-store-misses                                      

       1.000628428 seconds time elapsed


 Performance counter stats for process id '62213':

           367,568 L1-dcache-stores                                            
            11,498 L1-dcache-store-misses                                      

       1.000688730 seconds time elapsed


 Performance counter stats for process id '62213':

           299,063 L1-dcache-stores                                            
             8,463 L1-dcache-store-misses                                      

       1.000645169 seconds time elapsed


 Performance counter stats for process id '62213':

           362,987 L1-dcache-stores                                            
            10,832 L1-dcache-store-misses                                      

       1.000688428 seconds time elapsed


 Performance counter stats for process id '62213':

           313,393 L1-dcache-stores                                            
             9,340 L1-dcache-store-misses                                      

       1.000632209 seconds time elapsed


 Performance counter stats for process id '62213':

           314,193 L1-dcache-stores                                            
             9,637 L1-dcache-store-misses                                      

       1.000627163 seconds time elapsed


 Performance counter stats for process id '62213':

           369,028 L1-dcache-stores                                            
            13,911 L1-dcache-store-misses                                      

       1.000655813 seconds time elapsed


 Performance counter stats for process id '62213':

           294,825 L1-dcache-stores                                            
             9,118 L1-dcache-store-misses                                      

       1.000666746 seconds time elapsed


 Performance counter stats for process id '62213':

           276,825 L1-dcache-stores                                            
             7,823 L1-dcache-store-misses                                      

       1.000704527 seconds time elapsed


 Performance counter stats for process id '62213':

           334,433 L1-dcache-stores                                            
             9,879 L1-dcache-store-misses                                      

       1.000619249 seconds time elapsed


 Performance counter stats for process id '62213':

           259,791 L1-dcache-stores                                            
             7,542 L1-dcache-store-misses                                      

       1.000662883 seconds time elapsed


 Performance counter stats for process id '62213':

           313,075 L1-dcache-stores                                            
             9,472 L1-dcache-store-misses                                      

       1.000657365 seconds time elapsed


 Performance counter stats for process id '62213':

           253,068 L1-dcache-stores                                            
             7,718 L1-dcache-store-misses                                      

       1.000665323 seconds time elapsed


 Performance counter stats for process id '62213':

           324,507 L1-dcache-stores                                            
            10,743 L1-dcache-store-misses                                      

       1.000573255 seconds time elapsed


 Performance counter stats for process id '62213':

           267,044 L1-dcache-stores                                            
             8,794 L1-dcache-store-misses                                      

       1.000649560 seconds time elapsed


 Performance counter stats for process id '62213':

           357,480 L1-dcache-stores                                            
            40,753 L1-dcache-store-misses                                      

       1.000689157 seconds time elapsed


 Performance counter stats for process id '62213':

           298,441 L1-dcache-stores                                            
            10,008 L1-dcache-store-misses                                      

       1.000699950 seconds time elapsed


 Performance counter stats for process id '62213':

           267,787 L1-dcache-stores                                            
             7,934 L1-dcache-store-misses                                      

       1.000674665 seconds time elapsed


 Performance counter stats for process id '62213':

           305,370 L1-dcache-stores                                            
             9,446 L1-dcache-store-misses                                      

       1.000691364 seconds time elapsed


 Performance counter stats for process id '62213':

           270,293 L1-dcache-stores                                            
             8,207 L1-dcache-store-misses                                      

       1.000660035 seconds time elapsed


 Performance counter stats for process id '62213':

           286,028 L1-dcache-stores                                            
             8,623 L1-dcache-store-misses                                      

       1.000633675 seconds time elapsed


 Performance counter stats for process id '62213':

           258,233 L1-dcache-stores                                            
             7,374 L1-dcache-store-misses                                      

       1.000679868 seconds time elapsed


 Performance counter stats for process id '62213':

           309,056 L1-dcache-stores                                            
             9,194 L1-dcache-store-misses                                      

       1.000665537 seconds time elapsed


 Performance counter stats for process id '62213':

           259,732 L1-dcache-stores                                            
             7,634 L1-dcache-store-misses                                      

       1.000631729 seconds time elapsed


 Performance counter stats for process id '62213':

           271,753 L1-dcache-stores                                            
            10,375 L1-dcache-store-misses                                      

       1.000660345 seconds time elapsed


 Performance counter stats for process id '62213':

           288,704 L1-dcache-stores                                            
             8,284 L1-dcache-store-misses                                      

       1.000662817 seconds time elapsed


 Performance counter stats for process id '62213':

           264,192 L1-dcache-stores                                            
             7,475 L1-dcache-store-misses                                      

       1.000700902 seconds time elapsed


 Performance counter stats for process id '62213':

           312,936 L1-dcache-stores                                            
             9,704 L1-dcache-store-misses                                      

       1.000615660 seconds time elapsed


 Performance counter stats for process id '62213':

           278,442 L1-dcache-stores                                            
             8,665 L1-dcache-store-misses                                      

       1.000572459 seconds time elapsed


 Performance counter stats for process id '62213':

           310,353 L1-dcache-stores                                            
             9,243 L1-dcache-store-misses                                      

       1.000594825 seconds time elapsed


 Performance counter stats for process id '62213':

           380,809 L1-dcache-stores                                            
            41,112 L1-dcache-store-misses                                      

       1.000606457 seconds time elapsed


 Performance counter stats for process id '62213':

           241,432 L1-dcache-stores                                            
             6,906 L1-dcache-store-misses                                      

       1.000683137 seconds time elapsed


 Performance counter stats for process id '62213':

           309,455 L1-dcache-stores                                            
             9,115 L1-dcache-store-misses                                      

       1.000651837 seconds time elapsed


 Performance counter stats for process id '62213':

           281,345 L1-dcache-stores                                            
             7,967 L1-dcache-store-misses                                      

       1.000730547 seconds time elapsed


 Performance counter stats for process id '62213':

           306,270 L1-dcache-stores                                            
             9,391 L1-dcache-store-misses                                      

       1.000646051 seconds time elapsed


 Performance counter stats for process id '62213':

           253,207 L1-dcache-stores                                            
             7,903 L1-dcache-store-misses                                      

       1.000719403 seconds time elapsed


 Performance counter stats for process id '62213':

           315,784 L1-dcache-stores                                            
             9,098 L1-dcache-store-misses                                      

       1.000579829 seconds time elapsed


 Performance counter stats for process id '62213':

           265,418 L1-dcache-stores                                            
             7,973 L1-dcache-store-misses                                      

       1.000661033 seconds time elapsed


 Performance counter stats for process id '62213':

           312,906 L1-dcache-stores                                            
             9,534 L1-dcache-store-misses                                      

       1.000676687 seconds time elapsed


 Performance counter stats for process id '62213':

           264,900 L1-dcache-stores                                            
             7,758 L1-dcache-store-misses                                      

       1.000621059 seconds time elapsed


 Performance counter stats for process id '62213':

           279,938 L1-dcache-stores                                            
             8,325 L1-dcache-store-misses                                      

       1.000646584 seconds time elapsed


 Performance counter stats for process id '62213':

           287,033 L1-dcache-stores                                            
             8,292 L1-dcache-store-misses                                      

       1.000660357 seconds time elapsed


 Performance counter stats for process id '62213':

           341,120 L1-dcache-stores                                            
            10,681 L1-dcache-store-misses                                      

       1.000655871 seconds time elapsed


 Performance counter stats for process id '62213':

           298,604 L1-dcache-stores                                            
             9,165 L1-dcache-store-misses                                      

       1.000572577 seconds time elapsed


 Performance counter stats for process id '62213':

           426,407 L1-dcache-stores                                            
            42,165 L1-dcache-store-misses                                      

       1.000637992 seconds time elapsed


 Performance counter stats for process id '62213':

           281,461 L1-dcache-stores                                            
            10,479 L1-dcache-store-misses                                      

       1.000705906 seconds time elapsed


 Performance counter stats for process id '62213':

           246,370 L1-dcache-stores                                            
             7,391 L1-dcache-store-misses                                      

       1.000605955 seconds time elapsed


 Performance counter stats for process id '62213':

           282,041 L1-dcache-stores                                            
             8,421 L1-dcache-store-misses                                      

       1.000691256 seconds time elapsed


 Performance counter stats for process id '62213':

           243,790 L1-dcache-stores                                            
             7,203 L1-dcache-store-misses                                      

       1.000657118 seconds time elapsed


 Performance counter stats for process id '62213':

           283,722 L1-dcache-stores                                            
             8,464 L1-dcache-store-misses                                      

       1.000920140 seconds time elapsed


 Performance counter stats for process id '62213':

           237,113 L1-dcache-stores                                            
             7,209 L1-dcache-store-misses                                      

       1.000777261 seconds time elapsed


 Performance counter stats for process id '62213':

           244,485 L1-dcache-stores                                            
             7,715 L1-dcache-store-misses                                      

       1.000723332 seconds time elapsed


 Performance counter stats for process id '62213':

           276,157 L1-dcache-stores                                            
             8,182 L1-dcache-store-misses                                      

       1.000745109 seconds time elapsed


 Performance counter stats for process id '62213':

           273,979 L1-dcache-stores                                            
             7,986 L1-dcache-store-misses                                      

       1.000833747 seconds time elapsed


 Performance counter stats for process id '62213':

           283,476 L1-dcache-stores                                            
             8,497 L1-dcache-store-misses                                      

       1.000654595 seconds time elapsed


 Performance counter stats for process id '62213':

           243,106 L1-dcache-stores                                            
             7,182 L1-dcache-store-misses                                      

       1.000667418 seconds time elapsed


 Performance counter stats for process id '62213':

           277,209 L1-dcache-stores                                            
             8,166 L1-dcache-store-misses                                      

       1.000592981 seconds time elapsed


 Performance counter stats for process id '62213':

           247,109 L1-dcache-stores                                            
             7,564 L1-dcache-store-misses                                      

       1.000838548 seconds time elapsed


 Performance counter stats for process id '62213':

           278,356 L1-dcache-stores                                            
             8,293 L1-dcache-store-misses                                      

       1.000703957 seconds time elapsed


 Performance counter stats for process id '62213':

           419,049 L1-dcache-stores                                            
            41,791 L1-dcache-store-misses                                      

       1.000719764 seconds time elapsed


 Performance counter stats for process id '62213':

           266,874 L1-dcache-stores                                            
             7,757 L1-dcache-store-misses                                      

       1.000672746 seconds time elapsed


 Performance counter stats for process id '62213':

           302,421 L1-dcache-stores                                            
             9,021 L1-dcache-store-misses                                      

       1.000575358 seconds time elapsed


 Performance counter stats for process id '62213':

           251,329 L1-dcache-stores                                            
             7,914 L1-dcache-store-misses                                      

       1.000671701 seconds time elapsed


 Performance counter stats for process id '62213':

           302,636 L1-dcache-stores                                            
             8,906 L1-dcache-store-misses                                      

       1.000741790 seconds time elapsed


 Performance counter stats for process id '62213':

           222,900 L1-dcache-stores                                            
             6,393 L1-dcache-store-misses                                      

       1.000652429 seconds time elapsed


 Performance counter stats for process id '62213':

           342,196 L1-dcache-stores                                            
            12,294 L1-dcache-store-misses                                      

       1.000747682 seconds time elapsed


 Performance counter stats for process id '62213':

           268,489 L1-dcache-stores                                            
             8,086 L1-dcache-store-misses                                      

       1.000712969 seconds time elapsed


 Performance counter stats for process id '62213':

           235,472 L1-dcache-stores                                            
             7,384 L1-dcache-store-misses                                      

       1.000742816 seconds time elapsed


 Performance counter stats for process id '62213':

           318,617 L1-dcache-stores                                            
             9,595 L1-dcache-store-misses                                      

       1.000975304 seconds time elapsed


 Performance counter stats for process id '62213':

           246,689 L1-dcache-stores                                            
             7,301 L1-dcache-store-misses                                      

       1.000658549 seconds time elapsed


 Performance counter stats for process id '62213':

           290,907 L1-dcache-stores                                            
            10,567 L1-dcache-store-misses                                      

       1.000699946 seconds time elapsed


 Performance counter stats for process id '62213':

           251,297 L1-dcache-stores                                            
             7,235 L1-dcache-store-misses                                      

       1.000641506 seconds time elapsed


 Performance counter stats for process id '62213':

           267,847 L1-dcache-stores                                            
            13,291 L1-dcache-store-misses                                      

       1.000700919 seconds time elapsed


 Performance counter stats for process id '62213':

           359,922 L1-dcache-stores                                            
            39,242 L1-dcache-store-misses                                      

       1.001016561 seconds time elapsed


 Performance counter stats for process id '62213':

           276,780 L1-dcache-stores                                            
             8,481 L1-dcache-store-misses                                      

       1.000575210 seconds time elapsed


 Performance counter stats for process id '62213':

           248,088 L1-dcache-stores                                            
             7,293 L1-dcache-store-misses                                      

       1.000725657 seconds time elapsed


 Performance counter stats for process id '62213':

           295,592 L1-dcache-stores                                            
            11,566 L1-dcache-store-misses                                      

       1.000923457 seconds time elapsed


 Performance counter stats for process id '62213':

           231,641 L1-dcache-stores                                            
             7,760 L1-dcache-store-misses                                      

       1.000690716 seconds time elapsed


 Performance counter stats for process id '62213':

           288,886 L1-dcache-stores                                            
             8,364 L1-dcache-store-misses                                      

       1.000643039 seconds time elapsed


 Performance counter stats for process id '62213':

           255,751 L1-dcache-stores                                            
             8,104 L1-dcache-store-misses                                      

       1.000750658 seconds time elapsed


 Performance counter stats for process id '62213':

           306,092 L1-dcache-stores                                            
             9,101 L1-dcache-store-misses                                      

       1.000556612 seconds time elapsed


 Performance counter stats for process id '62213':

           226,881 L1-dcache-stores                                            
             6,528 L1-dcache-store-misses                                      

       1.000572982 seconds time elapsed


 Performance counter stats for process id '62213':

           298,848 L1-dcache-stores                                            
             8,855 L1-dcache-store-misses                                      

       1.000672798 seconds time elapsed


 Performance counter stats for process id '62213':

           224,412 L1-dcache-stores                                            
             7,076 L1-dcache-store-misses                                      

       1.000990800 seconds time elapsed


 Performance counter stats for process id '62213':

           279,051 L1-dcache-stores                                            
             8,435 L1-dcache-store-misses                                      

       1.000634882 seconds time elapsed


 Performance counter stats for process id '62213':

           235,846 L1-dcache-stores                                            
             6,746 L1-dcache-store-misses                                      

       1.000744920 seconds time elapsed


 Performance counter stats for process id '62213':

           278,672 L1-dcache-stores                                            
             8,143 L1-dcache-store-misses                                      

       1.000565146 seconds time elapsed


 Performance counter stats for process id '62213':

           274,435 L1-dcache-stores                                            
            10,141 L1-dcache-store-misses                                      

       1.000744069 seconds time elapsed


 Performance counter stats for process id '62213':

           393,465 L1-dcache-stores                                            
            40,796 L1-dcache-store-misses                                      

       1.000635179 seconds time elapsed


 Performance counter stats for process id '62213':

           243,207 L1-dcache-stores                                            
             7,626 L1-dcache-store-misses                                      

       1.000683399 seconds time elapsed


 Performance counter stats for process id '62213':

           275,622 L1-dcache-stores                                            
             7,601 L1-dcache-store-misses                                      

       1.000672228 seconds time elapsed


 Performance counter stats for process id '62213':

           275,947 L1-dcache-stores                                            
             7,809 L1-dcache-store-misses                                      

       1.000595641 seconds time elapsed


 Performance counter stats for process id '62213':

           257,057 L1-dcache-stores                                            
             7,110 L1-dcache-store-misses                                      

       1.000748023 seconds time elapsed


 Performance counter stats for process id '62213':

           285,281 L1-dcache-stores                                            
             8,083 L1-dcache-store-misses                                      

       1.000871246 seconds time elapsed


 Performance counter stats for process id '62213':

           225,272 L1-dcache-stores                                            
             7,602 L1-dcache-store-misses                                      

       1.000776538 seconds time elapsed


 Performance counter stats for process id '62213':

           296,270 L1-dcache-stores                                            
             9,528 L1-dcache-store-misses                                      

       1.000630269 seconds time elapsed


 Performance counter stats for process id '62213':

           266,448 L1-dcache-stores                                            
             7,568 L1-dcache-store-misses                                      

       1.000882882 seconds time elapsed


 Performance counter stats for process id '62213':

           270,128 L1-dcache-stores                                            
             8,415 L1-dcache-store-misses                                      

       1.000798316 seconds time elapsed


 Performance counter stats for process id '62213':

           286,517 L1-dcache-stores                                            
             9,433 L1-dcache-store-misses                                      

       1.000664039 seconds time elapsed


 Performance counter stats for process id '62213':

           236,729 L1-dcache-stores                                            
             6,756 L1-dcache-store-misses                                      

       1.000696758 seconds time elapsed


 Performance counter stats for process id '62213':

           301,518 L1-dcache-stores                                            
             9,150 L1-dcache-store-misses                                      

       1.000669889 seconds time elapsed


 Performance counter stats for process id '62213':

           237,658 L1-dcache-stores                                            
             7,099 L1-dcache-store-misses                                      

       1.000688840 seconds time elapsed


 Performance counter stats for process id '62213':

           295,449 L1-dcache-stores                                            
             8,597 L1-dcache-store-misses                                      

       1.000636446 seconds time elapsed


 Performance counter stats for process id '62213':

           355,809 L1-dcache-stores                                            
            40,390 L1-dcache-store-misses                                      

       1.000860034 seconds time elapsed


 Performance counter stats for process id '62213':

           290,391 L1-dcache-stores                                            
             9,705 L1-dcache-store-misses                                      

       1.000752158 seconds time elapsed


 Performance counter stats for process id '62213':

           247,203 L1-dcache-stores                                            
             7,455 L1-dcache-store-misses                                      

       1.000643731 seconds time elapsed


 Performance counter stats for process id '62213':

           234,505 L1-dcache-stores                                            
             6,548 L1-dcache-store-misses                                      

       1.000845198 seconds time elapsed


 Performance counter stats for process id '62213':

           294,685 L1-dcache-stores                                            
             8,820 L1-dcache-store-misses                                      

       1.000695246 seconds time elapsed


 Performance counter stats for process id '62213':

           232,733 L1-dcache-stores                                            
             6,885 L1-dcache-store-misses                                      

       1.000817164 seconds time elapsed


 Performance counter stats for process id '62213':

           311,211 L1-dcache-stores                                            
             9,251 L1-dcache-store-misses                                      

       1.000857345 seconds time elapsed


 Performance counter stats for process id '62213':

           236,620 L1-dcache-stores                                            
             6,649 L1-dcache-store-misses                                      

       1.000681582 seconds time elapsed


 Performance counter stats for process id '62213':

           233,069 L1-dcache-stores                                            
             6,800 L1-dcache-store-misses                                      

       1.000751196 seconds time elapsed


 Performance counter stats for process id '62213':

           283,973 L1-dcache-stores                                            
             9,013 L1-dcache-store-misses                                      

       1.000688819 seconds time elapsed


 Performance counter stats for process id '62213':

           261,866 L1-dcache-stores                                            
             7,121 L1-dcache-store-misses                                      

       1.000802655 seconds time elapsed


 Performance counter stats for process id '62213':

           267,560 L1-dcache-stores                                            
             9,849 L1-dcache-store-misses                                      

       1.000941471 seconds time elapsed


 Performance counter stats for process id '62213':

           228,414 L1-dcache-stores                                            
             6,488 L1-dcache-store-misses                                      

       1.000653312 seconds time elapsed


 Performance counter stats for process id '62213':

           308,293 L1-dcache-stores                                            
             8,592 L1-dcache-store-misses                                      

       1.000662423 seconds time elapsed


 Performance counter stats for process id '62213':

           335,292 L1-dcache-stores                                            
            38,722 L1-dcache-store-misses                                      

       1.000662821 seconds time elapsed


 Performance counter stats for process id '62213':

           319,389 L1-dcache-stores                                            
            10,692 L1-dcache-store-misses                                      

       1.000757428 seconds time elapsed


 Performance counter stats for process id '62213':

           226,231 L1-dcache-stores                                            
             6,473 L1-dcache-store-misses                                      

       1.000630072 seconds time elapsed


 Performance counter stats for process id '62213':

           316,905 L1-dcache-stores                                            
             9,074 L1-dcache-store-misses                                      

       1.000645227 seconds time elapsed


 Performance counter stats for process id '62213':

           241,031 L1-dcache-stores                                            
             7,704 L1-dcache-store-misses                                      

       1.000600785 seconds time elapsed


 Performance counter stats for process id '62213':

           279,919 L1-dcache-stores                                            
             8,104 L1-dcache-store-misses                                      

       1.000655462 seconds time elapsed


 Performance counter stats for process id '62213':

           286,493 L1-dcache-stores                                            
            10,664 L1-dcache-store-misses                                      

       1.000644429 seconds time elapsed


 Performance counter stats for process id '62213':

           279,159 L1-dcache-stores                                            
             8,917 L1-dcache-store-misses                                      

       1.000724075 seconds time elapsed


 Performance counter stats for process id '62213':

           229,595 L1-dcache-stores                                            
             6,635 L1-dcache-store-misses                                      

       1.000844235 seconds time elapsed


 Performance counter stats for process id '62213':

           241,909 L1-dcache-stores                                            
             7,091 L1-dcache-store-misses                                      

       1.000602876 seconds time elapsed


 Performance counter stats for process id '62213':

           282,485 L1-dcache-stores                                            
             8,117 L1-dcache-store-misses                                      

       1.000559464 seconds time elapsed


 Performance counter stats for process id '62213':

           254,795 L1-dcache-stores                                            
             7,406 L1-dcache-store-misses                                      

       1.000651330 seconds time elapsed


 Performance counter stats for process id '62213':

           293,249 L1-dcache-stores                                            
            11,292 L1-dcache-store-misses                                      

       1.000751141 seconds time elapsed


 Performance counter stats for process id '62213':

           256,824 L1-dcache-stores                                            
             7,679 L1-dcache-store-misses                                      

       1.000684226 seconds time elapsed


 Performance counter stats for process id '62213':

           285,870 L1-dcache-stores                                            
             8,951 L1-dcache-store-misses                                      

       1.000793373 seconds time elapsed


 Performance counter stats for process id '62213':

           348,646 L1-dcache-stores                                            
            41,047 L1-dcache-store-misses                                      

       1.000746550 seconds time elapsed


 Performance counter stats for process id '62213':

           267,117 L1-dcache-stores                                            
             8,186 L1-dcache-store-misses                                      

       1.000640575 seconds time elapsed


 Performance counter stats for process id '62213':

           249,991 L1-dcache-stores                                            
             8,145 L1-dcache-store-misses                                      

       1.000723367 seconds time elapsed


 Performance counter stats for process id '62213':

           271,235 L1-dcache-stores                                            
             8,592 L1-dcache-store-misses                                      

       1.000813184 seconds time elapsed


 Performance counter stats for process id '62213':

           255,957 L1-dcache-stores                                            
             7,872 L1-dcache-store-misses                                      

       1.000876341 seconds time elapsed


 Performance counter stats for process id '62213':

           387,881 L1-dcache-stores                                            
            44,421 L1-dcache-store-misses                                      

       1.000787063 seconds time elapsed


 Performance counter stats for process id '62213':

           236,300 L1-dcache-stores                                            
             6,553 L1-dcache-store-misses                                      

       1.000790984 seconds time elapsed


 Performance counter stats for process id '62213':

           314,236 L1-dcache-stores                                            
            11,612 L1-dcache-store-misses                                      

       1.000692262 seconds time elapsed


 Performance counter stats for process id '62213':

           236,971 L1-dcache-stores                                            
             7,210 L1-dcache-store-misses                                      

       1.000672327 seconds time elapsed


 Performance counter stats for process id '62213':

           303,155 L1-dcache-stores                                            
             8,968 L1-dcache-store-misses                                      

       1.000744876 seconds time elapsed


 Performance counter stats for process id '62213':

           250,461 L1-dcache-stores                                            
             7,423 L1-dcache-store-misses                                      

       1.000637329 seconds time elapsed


 Performance counter stats for process id '62213':

           272,586 L1-dcache-stores                                            
             7,896 L1-dcache-store-misses                                      

       1.000759243 seconds time elapsed


 Performance counter stats for process id '62213':

           230,933 L1-dcache-stores                                            
             7,166 L1-dcache-store-misses                                      

       1.000695597 seconds time elapsed


 Performance counter stats for process id '62213':

           325,062 L1-dcache-stores                                            
            10,296 L1-dcache-store-misses                                      

       1.000715387 seconds time elapsed


 Performance counter stats for process id '62213':

           232,005 L1-dcache-stores                                            
             6,767 L1-dcache-store-misses                                      

       1.000676493 seconds time elapsed


 Performance counter stats for process id '62213':

           393,666 L1-dcache-stores                                            
            43,241 L1-dcache-store-misses                                      

       1.000817196 seconds time elapsed


 Performance counter stats for process id '62213':

           258,289 L1-dcache-stores                                            
             7,555 L1-dcache-store-misses                                      

       1.000681735 seconds time elapsed


 Performance counter stats for process id '62213':

           275,164 L1-dcache-stores                                            
             9,266 L1-dcache-store-misses                                      

       1.000680362 seconds time elapsed


 Performance counter stats for process id '62213':

           248,033 L1-dcache-stores                                            
             7,934 L1-dcache-store-misses                                      

       1.000705746 seconds time elapsed


 Performance counter stats for process id '62213':

           307,599 L1-dcache-stores                                            
             9,420 L1-dcache-store-misses                                      

       1.000665722 seconds time elapsed


 Performance counter stats for process id '62213':

           244,092 L1-dcache-stores                                            
             7,071 L1-dcache-store-misses                                      

       1.000645743 seconds time elapsed


 Performance counter stats for process id '62213':

           316,295 L1-dcache-stores                                            
             9,583 L1-dcache-store-misses                                      

       1.000741303 seconds time elapsed


 Performance counter stats for process id '62213':

           235,706 L1-dcache-stores                                            
             6,723 L1-dcache-store-misses                                      

       1.000641821 seconds time elapsed


 Performance counter stats for process id '62213':

           368,015 L1-dcache-stores                                            
            10,627 L1-dcache-store-misses                                      

       1.000857341 seconds time elapsed


 Performance counter stats for process id '62213':

           213,951 L1-dcache-stores                                            
             7,064 L1-dcache-store-misses                                      

       1.000627606 seconds time elapsed


 Performance counter stats for process id '62213':

           321,884 L1-dcache-stores                                            
             9,217 L1-dcache-store-misses                                      

       1.000689903 seconds time elapsed


 Performance counter stats for process id '62213':

           251,418 L1-dcache-stores                                            
             7,297 L1-dcache-store-misses                                      

       1.000660724 seconds time elapsed


 Performance counter stats for process id '62213':

           284,432 L1-dcache-stores                                            
             8,602 L1-dcache-store-misses                                      

       1.000626506 seconds time elapsed


 Performance counter stats for process id '62213':

           259,943 L1-dcache-stores                                            
             7,706 L1-dcache-store-misses                                      

       1.000740631 seconds time elapsed


 Performance counter stats for process id '62213':

           354,467 L1-dcache-stores                                            
            39,770 L1-dcache-store-misses                                      

       1.000797218 seconds time elapsed


 Performance counter stats for process id '62213':

           275,326 L1-dcache-stores                                            
             9,940 L1-dcache-store-misses                                      

       1.000644106 seconds time elapsed


 Performance counter stats for process id '62213':

           206,336 L1-dcache-stores                                            
             8,470 L1-dcache-store-misses                                      

       1.000954388 seconds time elapsed


 Performance counter stats for process id '62213':

           309,204 L1-dcache-stores                                            
             9,125 L1-dcache-store-misses                                      

       1.000912039 seconds time elapsed


 Performance counter stats for process id '62213':

           240,488 L1-dcache-stores                                            
             6,725 L1-dcache-store-misses                                      

       1.000636718 seconds time elapsed


 Performance counter stats for process id '62213':

           258,347 L1-dcache-stores                                            
             9,070 L1-dcache-store-misses                                      

       1.000758395 seconds time elapsed


 Performance counter stats for process id '62213':

           283,767 L1-dcache-stores                                            
             8,263 L1-dcache-store-misses                                      

       1.000672832 seconds time elapsed


 Performance counter stats for process id '62213':

           234,638 L1-dcache-stores                                            
             7,883 L1-dcache-store-misses                                      

       1.000690514 seconds time elapsed


 Performance counter stats for process id '62213':

           288,869 L1-dcache-stores                                            
             8,493 L1-dcache-store-misses                                      

       1.000763827 seconds time elapsed


 Performance counter stats for process id '62213':

           236,921 L1-dcache-stores                                            
             6,864 L1-dcache-store-misses                                      

       1.000609965 seconds time elapsed


 Performance counter stats for process id '62213':

           285,342 L1-dcache-stores                                            
             8,772 L1-dcache-store-misses                                      

       1.000802163 seconds time elapsed


 Performance counter stats for process id '62213':

           263,476 L1-dcache-stores                                            
             8,387 L1-dcache-store-misses                                      

       1.000859771 seconds time elapsed


 Performance counter stats for process id '62213':

           264,909 L1-dcache-stores                                            
             8,665 L1-dcache-store-misses                                      

       1.000689193 seconds time elapsed


 Performance counter stats for process id '62213':

           245,326 L1-dcache-stores                                            
             8,655 L1-dcache-store-misses                                      

       1.000865431 seconds time elapsed


 Performance counter stats for process id '62213':

           278,809 L1-dcache-stores                                            
             8,466 L1-dcache-store-misses                                      

       1.000715961 seconds time elapsed


 Performance counter stats for process id '62213':

           378,082 L1-dcache-stores                                            
            42,677 L1-dcache-store-misses                                      

       1.000731621 seconds time elapsed


 Performance counter stats for process id '62213':

           310,239 L1-dcache-stores                                            
             9,154 L1-dcache-store-misses                                      

       1.000647998 seconds time elapsed


 Performance counter stats for process id '62213':

           222,895 L1-dcache-stores                                            
             6,307 L1-dcache-store-misses                                      

       1.000648927 seconds time elapsed


 Performance counter stats for process id '62213':

           303,575 L1-dcache-stores                                            
             9,805 L1-dcache-store-misses                                      

       1.000672149 seconds time elapsed


 Performance counter stats for process id '62213':

           227,924 L1-dcache-stores                                            
             6,811 L1-dcache-store-misses                                      

       1.000758094 seconds time elapsed


 Performance counter stats for process id '62213':

           316,984 L1-dcache-stores                                            
             9,791 L1-dcache-store-misses                                      

       1.000631304 seconds time elapsed


 Performance counter stats for process id '62213':

           320,408 L1-dcache-stores                                            
            12,035 L1-dcache-store-misses                                      

       1.000665279 seconds time elapsed


 Performance counter stats for process id '62213':

           271,458 L1-dcache-stores                                            
             9,285 L1-dcache-store-misses                                      

       1.000690511 seconds time elapsed


 Performance counter stats for process id '62213':

           233,708 L1-dcache-stores                                            
             6,962 L1-dcache-store-misses                                      

       1.000660957 seconds time elapsed


 Performance counter stats for process id '62213':

           306,844 L1-dcache-stores                                            
             9,092 L1-dcache-store-misses                                      

       1.000638687 seconds time elapsed


 Performance counter stats for process id '62213':

           248,105 L1-dcache-stores                                            
             7,318 L1-dcache-store-misses                                      

       1.000655100 seconds time elapsed


 Performance counter stats for process id '62213':

        11,325,418 L1-dcache-stores                                            
           531,465 L1-dcache-store-misses                                      

       1.000684161 seconds time elapsed

