135,867
198,009
58,928
847
552
794
587
803
637
786
574
833
715
115,484
725
1,896
655
682
838
973
931
1,120
802
841
1,076
817
1,002
1,131
995
980
1,066
961
1,383
1,180
1,433
1,079
1,146
871
1,008
860
1,110
755
1,623
929
1,071
715
1,205
731
976
807
1,334
788
935
966
1,014
727
716
1,177
873
633
858
706
821
1,124
756
920
647
907
714
1,028
704
1,028
1,209
907
758
988
844
1,021
832
769
768
796
966
586
789
716
1,412
658
557
948
641
884
630
875
1,223
711
544
751
592
604
525
983
565
493
632
514
595
633
512
661
508
643
506
619
600
537
1,144
503
670
523
651
503
648
700
489
638
139,798
122,371
231,870
